2025-02-25 16:15:53.735 [info] [main] Log level: Info
2025-02-25 16:15:53.735 [info] [main] Validating found git in: "git"
2025-02-25 16:15:53.735 [info] [main] Using git "2.48.1" from "git"
2025-02-25 16:15:53.735 [info] [Model][doInitialScan] Initial repository scan started
2025-02-25 16:15:53.735 [info] > git rev-parse --show-toplevel [886ms]
2025-02-25 16:15:53.735 [info] > git rev-parse --git-dir --git-common-dir [78ms]
2025-02-25 16:15:53.735 [info] [Model][openRepository] Opened repository: /home/chisco/development/project/phase-0-html-experiencing-html-lab
2025-02-25 16:15:53.756 [info] > git config --get commit.template [79ms]
2025-02-25 16:15:53.828 [info] > git rev-parse --show-toplevel [107ms]
2025-02-25 16:15:54.003 [info] > git for-each-ref --format=%(refname)%00%(upstream:short)%00%(objectname)%00%(upstream:track)%00%(upstream:remotename)%00%(upstream:remoteref) refs/heads/master refs/remotes/master [90ms]
2025-02-25 16:15:54.021 [info] > git rev-parse --show-toplevel [35ms]
2025-02-25 16:15:54.095 [info] [Model][doInitialScan] Initial repository scan completed - repositories (1), closed repositories (0), parent repositories (0), unsafe repositories (0)
2025-02-25 16:15:54.204 [info] > git status -z -uall [54ms]
2025-02-25 16:15:54.235 [info] > git for-each-ref --sort -committerdate --format %(refname) %(objectname) %(*objectname) [37ms]
2025-02-25 16:15:54.781 [info] > git for-each-ref --format=%(refname)%00%(upstream:short)%00%(objectname)%00%(upstream:track)%00%(upstream:remotename)%00%(upstream:remoteref) refs/heads/master refs/remotes/master [157ms]
2025-02-25 16:15:54.841 [info] > git config --get commit.template [72ms]
2025-02-25 16:15:54.882 [info] > git config --get --local branch.master.vscode-merge-base [54ms]
2025-02-25 16:15:54.956 [info] > git for-each-ref --format=%(refname)%00%(upstream:short)%00%(objectname)%00%(upstream:track)%00%(upstream:remotename)%00%(upstream:remoteref) refs/heads/master refs/remotes/master [78ms]
2025-02-25 16:15:55.062 [info] > git status -z -uall [50ms]
2025-02-25 16:15:55.063 [info] > git for-each-ref --format=%(refname)%00%(upstream:short)%00%(objectname)%00%(upstream:track)%00%(upstream:remotename)%00%(upstream:remoteref) refs/heads/origin/master refs/remotes/origin/master [123ms]
2025-02-25 16:15:55.138 [info] > git for-each-ref --sort -committerdate --format %(refname) %(objectname) %(*objectname) [80ms]
2025-02-25 16:15:55.242 [info] > git merge-base refs/heads/master refs/remotes/origin/master [46ms]
2025-02-25 16:15:55.297 [info] > git merge-base refs/heads/master refs/remotes/origin/master [179ms]
2025-02-25 16:15:55.369 [info] > git diff --name-status -z --diff-filter=ADMR ead63f6f9f033c24127333b94914babe86b63aea...refs/remotes/origin/master [22ms]
2025-02-25 16:15:55.383 [info] > git diff --name-status -z --diff-filter=ADMR ead63f6f9f033c24127333b94914babe86b63aea...refs/remotes/origin/master [88ms]
2025-02-25 16:16:21.246 [info] > git check-ignore -v -z --stdin [48ms]
2025-02-25 16:16:23.573 [info] > git show --textconv :my_list.html [1826ms]
2025-02-25 16:16:23.575 [info] > git ls-files --stage -- /home/chisco/development/project/phase-0-html-experiencing-html-lab/my_list.html [1748ms]
2025-02-25 16:16:23.775 [info] > git cat-file -s e69de29bb2d1d6434b8b29ae775ad8c2e48c5391 [118ms]
2025-02-25 16:16:29.711 [info] > git config --get commit.template [3030ms]
2025-02-25 16:16:33.394 [info] > git blame --root --incremental ead63f6f9f033c24127333b94914babe86b63aea -- /home/chisco/development/project/phase-0-html-experiencing-html-lab/my_list.html [540ms]
2025-02-25 16:16:35.337 [info] > git for-each-ref --format=%(refname)%00%(upstream:short)%00%(objectname)%00%(upstream:track)%00%(upstream:remotename)%00%(upstream:remoteref) refs/heads/master refs/remotes/master [2122ms]
2025-02-25 16:17:15.219 [info] > git status -z -uall [1963ms]
2025-02-25 16:17:15.219 [info] > git check-ignore -v -z --stdin [90ms]
2025-02-25 16:17:15.319 [info] > git for-each-ref --sort -committerdate --format %(refname) %(objectname) %(*objectname) [1969ms]
2025-02-25 16:18:37.013 [info] > git check-ignore -v -z --stdin [8ms]
2025-02-25 16:18:37.027 [info] > git for-each-ref --format=%(refname)%00%(upstream:short)%00%(objectname)%00%(upstream:track)%00%(upstream:remotename)%00%(upstream:remoteref) refs/heads/master refs/remotes/master [56ms]
2025-02-25 16:18:37.041 [info] > git config --get commit.template [98ms]
2025-02-25 16:18:37.106 [info] > git status -z -uall [38ms]
2025-02-25 16:18:37.124 [info] > git for-each-ref --sort -committerdate --format %(refname) %(objectname) %(*objectname) [26ms]
2025-02-25 16:18:42.306 [info] > git config --get commit.template [27ms]
2025-02-25 16:18:42.309 [info] > git for-each-ref --format=%(refname)%00%(upstream:short)%00%(objectname)%00%(upstream:track)%00%(upstream:remotename)%00%(upstream:remoteref) refs/heads/master refs/remotes/master [12ms]
2025-02-25 16:18:42.412 [info] > git status -z -uall [63ms]
2025-02-25 16:18:42.424 [info] > git for-each-ref --sort -committerdate --format %(refname) %(objectname) %(*objectname) [23ms]
2025-02-25 16:35:14.647 [info] > git config --get commit.template [48ms]
2025-02-25 16:35:14.659 [info] > git for-each-ref --format=%(refname)%00%(upstream:short)%00%(objectname)%00%(upstream:track)%00%(upstream:remotename)%00%(upstream:remoteref) refs/heads/master refs/remotes/master [35ms]
2025-02-25 16:35:14.725 [info] > git status -z -uall [42ms]
2025-02-25 16:35:14.747 [info] > git for-each-ref --sort -committerdate --format %(refname) %(objectname) %(*objectname) [26ms]
2025-02-25 16:39:28.713 [info] > git config --get commit.template [16ms]
2025-02-25 16:39:28.724 [info] > git for-each-ref --format=%(refname)%00%(upstream:short)%00%(objectname)%00%(upstream:track)%00%(upstream:remotename)%00%(upstream:remoteref) refs/heads/master refs/remotes/master [23ms]
2025-02-25 16:39:28.761 [info] > git status -z -uall [24ms]
2025-02-25 16:39:28.776 [info] > git for-each-ref --sort -committerdate --format %(refname) %(objectname) %(*objectname) [29ms]
2025-02-25 16:40:38.482 [info] > git config --get commit.template [14ms]
2025-02-25 16:40:38.483 [info] > git for-each-ref --format=%(refname)%00%(upstream:short)%00%(objectname)%00%(upstream:track)%00%(upstream:remotename)%00%(upstream:remoteref) refs/heads/master refs/remotes/master [3ms]
2025-02-25 16:40:38.515 [info] > git status -z -uall [18ms]
2025-02-25 16:40:38.522 [info] > git for-each-ref --sort -committerdate --format %(refname) %(objectname) %(*objectname) [5ms]
2025-02-25 16:41:58.073 [info] > git show --textconv :my_list.html [16ms]
2025-02-25 16:41:58.080 [info] > git ls-files --stage -- /home/chisco/development/project/phase-0-html-experiencing-html-lab/my_list.html [7ms]
2025-02-25 16:41:58.100 [info] > git cat-file -s e69de29bb2d1d6434b8b29ae775ad8c2e48c5391 [5ms]
2025-02-25 16:47:32.603 [info] > git config --get commit.template [7ms]
2025-02-25 16:47:32.614 [info] > git for-each-ref --format=%(refname)%00%(upstream:short)%00%(objectname)%00%(upstream:track)%00%(upstream:remotename)%00%(upstream:remoteref) refs/heads/master refs/remotes/master [4ms]
2025-02-25 16:47:32.629 [info] > git status -z -uall [9ms]
2025-02-25 16:47:32.635 [info] > git for-each-ref --sort -committerdate --format %(refname) %(objectname) %(*objectname) [9ms]
