2025-02-22 20:09:40.096 [info] [main] Log level: Info
2025-02-22 20:09:40.096 [info] [main] Validating found git in: "git"
2025-02-22 20:09:40.096 [info] [main] Using git "2.48.1" from "git"
2025-02-22 20:09:40.096 [info] [Model][doInitialScan] Initial repository scan started
2025-02-22 20:09:40.096 [info] > git rev-parse --show-toplevel [7744ms]
2025-02-22 20:09:40.097 [info] > git rev-parse --git-dir --git-common-dir [90ms]
2025-02-22 20:09:40.097 [info] [Model][openRepository] Opened repository: /home/chisco
2025-02-22 20:09:40.723 [info] > git config --get commit.template [569ms]
2025-02-22 20:09:42.890 [info] > git for-each-ref --format=%(refname)%00%(upstream:short)%00%(objectname)%00%(upstream:track)%00%(upstream:remotename)%00%(upstream:remoteref) refs/heads/main refs/remotes/main [1935ms]
2025-02-22 20:09:43.041 [info] > git check-ignore -v -z --stdin [62ms]
2025-02-22 20:09:43.053 [info] > git for-each-ref --sort -committerdate --format %(refname) %(objectname) %(*objectname) [121ms]
2025-02-22 20:09:43.357 [info] > git rev-parse --show-toplevel [283ms]
2025-02-22 20:09:43.400 [info] > git rev-parse --show-toplevel [20ms]
2025-02-22 20:09:44.596 [info] > git status -z -uall [1685ms]
2025-02-22 20:09:44.598 [info] > git rev-parse --show-toplevel [1175ms]
2025-02-22 20:09:49.394 [info] > git for-each-ref --format=%(refname)%00%(upstream:short)%00%(objectname)%00%(upstream:track)%00%(upstream:remotename)%00%(upstream:remoteref) refs/heads/main refs/remotes/main [4295ms]
2025-02-22 20:09:56.449 [info] > git config --get --local branch.main.vscode-merge-base [7029ms]
2025-02-22 20:09:56.449 [warning] [Git][config] git config failed: Failed to execute git
2025-02-22 20:09:56.497 [info] > git config --get commit.template [7148ms]
2025-02-22 20:09:56.497 [info] > git rev-parse --show-toplevel [7164ms]
2025-02-22 20:09:56.662 [info] > git reflog main --grep-reflog=branch: Created from *. [168ms]
2025-02-22 20:09:56.763 [info] > git rev-parse --show-toplevel [221ms]
2025-02-22 20:09:56.952 [info] > git for-each-ref --format=%(refname)%00%(upstream:short)%00%(objectname)%00%(upstream:track)%00%(upstream:remotename)%00%(upstream:remoteref) refs/heads/main refs/remotes/main [208ms]
2025-02-22 20:09:57.029 [info] > git symbolic-ref --short refs/remotes/origin/HEAD [333ms]
2025-02-22 20:09:57.029 [info] fatal: ref refs/remotes/origin/HEAD is not a symbolic ref
2025-02-22 20:09:57.029 [warning] [Repository][getDefaultBranch] Failed to get default branch details: Failed to execute git.
2025-02-22 20:09:57.048 [info] > git rev-parse --show-toplevel [213ms]
2025-02-22 20:09:57.201 [info] > git for-each-ref --sort -committerdate --format %(refname) %(objectname) %(*objectname) [175ms]
2025-02-22 20:09:57.228 [info] > git rev-parse --git-dir --git-common-dir [133ms]
2025-02-22 20:09:57.331 [info] [Model][openRepository] Opened repository: /home/chisco/.nvm
2025-02-22 20:09:57.559 [info] > git rev-parse --show-toplevel [60ms]
2025-02-22 20:09:57.560 [info] > git config --get commit.template [93ms]
2025-02-22 20:09:57.632 [info] > git rev-parse --git-dir --git-common-dir [34ms]
2025-02-22 20:09:57.681 [info] [Model][openRepository] Opened repository: /home/chisco/.pyenv
2025-02-22 20:09:57.813 [info] > git for-each-ref --format %(refname) %(objectname) %(*objectname) refs/tags [185ms]
2025-02-22 20:09:57.882 [info] > git rev-parse --show-toplevel [72ms]
2025-02-22 20:09:57.883 [info] > git config --get commit.template [144ms]
2025-02-22 20:09:58.040 [info] > git for-each-ref --sort -committerdate --format %(refname) %(objectname) %(*objectname) [174ms]
2025-02-22 20:09:58.053 [info] > git rev-parse --show-toplevel [101ms]
2025-02-22 20:09:58.109 [info] > git rev-parse --show-toplevel [16ms]
2025-02-22 20:09:58.141 [info] > git for-each-ref --format=%(refname)%00%(upstream:short)%00%(objectname)%00%(upstream:track)%00%(upstream:remotename)%00%(upstream:remoteref) refs/heads/master refs/remotes/master [105ms]
2025-02-22 20:09:58.155 [info] > git rev-parse --show-toplevel [20ms]
2025-02-22 20:09:58.205 [warning] [Git][revParse] Unable to read file: ENOENT: no such file or directory, open '/home/chisco/.pyenv/.git/refs/remotes/origin/master'
2025-02-22 20:09:58.300 [info] > git rev-parse refs/remotes/origin/master [96ms]
2025-02-22 20:09:58.477 [info] > git status -z -uall [623ms]
2025-02-22 20:09:58.478 [info] > git for-each-ref --sort -committerdate --format %(refname) %(objectname) %(*objectname) [92ms]
2025-02-22 20:09:58.540 [info] > git rev-parse --git-dir --git-common-dir [254ms]
2025-02-22 20:09:58.599 [info] [Model][openRepository] Opened repository: /home/chisco/my-git-project
2025-02-22 20:09:58.914 [info] > git rev-parse --show-toplevel [218ms]
2025-02-22 20:09:58.944 [info] [Model][doInitialScan] Initial repository scan completed - repositories (4), closed repositories (0), parent repositories (0), unsafe repositories (0)
2025-02-22 20:09:59.063 [info] > git config --get commit.template [401ms]
2025-02-22 20:09:59.064 [info] > git config --get commit.template [429ms]
2025-02-22 20:10:00.051 [info] > git show --textconv :index.html [1042ms]
2025-02-22 20:10:00.230 [info] [Git][getRemotes] No remotes found in the git config file
2025-02-22 20:10:00.456 [info] > git status -z -uall [3458ms]
2025-02-22 20:10:00.466 [info] > git check-ignore -v -z --stdin [330ms]
2025-02-22 20:10:00.469 [info] > git hash-object -t tree /dev/null [365ms]
2025-02-22 20:10:00.471 [warning] [GitFileSystemProvider][readFile] File not found - git:/home/chisco/index.html.git?%7B%22path%22%3A%22%2Fhome%2Fchisco%2Findex.html%22%2C%22ref%22%3A%22%22%7D
2025-02-22 20:10:00.635 [info] > git ls-files --stage -- /home/chisco/index.html [1574ms]
2025-02-22 20:10:00.648 [warning] [GitFileSystemProvider][stat] File not found - git:/home/chisco/index.html.git?%7B%22path%22%3A%22%2Fhome%2Fchisco%2Findex.html%22%2C%22ref%22%3A%22%22%7D
2025-02-22 20:10:00.901 [info] > git for-each-ref --format=%(refname)%00%(upstream:short)%00%(objectname)%00%(upstream:track)%00%(upstream:remotename)%00%(upstream:remoteref) refs/heads/main refs/remotes/main [671ms]
2025-02-22 20:10:01.013 [info] > git for-each-ref --format %(refname) %(objectname) %(*objectname) refs/tags [820ms]
2025-02-22 20:10:09.288 [info] > git status -z -uall [10958ms]
2025-02-22 20:10:09.288 [info] > git status -z -uall [8336ms]
2025-02-22 20:10:09.288 [info] > git status -z -uall [8236ms]
2025-02-22 20:10:09.289 [info] > git for-each-ref --sort -committerdate --format %(refname) %(objectname) %(*objectname) [8194ms]
2025-02-22 20:10:09.299 [info] > git for-each-ref --sort -committerdate --format %(refname) %(objectname) %(*objectname) [8288ms]
2025-02-22 20:10:09.446 [info] > git for-each-ref --format=%(refname)%00%(upstream:short)%00%(objectname)%00%(upstream:track)%00%(upstream:remotename)%00%(upstream:remoteref) refs/heads/master refs/remotes/master [103ms]
2025-02-22 20:10:09.471 [info] > git for-each-ref --format=%(refname)%00%(upstream:short)%00%(objectname)%00%(upstream:track)%00%(upstream:remotename)%00%(upstream:remoteref) refs/heads/main refs/remotes/main [154ms]
2025-02-22 20:10:09.500 [info] > git config --get commit.template [255ms]
2025-02-22 20:10:09.521 [info] > git config --get --local branch.main.vscode-merge-base [21ms]
2025-02-22 20:10:09.521 [warning] [Git][config] git config failed: Failed to execute git
2025-02-22 20:10:09.545 [info] > git config --get --local branch.master.vscode-merge-base [75ms]
2025-02-22 20:10:09.564 [info] > git config --get commit.template [123ms]
2025-02-22 20:10:09.565 [info] > git config --get commit.template [141ms]
2025-02-22 20:10:09.566 [info] > git config --get commit.template [160ms]
2025-02-22 20:10:09.591 [info] > git reflog main --grep-reflog=branch: Created from *. [47ms]
2025-02-22 20:10:09.626 [info] [Git][getRemotes] No remotes found in the git config file
2025-02-22 20:10:09.643 [info] > git for-each-ref --format=%(refname)%00%(upstream:short)%00%(objectname)%00%(upstream:track)%00%(upstream:remotename)%00%(upstream:remoteref) refs/heads/origin/master refs/remotes/origin/master [79ms]
2025-02-22 20:10:09.670 [info] > git for-each-ref --format=%(refname)%00%(upstream:short)%00%(objectname)%00%(upstream:track)%00%(upstream:remotename)%00%(upstream:remoteref) refs/heads/master refs/remotes/master [30ms]
2025-02-22 20:10:09.671 [info] > git for-each-ref --format=%(refname)%00%(upstream:short)%00%(objectname)%00%(upstream:track)%00%(upstream:remotename)%00%(upstream:remoteref) refs/heads/main refs/remotes/main [45ms]
2025-02-22 20:10:09.698 [info] > git for-each-ref --format %(refname) %(objectname) %(*objectname) refs/tags [84ms]
2025-02-22 20:10:09.738 [info] > git for-each-ref --format=%(refname)%00%(upstream:short)%00%(objectname)%00%(upstream:track)%00%(upstream:remotename)%00%(upstream:remoteref) refs/heads/main refs/remotes/main [150ms]
2025-02-22 20:10:09.793 [warning] [Git][revParse] Unable to read file: ENOENT: no such file or directory, open '/home/chisco/.pyenv/.git/refs/remotes/origin/master'
2025-02-22 20:10:09.797 [info] > git status -z -uall [113ms]
2025-02-22 20:10:09.797 [info] > git status -z -uall [80ms]
2025-02-22 20:10:09.798 [info] > git for-each-ref --sort -committerdate --format %(refname) %(objectname) %(*objectname) [61ms]
2025-02-22 20:10:09.800 [info] > git for-each-ref --sort -committerdate --format %(refname) %(objectname) %(*objectname) [104ms]
2025-02-22 20:10:09.828 [info] > git merge-base refs/heads/master refs/remotes/origin/master [165ms]
2025-02-22 20:10:09.854 [info] > git rev-parse refs/remotes/origin/master [61ms]
2025-02-22 20:10:09.928 [info] > git for-each-ref --sort -committerdate --format %(refname) %(objectname) %(*objectname) [155ms]
2025-02-22 20:10:09.969 [info] > git for-each-ref --sort -committerdate --format %(refname) %(objectname) %(*objectname) [42ms]
2025-02-22 20:10:09.971 [info] > git diff --name-status -z --diff-filter=ADMR 47eef10ce172125f2c8761f08f1efa2385042897...refs/remotes/origin/master [122ms]
2025-02-22 20:10:10.359 [info] > git blame --root --incremental 65eef5337269461148f9752399441b895d819b50 -- /home/chisco/index.html [83ms]
2025-02-22 20:10:10.359 [info] fatal: no such path index.html in 65eef5337269461148f9752399441b895d819b50
2025-02-22 20:10:12.451 [info] > git status -z -uall [2540ms]
2025-02-22 20:10:12.572 [info] > git status -z -uall [2818ms]
