2025-02-22 23:43:19.545 [info] [main] Log level: Info
2025-02-22 23:43:19.546 [info] [main] Validating found git in: "git"
2025-02-22 23:43:19.546 [info] [main] Using git "2.48.1" from "git"
2025-02-22 23:43:19.546 [info] [Model][doInitialScan] Initial repository scan started
2025-02-22 23:43:19.546 [info] > git rev-parse --show-toplevel [1109ms]
2025-02-22 23:43:19.546 [info] > git rev-parse --git-dir --git-common-dir [23ms]
2025-02-22 23:43:19.546 [info] [Model][openRepository] Opened repository: /home/chisco
2025-02-22 23:43:19.590 [info] > git rev-parse --show-toplevel [18ms]
2025-02-22 23:43:19.593 [info] > git config --get commit.template [29ms]
2025-02-22 23:43:20.186 [info] > git for-each-ref --format=%(refname)%00%(upstream:short)%00%(objectname)%00%(upstream:track)%00%(upstream:remotename)%00%(upstream:remoteref) refs/heads/main refs/remotes/main [574ms]
2025-02-22 23:43:20.225 [info] > git for-each-ref --sort -committerdate --format %(refname) %(objectname) %(*objectname) [19ms]
2025-02-22 23:43:20.243 [info] > git rev-parse --show-toplevel [3ms]
2025-02-22 23:43:20.257 [info] > git rev-parse --show-toplevel [3ms]
2025-02-22 23:43:20.287 [info] > git rev-parse --show-toplevel [18ms]
2025-02-22 23:43:20.299 [info] > git log --format=%H%n%aN%n%aE%n%at%n%ct%n%P%n%D%n%B -z -n51 --shortstat --follow -- /home/chisco/my project/index.html [15ms]
2025-02-22 23:43:20.406 [info] > git check-ignore -v -z --stdin [12ms]
2025-02-22 23:43:20.408 [info] > git hash-object -t tree /dev/null [21ms]
2025-02-22 23:43:20.410 [info] > git rev-parse --show-toplevel [114ms]
2025-02-22 23:43:20.432 [info] > git rev-parse --show-toplevel [13ms]
2025-02-22 23:43:20.447 [info] > git status -z -uall [251ms]
2025-02-22 23:43:20.448 [info] > git rev-parse --show-toplevel [9ms]
2025-02-22 23:43:22.627 [info] > git for-each-ref --format=%(refname)%00%(upstream:short)%00%(objectname)%00%(upstream:track)%00%(upstream:remotename)%00%(upstream:remoteref) refs/heads/main refs/remotes/main [1952ms]
2025-02-22 23:43:22.684 [info] > git config --get --local branch.main.vscode-merge-base [49ms]
2025-02-22 23:43:22.685 [warning] [Git][config] git config failed: Failed to execute git
2025-02-22 23:43:22.706 [info] > git config --get commit.template [90ms]
2025-02-22 23:43:22.706 [info] > git rev-parse --git-dir --git-common-dir [560ms]
2025-02-22 23:43:22.735 [info] [Model][openRepository] Opened repository: /home/chisco/.nvm
2025-02-22 23:43:22.768 [info] > git reflog main --grep-reflog=branch: Created from *. [64ms]
2025-02-22 23:43:22.790 [info] > git rev-parse --show-toplevel [25ms]
2025-02-22 23:43:22.791 [info] > git config --get commit.template [32ms]
2025-02-22 23:43:22.801 [info] > git for-each-ref --format=%(refname)%00%(upstream:short)%00%(objectname)%00%(upstream:track)%00%(upstream:remotename)%00%(upstream:remoteref) refs/heads/main refs/remotes/main [19ms]
2025-02-22 23:43:22.818 [info] > git symbolic-ref --short refs/remotes/origin/HEAD [43ms]
2025-02-22 23:43:22.818 [info] fatal: ref refs/remotes/origin/HEAD is not a symbolic ref
2025-02-22 23:43:22.818 [warning] [Repository][getDefaultBranch] Failed to get default branch details: Failed to execute git.
2025-02-22 23:43:22.830 [info] > git for-each-ref --sort -committerdate --format %(refname) %(objectname) %(*objectname) [13ms]
2025-02-22 23:43:22.831 [info] > git rev-parse --git-dir --git-common-dir [33ms]
2025-02-22 23:43:22.844 [info] [Model][openRepository] Opened repository: /home/chisco/.pyenv
2025-02-22 23:43:22.865 [info] > git for-each-ref --format %(refname) %(objectname) %(*objectname) refs/tags [37ms]
2025-02-22 23:43:22.919 [info] > git rev-parse --show-toplevel [54ms]
2025-02-22 23:43:22.920 [info] > git config --get commit.template [64ms]
2025-02-22 23:43:22.929 [info] > git for-each-ref --sort -committerdate --format %(refname) %(objectname) %(*objectname) [45ms]
2025-02-22 23:43:22.943 [info] > git status -z -uall [67ms]
2025-02-22 23:43:22.944 [info] > git rev-parse --show-toplevel [16ms]
2025-02-22 23:43:22.985 [info] > git rev-parse --show-toplevel [33ms]
2025-02-22 23:43:22.986 [info] > git for-each-ref --format=%(refname)%00%(upstream:short)%00%(objectname)%00%(upstream:track)%00%(upstream:remotename)%00%(upstream:remoteref) refs/heads/master refs/remotes/master [47ms]
2025-02-22 23:43:23.006 [warning] [Git][revParse] Unable to read file: ENOENT: no such file or directory, open '/home/chisco/.pyenv/.git/refs/remotes/origin/master'
2025-02-22 23:43:23.011 [info] > git config --get commit.template [31ms]
2025-02-22 23:43:23.015 [info] > git status -z -uall [206ms]
2025-02-22 23:43:23.016 [info] > git rev-parse refs/remotes/origin/master [9ms]
2025-02-22 23:43:23.032 [info] > git rev-parse --show-toplevel [34ms]
2025-02-22 23:43:24.798 [info] > git status -z -uall [1775ms]
2025-02-22 23:43:24.799 [info] > git rev-parse --show-toplevel [1749ms]
2025-02-22 23:43:24.800 [info] > git for-each-ref --format %(refname) %(objectname) %(*objectname) refs/tags [1759ms]
2025-02-22 23:43:24.815 [info] > git for-each-ref --sort -committerdate --format %(refname) %(objectname) %(*objectname) [1783ms]
2025-02-22 23:43:24.976 [info] > git status -z -uall [171ms]
2025-02-22 23:43:24.976 [info] > git check-ignore -v -z --stdin [104ms]
2025-02-22 23:43:24.978 [info] > git for-each-ref --format=%(refname)%00%(upstream:short)%00%(objectname)%00%(upstream:track)%00%(upstream:remotename)%00%(upstream:remoteref) refs/heads/master refs/remotes/master [152ms]
2025-02-22 23:43:24.998 [info] > git for-each-ref --sort -committerdate --format %(refname) %(objectname) %(*objectname) [184ms]
2025-02-22 23:43:25.016 [info] > git config --get --local branch.master.vscode-merge-base [19ms]
2025-02-22 23:43:25.024 [info] > git config --get commit.template [50ms]
2025-02-22 23:43:25.024 [info] > git rev-parse --git-dir --git-common-dir [136ms]
2025-02-22 23:43:25.044 [info] [Model][openRepository] Opened repository: /home/chisco/my-git-project
2025-02-22 23:43:25.068 [info] > git for-each-ref --format=%(refname)%00%(upstream:short)%00%(objectname)%00%(upstream:track)%00%(upstream:remotename)%00%(upstream:remoteref) refs/heads/origin/master refs/remotes/origin/master [44ms]
2025-02-22 23:43:25.087 [info] > git rev-parse --show-toplevel [22ms]
2025-02-22 23:43:25.092 [info] [Model][doInitialScan] Initial repository scan completed - repositories (4), closed repositories (0), parent repositories (0), unsafe repositories (0)
2025-02-22 23:43:25.109 [info] > git config --get commit.template [52ms]
2025-02-22 23:43:25.187 [info] > git show --textconv :my project/index.html [86ms]
2025-02-22 23:43:25.189 [info] > git ls-files --stage -- /home/chisco/my project/index.html [80ms]
2025-02-22 23:43:25.191 [warning] [GitFileSystemProvider][stat] File not found - git:/home/chisco/my%20project/index.html.git?%7B%22path%22%3A%22%2Fhome%2Fchisco%2Fmy%20project%2Findex.html%22%2C%22ref%22%3A%22%22%7D
2025-02-22 23:43:25.215 [warning] [GitFileSystemProvider][readFile] File not found - git:/home/chisco/my%20project/index.html.git?%7B%22path%22%3A%22%2Fhome%2Fchisco%2Fmy%20project%2Findex.html%22%2C%22ref%22%3A%22%22%7D
2025-02-22 23:43:25.216 [info] > git for-each-ref --format=%(refname)%00%(upstream:short)%00%(objectname)%00%(upstream:track)%00%(upstream:remotename)%00%(upstream:remoteref) refs/heads/master refs/remotes/master [130ms]
2025-02-22 23:43:25.216 [info] > git merge-base refs/heads/master refs/remotes/origin/master [140ms]
2025-02-22 23:43:25.236 [info] [Git][getRemotes] No remotes found in the git config file
2025-02-22 23:43:25.269 [warning] [Git][revParse] Unable to read file: ENOENT: no such file or directory, open '/home/chisco/.pyenv/.git/refs/remotes/origin/master'
2025-02-22 23:43:25.284 [info] > git config --get commit.template [25ms]
2025-02-22 23:43:25.284 [info] > git config --get commit.template [39ms]
2025-02-22 23:43:25.285 [info] > git for-each-ref --format=%(refname)%00%(upstream:short)%00%(objectname)%00%(upstream:track)%00%(upstream:remotename)%00%(upstream:remoteref) refs/heads/main refs/remotes/main [50ms]
2025-02-22 23:43:25.305 [info] > git diff --name-status -z --diff-filter=ADMR 47eef10ce172125f2c8761f08f1efa2385042897...refs/remotes/origin/master [80ms]
2025-02-22 23:43:25.314 [info] > git status -z -uall [21ms]
2025-02-22 23:43:25.315 [info] > git log --format=%H%n%aN%n%aE%n%at%n%ct%n%P%n%D%n%B -z -n51 --shortstat --follow -- /home/chisco/my project/index.html [36ms]
2025-02-22 23:43:25.319 [info] > git rev-parse refs/remotes/origin/master [50ms]
2025-02-22 23:43:25.374 [info] > git for-each-ref --sort -committerdate --format %(refname) %(objectname) %(*objectname) [70ms]
2025-02-22 23:43:25.422 [info] > git for-each-ref --format=%(refname)%00%(upstream:short)%00%(objectname)%00%(upstream:track)%00%(upstream:remotename)%00%(upstream:remoteref) refs/heads/main refs/remotes/main [26ms]
2025-02-22 23:43:25.438 [info] > git for-each-ref --format=%(refname)%00%(upstream:short)%00%(objectname)%00%(upstream:track)%00%(upstream:remotename)%00%(upstream:remoteref) refs/heads/main refs/remotes/main [64ms]
2025-02-22 23:43:25.463 [info] > git for-each-ref --format %(refname) %(objectname) %(*objectname) refs/tags [102ms]
2025-02-22 23:43:25.492 [info] > git for-each-ref --sort -committerdate --format %(refname) %(objectname) %(*objectname) [148ms]
2025-02-22 23:43:28.375 [info] > git status -z -uall [3047ms]
2025-02-22 23:43:28.375 [info] > git status -z -uall [2899ms]
2025-02-22 23:43:28.376 [info] > git for-each-ref --sort -committerdate --format %(refname) %(objectname) %(*objectname) [2884ms]
2025-02-22 23:43:28.386 [info] > git for-each-ref --sort -committerdate --format %(refname) %(objectname) %(*objectname) [2924ms]
2025-02-22 23:43:28.388 [info] > git config --get --local branch.main.vscode-merge-base [2950ms]
2025-02-22 23:43:28.388 [warning] [Git][config] git config failed: Failed to execute git
2025-02-22 23:43:28.396 [info] > git config --get commit.template [2977ms]
2025-02-22 23:43:28.465 [info] > git check-ignore -v -z --stdin [37ms]
2025-02-22 23:43:28.466 [info] > git check-ignore -v -z --stdin [32ms]
2025-02-22 23:43:28.467 [info] > git reflog main --grep-reflog=branch: Created from *. [72ms]
2025-02-22 23:43:28.468 [info] > git blame --root --incremental 65eef5337269461148f9752399441b895d819b50 -- /home/chisco/my project/index.html [109ms]
2025-02-22 23:43:28.468 [info] fatal: no such path my project/index.html in 65eef5337269461148f9752399441b895d819b50
2025-02-22 23:43:28.479 [info] [Git][getRemotes] No remotes found in the git config file
2025-02-22 23:43:28.500 [info] > git config --get commit.template [57ms]
2025-02-22 23:43:28.511 [info] > git for-each-ref --format=%(refname)%00%(upstream:short)%00%(objectname)%00%(upstream:track)%00%(upstream:remotename)%00%(upstream:remoteref) refs/heads/main refs/remotes/main [33ms]
2025-02-22 23:43:28.536 [info] > git status -z -uall [3089ms]
2025-02-22 23:43:28.536 [info] > git status -z -uall [18ms]
2025-02-22 23:43:28.537 [info] > git for-each-ref --sort -committerdate --format %(refname) %(objectname) %(*objectname) [12ms]
2025-02-22 23:43:28.543 [info] > git for-each-ref --format=%(refname)%00%(upstream:short)%00%(objectname)%00%(upstream:track)%00%(upstream:remotename)%00%(upstream:remoteref) refs/heads/master refs/remotes/master [9ms]
2025-02-22 23:43:30.022 [warning] [Git][revParse] Unable to read file: ENOENT: no such file or directory, open '/home/chisco/.pyenv/.git/refs/remotes/origin/master'
2025-02-22 23:43:30.136 [info] > git config --get commit.template [108ms]
2025-02-22 23:43:30.136 [info] > git rev-parse refs/remotes/origin/master [115ms]
2025-02-22 23:43:30.168 [info] > git for-each-ref --sort -committerdate --format %(refname) %(objectname) %(*objectname) [15ms]
2025-02-22 23:43:30.170 [info] > git for-each-ref --format=%(refname)%00%(upstream:short)%00%(objectname)%00%(upstream:track)%00%(upstream:remotename)%00%(upstream:remoteref) refs/heads/main refs/remotes/main [4ms]
2025-02-22 23:43:30.194 [info] > git for-each-ref --sort -committerdate --format %(refname) %(objectname) %(*objectname) [6ms]
2025-02-22 23:43:30.223 [info] > git status -z -uall [79ms]
2025-02-22 23:43:30.269 [info] > git status -z -uall [94ms]
2025-02-22 23:43:42.321 [info] > git config --get commit.template [10ms]
2025-02-22 23:43:42.322 [info] > git for-each-ref --format=%(refname)%00%(upstream:short)%00%(objectname)%00%(upstream:track)%00%(upstream:remotename)%00%(upstream:remoteref) refs/heads/main refs/remotes/main [2ms]
2025-02-22 23:43:42.338 [info] > git for-each-ref --sort -committerdate --format %(refname) %(objectname) %(*objectname) [2ms]
2025-02-22 23:43:42.401 [info] > git status -z -uall [72ms]
2025-02-22 23:43:47.217 [info] > git log --format=%H%n%aN%n%aE%n%at%n%ct%n%P%n%D%n%B -z -n51 --shortstat --follow -- /home/chisco/my project/index.html [2ms]
2025-02-22 23:43:47.506 [info] > git config --get commit.template [6ms]
2025-02-22 23:43:47.507 [info] > git for-each-ref --format=%(refname)%00%(upstream:short)%00%(objectname)%00%(upstream:track)%00%(upstream:remotename)%00%(upstream:remoteref) refs/heads/main refs/remotes/main [2ms]
2025-02-22 23:43:47.517 [info] > git for-each-ref --sort -committerdate --format %(refname) %(objectname) %(*objectname) [1ms]
2025-02-22 23:43:47.563 [info] > git status -z -uall [52ms]
2025-02-22 23:43:52.663 [info] > git config --get commit.template [6ms]
2025-02-22 23:43:52.664 [info] > git for-each-ref --format=%(refname)%00%(upstream:short)%00%(objectname)%00%(upstream:track)%00%(upstream:remotename)%00%(upstream:remoteref) refs/heads/main refs/remotes/main [2ms]
2025-02-22 23:43:52.674 [info] > git for-each-ref --sort -committerdate --format %(refname) %(objectname) %(*objectname) [1ms]
2025-02-22 23:43:52.729 [info] > git status -z -uall [61ms]
2025-02-22 23:43:57.839 [info] > git config --get commit.template [7ms]
2025-02-22 23:43:57.840 [info] > git for-each-ref --format=%(refname)%00%(upstream:short)%00%(objectname)%00%(upstream:track)%00%(upstream:remotename)%00%(upstream:remoteref) refs/heads/main refs/remotes/main [2ms]
2025-02-22 23:43:57.858 [info] > git for-each-ref --sort -committerdate --format %(refname) %(objectname) %(*objectname) [2ms]
2025-02-22 23:43:57.956 [info] > git status -z -uall [107ms]
2025-02-22 23:44:03.129 [info] > git config --get commit.template [5ms]
2025-02-22 23:44:03.129 [info] > git for-each-ref --format=%(refname)%00%(upstream:short)%00%(objectname)%00%(upstream:track)%00%(upstream:remotename)%00%(upstream:remoteref) refs/heads/main refs/remotes/main [1ms]
2025-02-22 23:44:03.139 [info] > git for-each-ref --sort -committerdate --format %(refname) %(objectname) %(*objectname) [1ms]
2025-02-22 23:44:03.185 [info] > git status -z -uall [52ms]
2025-02-22 23:44:08.295 [info] > git config --get commit.template [11ms]
2025-02-22 23:44:08.296 [info] > git for-each-ref --format=%(refname)%00%(upstream:short)%00%(objectname)%00%(upstream:track)%00%(upstream:remotename)%00%(upstream:remoteref) refs/heads/main refs/remotes/main [2ms]
2025-02-22 23:44:08.312 [info] > git for-each-ref --sort -committerdate --format %(refname) %(objectname) %(*objectname) [3ms]
2025-02-22 23:44:08.353 [info] > git status -z -uall [51ms]
2025-02-22 23:44:13.441 [info] > git config --get commit.template [5ms]
2025-02-22 23:44:13.442 [info] > git for-each-ref --format=%(refname)%00%(upstream:short)%00%(objectname)%00%(upstream:track)%00%(upstream:remotename)%00%(upstream:remoteref) refs/heads/main refs/remotes/main [1ms]
2025-02-22 23:44:13.453 [info] > git for-each-ref --sort -committerdate --format %(refname) %(objectname) %(*objectname) [1ms]
2025-02-22 23:44:13.494 [info] > git status -z -uall [47ms]
2025-02-22 23:44:18.588 [info] > git config --get commit.template [5ms]
2025-02-22 23:44:18.589 [info] > git for-each-ref --format=%(refname)%00%(upstream:short)%00%(objectname)%00%(upstream:track)%00%(upstream:remotename)%00%(upstream:remoteref) refs/heads/main refs/remotes/main [1ms]
2025-02-22 23:44:18.599 [info] > git for-each-ref --sort -committerdate --format %(refname) %(objectname) %(*objectname) [2ms]
2025-02-22 23:44:18.643 [info] > git status -z -uall [49ms]
2025-02-22 23:44:23.727 [info] > git config --get commit.template [6ms]
2025-02-22 23:44:23.728 [info] > git for-each-ref --format=%(refname)%00%(upstream:short)%00%(objectname)%00%(upstream:track)%00%(upstream:remotename)%00%(upstream:remoteref) refs/heads/main refs/remotes/main [2ms]
2025-02-22 23:44:23.737 [info] > git for-each-ref --sort -committerdate --format %(refname) %(objectname) %(*objectname) [1ms]
2025-02-22 23:44:23.777 [info] > git status -z -uall [45ms]
2025-02-22 23:44:31.085 [info] > git config --get commit.template [7ms]
2025-02-22 23:44:31.086 [info] > git for-each-ref --format=%(refname)%00%(upstream:short)%00%(objectname)%00%(upstream:track)%00%(upstream:remotename)%00%(upstream:remoteref) refs/heads/main refs/remotes/main [1ms]
2025-02-22 23:44:31.100 [info] > git for-each-ref --sort -committerdate --format %(refname) %(objectname) %(*objectname) [5ms]
2025-02-22 23:44:31.139 [info] > git status -z -uall [49ms]
2025-02-22 23:44:36.226 [info] > git config --get commit.template [7ms]
2025-02-22 23:44:36.226 [info] > git for-each-ref --format=%(refname)%00%(upstream:short)%00%(objectname)%00%(upstream:track)%00%(upstream:remotename)%00%(upstream:remoteref) refs/heads/main refs/remotes/main [1ms]
2025-02-22 23:44:36.237 [info] > git for-each-ref --sort -committerdate --format %(refname) %(objectname) %(*objectname) [2ms]
2025-02-22 23:44:36.279 [info] > git status -z -uall [49ms]
2025-02-22 23:44:41.389 [info] > git config --get commit.template [13ms]
2025-02-22 23:44:41.390 [info] > git for-each-ref --format=%(refname)%00%(upstream:short)%00%(objectname)%00%(upstream:track)%00%(upstream:remotename)%00%(upstream:remoteref) refs/heads/main refs/remotes/main [3ms]
2025-02-22 23:44:41.403 [info] > git for-each-ref --sort -committerdate --format %(refname) %(objectname) %(*objectname) [2ms]
2025-02-22 23:44:41.445 [info] > git status -z -uall [49ms]
2025-02-22 23:44:46.550 [info] > git config --get commit.template [8ms]
2025-02-22 23:44:46.551 [info] > git for-each-ref --format=%(refname)%00%(upstream:short)%00%(objectname)%00%(upstream:track)%00%(upstream:remotename)%00%(upstream:remoteref) refs/heads/main refs/remotes/main [2ms]
2025-02-22 23:44:46.562 [info] > git for-each-ref --sort -committerdate --format %(refname) %(objectname) %(*objectname) [1ms]
2025-02-22 23:44:46.605 [info] > git status -z -uall [49ms]
2025-02-22 23:44:57.002 [info] > git config --get commit.template [14ms]
2025-02-22 23:44:57.003 [info] > git for-each-ref --format=%(refname)%00%(upstream:short)%00%(objectname)%00%(upstream:track)%00%(upstream:remotename)%00%(upstream:remoteref) refs/heads/main refs/remotes/main [2ms]
2025-02-22 23:44:57.020 [info] > git for-each-ref --sort -committerdate --format %(refname) %(objectname) %(*objectname) [2ms]
2025-02-22 23:44:57.078 [info] > git status -z -uall [67ms]
2025-02-22 23:45:05.063 [info] > git config --get commit.template [7ms]
2025-02-22 23:45:05.063 [info] > git for-each-ref --format=%(refname)%00%(upstream:short)%00%(objectname)%00%(upstream:track)%00%(upstream:remotename)%00%(upstream:remoteref) refs/heads/main refs/remotes/main [1ms]
2025-02-22 23:45:05.075 [info] > git for-each-ref --sort -committerdate --format %(refname) %(objectname) %(*objectname) [2ms]
2025-02-22 23:45:05.128 [info] > git status -z -uall [60ms]
2025-02-22 23:45:10.245 [info] > git config --get commit.template [7ms]
2025-02-22 23:45:10.246 [info] > git for-each-ref --format=%(refname)%00%(upstream:short)%00%(objectname)%00%(upstream:track)%00%(upstream:remotename)%00%(upstream:remoteref) refs/heads/main refs/remotes/main [2ms]
2025-02-22 23:45:10.260 [info] > git for-each-ref --sort -committerdate --format %(refname) %(objectname) %(*objectname) [2ms]
2025-02-22 23:45:10.310 [info] > git status -z -uall [59ms]
2025-02-22 23:45:15.421 [info] > git config --get commit.template [10ms]
2025-02-22 23:45:15.422 [info] > git for-each-ref --format=%(refname)%00%(upstream:short)%00%(objectname)%00%(upstream:track)%00%(upstream:remotename)%00%(upstream:remoteref) refs/heads/main refs/remotes/main [2ms]
2025-02-22 23:45:15.435 [info] > git for-each-ref --sort -committerdate --format %(refname) %(objectname) %(*objectname) [1ms]
2025-02-22 23:45:15.479 [info] > git status -z -uall [51ms]
2025-02-22 23:45:20.580 [info] > git config --get commit.template [3ms]
2025-02-22 23:45:20.589 [info] > git for-each-ref --format=%(refname)%00%(upstream:short)%00%(objectname)%00%(upstream:track)%00%(upstream:remotename)%00%(upstream:remoteref) refs/heads/main refs/remotes/main [1ms]
2025-02-22 23:45:20.601 [info] > git for-each-ref --sort -committerdate --format %(refname) %(objectname) %(*objectname) [1ms]
2025-02-22 23:45:20.642 [info] > git status -z -uall [47ms]
2025-02-22 23:45:22.896 [info] > git check-ignore -v -z --stdin [15ms]
2025-02-22 23:45:22.896 [info] > git check-ignore -v -z --stdin [10ms]
2025-02-22 23:45:22.896 [info] > git check-ignore -v -z --stdin [5ms]
2025-02-22 23:45:22.897 [info] > git check-ignore -v -z --stdin [2ms]
2025-02-22 23:45:24.970 [info] > git check-ignore -v -z --stdin [1ms]
2025-02-22 23:45:25.736 [info] > git config --get commit.template [8ms]
2025-02-22 23:45:25.737 [info] > git for-each-ref --format=%(refname)%00%(upstream:short)%00%(objectname)%00%(upstream:track)%00%(upstream:remotename)%00%(upstream:remoteref) refs/heads/main refs/remotes/main [1ms]
2025-02-22 23:45:25.750 [info] > git for-each-ref --sort -committerdate --format %(refname) %(objectname) %(*objectname) [2ms]
2025-02-22 23:45:25.792 [info] > git status -z -uall [49ms]
2025-02-22 23:45:30.894 [info] > git config --get commit.template [11ms]
2025-02-22 23:45:30.895 [info] > git for-each-ref --format=%(refname)%00%(upstream:short)%00%(objectname)%00%(upstream:track)%00%(upstream:remotename)%00%(upstream:remoteref) refs/heads/main refs/remotes/main [3ms]
2025-02-22 23:45:30.909 [info] > git for-each-ref --sort -committerdate --format %(refname) %(objectname) %(*objectname) [2ms]
2025-02-22 23:45:30.951 [info] > git status -z -uall [49ms]
2025-02-22 23:45:38.278 [info] > git config --get commit.template [7ms]
2025-02-22 23:45:38.279 [info] > git for-each-ref --format=%(refname)%00%(upstream:short)%00%(objectname)%00%(upstream:track)%00%(upstream:remotename)%00%(upstream:remoteref) refs/heads/main refs/remotes/main [1ms]
2025-02-22 23:45:38.289 [info] > git for-each-ref --sort -committerdate --format %(refname) %(objectname) %(*objectname) [2ms]
2025-02-22 23:45:38.331 [info] > git status -z -uall [48ms]
2025-02-22 23:45:43.435 [info] > git config --get commit.template [6ms]
2025-02-22 23:45:43.435 [info] > git for-each-ref --format=%(refname)%00%(upstream:short)%00%(objectname)%00%(upstream:track)%00%(upstream:remotename)%00%(upstream:remoteref) refs/heads/main refs/remotes/main [1ms]
2025-02-22 23:45:43.446 [info] > git for-each-ref --sort -committerdate --format %(refname) %(objectname) %(*objectname) [1ms]
2025-02-22 23:45:43.490 [info] > git status -z -uall [50ms]
2025-02-22 23:45:48.600 [info] > git config --get commit.template [9ms]
2025-02-22 23:45:48.601 [info] > git for-each-ref --format=%(refname)%00%(upstream:short)%00%(objectname)%00%(upstream:track)%00%(upstream:remotename)%00%(upstream:remoteref) refs/heads/main refs/remotes/main [2ms]
2025-02-22 23:45:48.614 [info] > git for-each-ref --sort -committerdate --format %(refname) %(objectname) %(*objectname) [1ms]
2025-02-22 23:45:48.664 [info] > git status -z -uall [57ms]
2025-02-22 23:45:53.763 [info] > git config --get commit.template [8ms]
2025-02-22 23:45:53.764 [info] > git for-each-ref --format=%(refname)%00%(upstream:short)%00%(objectname)%00%(upstream:track)%00%(upstream:remotename)%00%(upstream:remoteref) refs/heads/main refs/remotes/main [2ms]
2025-02-22 23:45:53.778 [info] > git for-each-ref --sort -committerdate --format %(refname) %(objectname) %(*objectname) [2ms]
2025-02-22 23:45:53.828 [info] > git status -z -uall [59ms]
2025-02-22 23:45:58.941 [info] > git config --get commit.template [7ms]
2025-02-22 23:45:58.941 [info] > git for-each-ref --format=%(refname)%00%(upstream:short)%00%(objectname)%00%(upstream:track)%00%(upstream:remotename)%00%(upstream:remoteref) refs/heads/main refs/remotes/main [1ms]
2025-02-22 23:45:58.956 [info] > git for-each-ref --sort -committerdate --format %(refname) %(objectname) %(*objectname) [2ms]
2025-02-22 23:45:59.026 [info] > git status -z -uall [80ms]
2025-02-22 23:46:08.528 [info] > git config --get commit.template [11ms]
2025-02-22 23:46:08.528 [info] > git for-each-ref --format=%(refname)%00%(upstream:short)%00%(objectname)%00%(upstream:track)%00%(upstream:remotename)%00%(upstream:remoteref) refs/heads/main refs/remotes/main [1ms]
2025-02-22 23:46:08.540 [info] > git for-each-ref --sort -committerdate --format %(refname) %(objectname) %(*objectname) [1ms]
2025-02-22 23:46:08.587 [info] > git status -z -uall [54ms]
2025-02-22 23:46:16.376 [info] > git config --get commit.template [9ms]
2025-02-22 23:46:16.376 [info] > git for-each-ref --format=%(refname)%00%(upstream:short)%00%(objectname)%00%(upstream:track)%00%(upstream:remotename)%00%(upstream:remoteref) refs/heads/main refs/remotes/main [1ms]
2025-02-22 23:46:16.387 [info] > git for-each-ref --sort -committerdate --format %(refname) %(objectname) %(*objectname) [2ms]
2025-02-22 23:46:16.430 [info] > git status -z -uall [49ms]
2025-02-22 23:46:21.536 [info] > git config --get commit.template [11ms]
2025-02-22 23:46:21.537 [info] > git for-each-ref --format=%(refname)%00%(upstream:short)%00%(objectname)%00%(upstream:track)%00%(upstream:remotename)%00%(upstream:remoteref) refs/heads/main refs/remotes/main [2ms]
2025-02-22 23:46:21.550 [info] > git for-each-ref --sort -committerdate --format %(refname) %(objectname) %(*objectname) [2ms]
2025-02-22 23:46:21.592 [info] > git status -z -uall [49ms]
2025-02-22 23:46:26.677 [info] > git config --get commit.template [6ms]
2025-02-22 23:46:26.677 [info] > git for-each-ref --format=%(refname)%00%(upstream:short)%00%(objectname)%00%(upstream:track)%00%(upstream:remotename)%00%(upstream:remoteref) refs/heads/main refs/remotes/main [1ms]
2025-02-22 23:46:26.690 [info] > git for-each-ref --sort -committerdate --format %(refname) %(objectname) %(*objectname) [1ms]
2025-02-22 23:46:26.734 [info] > git status -z -uall [52ms]
2025-02-22 23:46:31.832 [info] > git config --get commit.template [8ms]
2025-02-22 23:46:31.832 [info] > git for-each-ref --format=%(refname)%00%(upstream:short)%00%(objectname)%00%(upstream:track)%00%(upstream:remotename)%00%(upstream:remoteref) refs/heads/main refs/remotes/main [1ms]
2025-02-22 23:46:31.844 [info] > git for-each-ref --sort -committerdate --format %(refname) %(objectname) %(*objectname) [1ms]
2025-02-22 23:46:31.886 [info] > git status -z -uall [50ms]
2025-02-22 23:46:36.980 [info] > git config --get commit.template [6ms]
2025-02-22 23:46:36.980 [info] > git for-each-ref --format=%(refname)%00%(upstream:short)%00%(objectname)%00%(upstream:track)%00%(upstream:remotename)%00%(upstream:remoteref) refs/heads/main refs/remotes/main [1ms]
2025-02-22 23:46:36.990 [info] > git for-each-ref --sort -committerdate --format %(refname) %(objectname) %(*objectname) [1ms]
2025-02-22 23:46:37.033 [info] > git status -z -uall [48ms]
2025-02-22 23:46:42.122 [info] > git config --get commit.template [6ms]
2025-02-22 23:46:42.123 [info] > git for-each-ref --format=%(refname)%00%(upstream:short)%00%(objectname)%00%(upstream:track)%00%(upstream:remotename)%00%(upstream:remoteref) refs/heads/main refs/remotes/main [1ms]
2025-02-22 23:46:42.133 [info] > git for-each-ref --sort -committerdate --format %(refname) %(objectname) %(*objectname) [1ms]
2025-02-22 23:46:42.174 [info] > git status -z -uall [47ms]
2025-02-22 23:46:49.737 [info] > git config --get commit.template [13ms]
2025-02-22 23:46:49.738 [info] > git for-each-ref --format=%(refname)%00%(upstream:short)%00%(objectname)%00%(upstream:track)%00%(upstream:remotename)%00%(upstream:remoteref) refs/heads/main refs/remotes/main [3ms]
2025-02-22 23:46:49.755 [info] > git for-each-ref --sort -committerdate --format %(refname) %(objectname) %(*objectname) [2ms]
2025-02-22 23:46:49.803 [info] > git status -z -uall [56ms]
2025-02-22 23:46:54.903 [info] > git config --get commit.template [5ms]
2025-02-22 23:46:54.904 [info] > git for-each-ref --format=%(refname)%00%(upstream:short)%00%(objectname)%00%(upstream:track)%00%(upstream:remotename)%00%(upstream:remoteref) refs/heads/main refs/remotes/main [2ms]
2025-02-22 23:46:54.913 [info] > git for-each-ref --sort -committerdate --format %(refname) %(objectname) %(*objectname) [1ms]
2025-02-22 23:46:54.957 [info] > git status -z -uall [49ms]
2025-02-22 23:47:00.033 [info] > git config --get commit.template [1ms]
2025-02-22 23:47:00.040 [info] > git for-each-ref --format=%(refname)%00%(upstream:short)%00%(objectname)%00%(upstream:track)%00%(upstream:remotename)%00%(upstream:remoteref) refs/heads/main refs/remotes/main [1ms]
2025-02-22 23:47:00.051 [info] > git for-each-ref --sort -committerdate --format %(refname) %(objectname) %(*objectname) [2ms]
2025-02-22 23:47:00.101 [info] > git status -z -uall [57ms]
2025-02-22 23:47:05.194 [info] > git config --get commit.template [6ms]
2025-02-22 23:47:05.195 [info] > git for-each-ref --format=%(refname)%00%(upstream:short)%00%(objectname)%00%(upstream:track)%00%(upstream:remotename)%00%(upstream:remoteref) refs/heads/main refs/remotes/main [2ms]
2025-02-22 23:47:05.205 [info] > git for-each-ref --sort -committerdate --format %(refname) %(objectname) %(*objectname) [1ms]
2025-02-22 23:47:05.245 [info] > git status -z -uall [46ms]
2025-02-22 23:47:10.337 [info] > git config --get commit.template [5ms]
2025-02-22 23:47:10.337 [info] > git for-each-ref --format=%(refname)%00%(upstream:short)%00%(objectname)%00%(upstream:track)%00%(upstream:remotename)%00%(upstream:remoteref) refs/heads/main refs/remotes/main [1ms]
2025-02-22 23:47:10.347 [info] > git for-each-ref --sort -committerdate --format %(refname) %(objectname) %(*objectname) [1ms]
2025-02-22 23:47:10.388 [info] > git status -z -uall [46ms]
2025-02-22 23:47:15.494 [info] > git config --get commit.template [11ms]
2025-02-22 23:47:15.495 [info] > git for-each-ref --format=%(refname)%00%(upstream:short)%00%(objectname)%00%(upstream:track)%00%(upstream:remotename)%00%(upstream:remoteref) refs/heads/main refs/remotes/main [2ms]
2025-02-22 23:47:15.509 [info] > git for-each-ref --sort -committerdate --format %(refname) %(objectname) %(*objectname) [2ms]
2025-02-22 23:47:15.550 [info] > git status -z -uall [49ms]
2025-02-22 23:47:23.126 [info] > git config --get commit.template [7ms]
2025-02-22 23:47:23.126 [info] > git for-each-ref --format=%(refname)%00%(upstream:short)%00%(objectname)%00%(upstream:track)%00%(upstream:remotename)%00%(upstream:remoteref) refs/heads/main refs/remotes/main [1ms]
2025-02-22 23:47:23.138 [info] > git for-each-ref --sort -committerdate --format %(refname) %(objectname) %(*objectname) [1ms]
2025-02-22 23:47:23.179 [info] > git status -z -uall [47ms]
2025-02-22 23:47:28.268 [info] > git config --get commit.template [6ms]
2025-02-22 23:47:28.268 [info] > git for-each-ref --format=%(refname)%00%(upstream:short)%00%(objectname)%00%(upstream:track)%00%(upstream:remotename)%00%(upstream:remoteref) refs/heads/main refs/remotes/main [1ms]
2025-02-22 23:47:28.279 [info] > git for-each-ref --sort -committerdate --format %(refname) %(objectname) %(*objectname) [1ms]
2025-02-22 23:47:28.323 [info] > git status -z -uall [50ms]
2025-02-22 23:47:33.420 [info] > git config --get commit.template [5ms]
2025-02-22 23:47:33.421 [info] > git for-each-ref --format=%(refname)%00%(upstream:short)%00%(objectname)%00%(upstream:track)%00%(upstream:remotename)%00%(upstream:remoteref) refs/heads/main refs/remotes/main [1ms]
2025-02-22 23:47:33.431 [info] > git for-each-ref --sort -committerdate --format %(refname) %(objectname) %(*objectname) [1ms]
2025-02-22 23:47:33.472 [info] > git status -z -uall [47ms]
2025-02-22 23:47:38.565 [info] > git config --get commit.template [5ms]
2025-02-22 23:47:38.566 [info] > git for-each-ref --format=%(refname)%00%(upstream:short)%00%(objectname)%00%(upstream:track)%00%(upstream:remotename)%00%(upstream:remoteref) refs/heads/main refs/remotes/main [1ms]
2025-02-22 23:47:38.576 [info] > git for-each-ref --sort -committerdate --format %(refname) %(objectname) %(*objectname) [1ms]
2025-02-22 23:47:38.621 [info] > git status -z -uall [51ms]
2025-02-22 23:47:43.712 [info] > git config --get commit.template [5ms]
2025-02-22 23:47:43.713 [info] > git for-each-ref --format=%(refname)%00%(upstream:short)%00%(objectname)%00%(upstream:track)%00%(upstream:remotename)%00%(upstream:remoteref) refs/heads/main refs/remotes/main [1ms]
2025-02-22 23:47:43.723 [info] > git for-each-ref --sort -committerdate --format %(refname) %(objectname) %(*objectname) [2ms]
2025-02-22 23:47:43.766 [info] > git status -z -uall [49ms]
2025-02-22 23:47:48.850 [info] > git config --get commit.template [4ms]
2025-02-22 23:47:48.850 [info] > git for-each-ref --format=%(refname)%00%(upstream:short)%00%(objectname)%00%(upstream:track)%00%(upstream:remotename)%00%(upstream:remoteref) refs/heads/main refs/remotes/main [1ms]
2025-02-22 23:47:48.860 [info] > git for-each-ref --sort -committerdate --format %(refname) %(objectname) %(*objectname) [2ms]
2025-02-22 23:47:48.900 [info] > git status -z -uall [46ms]
2025-02-22 23:47:53.986 [info] > git config --get commit.template [6ms]
2025-02-22 23:47:53.986 [info] > git for-each-ref --format=%(refname)%00%(upstream:short)%00%(objectname)%00%(upstream:track)%00%(upstream:remotename)%00%(upstream:remoteref) refs/heads/main refs/remotes/main [1ms]
2025-02-22 23:47:53.996 [info] > git for-each-ref --sort -committerdate --format %(refname) %(objectname) %(*objectname) [1ms]
2025-02-22 23:47:54.037 [info] > git status -z -uall [47ms]
2025-02-22 23:48:01.733 [info] > git config --get commit.template [6ms]
2025-02-22 23:48:01.734 [info] > git for-each-ref --format=%(refname)%00%(upstream:short)%00%(objectname)%00%(upstream:track)%00%(upstream:remotename)%00%(upstream:remoteref) refs/heads/main refs/remotes/main [1ms]
2025-02-22 23:48:01.744 [info] > git for-each-ref --sort -committerdate --format %(refname) %(objectname) %(*objectname) [2ms]
2025-02-22 23:48:01.787 [info] > git status -z -uall [49ms]
2025-02-22 23:48:06.881 [info] > git config --get commit.template [5ms]
2025-02-22 23:48:06.882 [info] > git for-each-ref --format=%(refname)%00%(upstream:short)%00%(objectname)%00%(upstream:track)%00%(upstream:remotename)%00%(upstream:remoteref) refs/heads/main refs/remotes/main [2ms]
2025-02-22 23:48:06.891 [info] > git for-each-ref --sort -committerdate --format %(refname) %(objectname) %(*objectname) [1ms]
2025-02-22 23:48:06.931 [info] > git status -z -uall [46ms]
2025-02-22 23:48:12.023 [info] > git config --get commit.template [7ms]
2025-02-22 23:48:12.023 [info] > git for-each-ref --format=%(refname)%00%(upstream:short)%00%(objectname)%00%(upstream:track)%00%(upstream:remotename)%00%(upstream:remoteref) refs/heads/main refs/remotes/main [1ms]
2025-02-22 23:48:12.034 [info] > git for-each-ref --sort -committerdate --format %(refname) %(objectname) %(*objectname) [2ms]
2025-02-22 23:48:12.074 [info] > git status -z -uall [46ms]
2025-02-22 23:48:17.165 [info] > git config --get commit.template [8ms]
2025-02-22 23:48:17.165 [info] > git for-each-ref --format=%(refname)%00%(upstream:short)%00%(objectname)%00%(upstream:track)%00%(upstream:remotename)%00%(upstream:remoteref) refs/heads/main refs/remotes/main [1ms]
2025-02-22 23:48:17.180 [info] > git for-each-ref --sort -committerdate --format %(refname) %(objectname) %(*objectname) [2ms]
2025-02-22 23:48:17.223 [info] > git status -z -uall [51ms]
2025-02-22 23:48:22.314 [info] > git config --get commit.template [6ms]
2025-02-22 23:48:22.314 [info] > git for-each-ref --format=%(refname)%00%(upstream:short)%00%(objectname)%00%(upstream:track)%00%(upstream:remotename)%00%(upstream:remoteref) refs/heads/main refs/remotes/main [1ms]
2025-02-22 23:48:22.325 [info] > git for-each-ref --sort -committerdate --format %(refname) %(objectname) %(*objectname) [2ms]
2025-02-22 23:48:22.367 [info] > git status -z -uall [49ms]
2025-02-22 23:48:27.457 [info] > git config --get commit.template [5ms]
2025-02-22 23:48:27.458 [info] > git for-each-ref --format=%(refname)%00%(upstream:short)%00%(objectname)%00%(upstream:track)%00%(upstream:remotename)%00%(upstream:remoteref) refs/heads/main refs/remotes/main [1ms]
2025-02-22 23:48:27.468 [info] > git for-each-ref --sort -committerdate --format %(refname) %(objectname) %(*objectname) [2ms]
2025-02-22 23:48:27.510 [info] > git status -z -uall [48ms]
2025-02-22 23:48:35.069 [info] > git config --get commit.template [1ms]
2025-02-22 23:48:35.075 [info] > git for-each-ref --format=%(refname)%00%(upstream:short)%00%(objectname)%00%(upstream:track)%00%(upstream:remotename)%00%(upstream:remoteref) refs/heads/main refs/remotes/main [1ms]
2025-02-22 23:48:35.086 [info] > git for-each-ref --sort -committerdate --format %(refname) %(objectname) %(*objectname) [2ms]
2025-02-22 23:48:35.130 [info] > git status -z -uall [50ms]
2025-02-22 23:48:40.226 [info] > git config --get commit.template [5ms]
2025-02-22 23:48:40.227 [info] > git for-each-ref --format=%(refname)%00%(upstream:short)%00%(objectname)%00%(upstream:track)%00%(upstream:remotename)%00%(upstream:remoteref) refs/heads/main refs/remotes/main [1ms]
2025-02-22 23:48:40.236 [info] > git for-each-ref --sort -committerdate --format %(refname) %(objectname) %(*objectname) [1ms]
2025-02-22 23:48:40.276 [info] > git status -z -uall [45ms]
2025-02-22 23:48:45.360 [info] > git config --get commit.template [5ms]
2025-02-22 23:48:45.360 [info] > git for-each-ref --format=%(refname)%00%(upstream:short)%00%(objectname)%00%(upstream:track)%00%(upstream:remotename)%00%(upstream:remoteref) refs/heads/main refs/remotes/main [1ms]
2025-02-22 23:48:45.369 [info] > git for-each-ref --sort -committerdate --format %(refname) %(objectname) %(*objectname) [1ms]
2025-02-22 23:48:45.409 [info] > git status -z -uall [45ms]
2025-02-22 23:48:50.491 [info] > git config --get commit.template [1ms]
2025-02-22 23:48:50.497 [info] > git for-each-ref --format=%(refname)%00%(upstream:short)%00%(objectname)%00%(upstream:track)%00%(upstream:remotename)%00%(upstream:remoteref) refs/heads/main refs/remotes/main [1ms]
2025-02-22 23:48:50.506 [info] > git for-each-ref --sort -committerdate --format %(refname) %(objectname) %(*objectname) [1ms]
2025-02-22 23:48:50.546 [info] > git status -z -uall [45ms]
2025-02-22 23:48:55.635 [info] > git config --get commit.template [3ms]
2025-02-22 23:48:55.640 [info] > git for-each-ref --format=%(refname)%00%(upstream:short)%00%(objectname)%00%(upstream:track)%00%(upstream:remotename)%00%(upstream:remoteref) refs/heads/main refs/remotes/main [1ms]
2025-02-22 23:48:55.651 [info] > git for-each-ref --sort -committerdate --format %(refname) %(objectname) %(*objectname) [2ms]
2025-02-22 23:48:55.694 [info] > git status -z -uall [50ms]
2025-02-22 23:49:00.780 [info] > git config --get commit.template [4ms]
2025-02-22 23:49:00.780 [info] > git for-each-ref --format=%(refname)%00%(upstream:short)%00%(objectname)%00%(upstream:track)%00%(upstream:remotename)%00%(upstream:remoteref) refs/heads/main refs/remotes/main [1ms]
2025-02-22 23:49:00.790 [info] > git for-each-ref --sort -committerdate --format %(refname) %(objectname) %(*objectname) [1ms]
2025-02-22 23:49:00.832 [info] > git status -z -uall [48ms]
2025-02-22 23:49:08.573 [info] > git config --get commit.template [5ms]
2025-02-22 23:49:08.574 [info] > git for-each-ref --format=%(refname)%00%(upstream:short)%00%(objectname)%00%(upstream:track)%00%(upstream:remotename)%00%(upstream:remoteref) refs/heads/main refs/remotes/main [1ms]
2025-02-22 23:49:08.584 [info] > git for-each-ref --sort -committerdate --format %(refname) %(objectname) %(*objectname) [1ms]
2025-02-22 23:49:08.637 [info] > git status -z -uall [59ms]
2025-02-22 23:49:13.738 [info] > git config --get commit.template [5ms]
2025-02-22 23:49:13.738 [info] > git for-each-ref --format=%(refname)%00%(upstream:short)%00%(objectname)%00%(upstream:track)%00%(upstream:remotename)%00%(upstream:remoteref) refs/heads/main refs/remotes/main [1ms]
2025-02-22 23:49:13.748 [info] > git for-each-ref --sort -committerdate --format %(refname) %(objectname) %(*objectname) [2ms]
2025-02-22 23:49:13.792 [info] > git status -z -uall [50ms]
2025-02-22 23:49:18.885 [info] > git config --get commit.template [6ms]
2025-02-22 23:49:18.886 [info] > git for-each-ref --format=%(refname)%00%(upstream:short)%00%(objectname)%00%(upstream:track)%00%(upstream:remotename)%00%(upstream:remoteref) refs/heads/main refs/remotes/main [2ms]
2025-02-22 23:49:18.896 [info] > git for-each-ref --sort -committerdate --format %(refname) %(objectname) %(*objectname) [1ms]
2025-02-22 23:49:18.937 [info] > git status -z -uall [47ms]
2025-02-22 23:49:24.026 [info] > git config --get commit.template [5ms]
2025-02-22 23:49:24.026 [info] > git for-each-ref --format=%(refname)%00%(upstream:short)%00%(objectname)%00%(upstream:track)%00%(upstream:remotename)%00%(upstream:remoteref) refs/heads/main refs/remotes/main [1ms]
2025-02-22 23:49:24.036 [info] > git for-each-ref --sort -committerdate --format %(refname) %(objectname) %(*objectname) [1ms]
2025-02-22 23:49:24.078 [info] > git status -z -uall [48ms]
2025-02-22 23:49:29.165 [info] > git config --get commit.template [5ms]
2025-02-22 23:49:29.166 [info] > git for-each-ref --format=%(refname)%00%(upstream:short)%00%(objectname)%00%(upstream:track)%00%(upstream:remotename)%00%(upstream:remoteref) refs/heads/main refs/remotes/main [1ms]
2025-02-22 23:49:29.176 [info] > git for-each-ref --sort -committerdate --format %(refname) %(objectname) %(*objectname) [2ms]
2025-02-22 23:49:29.216 [info] > git status -z -uall [46ms]
2025-02-22 23:49:34.314 [info] > git config --get commit.template [5ms]
2025-02-22 23:49:34.315 [info] > git for-each-ref --format=%(refname)%00%(upstream:short)%00%(objectname)%00%(upstream:track)%00%(upstream:remotename)%00%(upstream:remoteref) refs/heads/main refs/remotes/main [1ms]
2025-02-22 23:49:34.325 [info] > git for-each-ref --sort -committerdate --format %(refname) %(objectname) %(*objectname) [1ms]
2025-02-22 23:49:34.365 [info] > git status -z -uall [46ms]
2025-02-22 23:49:41.925 [info] > git config --get commit.template [6ms]
2025-02-22 23:49:41.925 [info] > git for-each-ref --format=%(refname)%00%(upstream:short)%00%(objectname)%00%(upstream:track)%00%(upstream:remotename)%00%(upstream:remoteref) refs/heads/main refs/remotes/main [1ms]
2025-02-22 23:49:41.937 [info] > git for-each-ref --sort -committerdate --format %(refname) %(objectname) %(*objectname) [2ms]
2025-02-22 23:49:41.978 [info] > git status -z -uall [49ms]
2025-02-22 23:49:47.066 [info] > git config --get commit.template [5ms]
2025-02-22 23:49:47.067 [info] > git for-each-ref --format=%(refname)%00%(upstream:short)%00%(objectname)%00%(upstream:track)%00%(upstream:remotename)%00%(upstream:remoteref) refs/heads/main refs/remotes/main [1ms]
2025-02-22 23:49:47.078 [info] > git for-each-ref --sort -committerdate --format %(refname) %(objectname) %(*objectname) [2ms]
2025-02-22 23:49:47.123 [info] > git status -z -uall [51ms]
2025-02-22 23:49:52.217 [info] > git config --get commit.template [5ms]
2025-02-22 23:49:52.218 [info] > git for-each-ref --format=%(refname)%00%(upstream:short)%00%(objectname)%00%(upstream:track)%00%(upstream:remotename)%00%(upstream:remoteref) refs/heads/main refs/remotes/main [1ms]
2025-02-22 23:49:52.228 [info] > git for-each-ref --sort -committerdate --format %(refname) %(objectname) %(*objectname) [2ms]
2025-02-22 23:49:52.268 [info] > git status -z -uall [46ms]
2025-02-22 23:49:57.369 [info] > git config --get commit.template [5ms]
2025-02-22 23:49:57.369 [info] > git for-each-ref --format=%(refname)%00%(upstream:short)%00%(objectname)%00%(upstream:track)%00%(upstream:remotename)%00%(upstream:remoteref) refs/heads/main refs/remotes/main [1ms]
2025-02-22 23:49:57.379 [info] > git for-each-ref --sort -committerdate --format %(refname) %(objectname) %(*objectname) [1ms]
2025-02-22 23:49:57.420 [info] > git status -z -uall [47ms]
2025-02-22 23:50:02.511 [info] > git config --get commit.template [5ms]
2025-02-22 23:50:02.511 [info] > git for-each-ref --format=%(refname)%00%(upstream:short)%00%(objectname)%00%(upstream:track)%00%(upstream:remotename)%00%(upstream:remoteref) refs/heads/main refs/remotes/main [1ms]
2025-02-22 23:50:02.522 [info] > git for-each-ref --sort -committerdate --format %(refname) %(objectname) %(*objectname) [1ms]
2025-02-22 23:50:02.564 [info] > git status -z -uall [49ms]
2025-02-22 23:50:07.648 [info] > git config --get commit.template [5ms]
2025-02-22 23:50:07.648 [info] > git for-each-ref --format=%(refname)%00%(upstream:short)%00%(objectname)%00%(upstream:track)%00%(upstream:remotename)%00%(upstream:remoteref) refs/heads/main refs/remotes/main [1ms]
2025-02-22 23:50:07.658 [info] > git for-each-ref --sort -committerdate --format %(refname) %(objectname) %(*objectname) [1ms]
2025-02-22 23:50:07.699 [info] > git status -z -uall [47ms]
2025-02-22 23:50:12.787 [info] > git config --get commit.template [5ms]
2025-02-22 23:50:12.788 [info] > git for-each-ref --format=%(refname)%00%(upstream:short)%00%(objectname)%00%(upstream:track)%00%(upstream:remotename)%00%(upstream:remoteref) refs/heads/main refs/remotes/main [2ms]
2025-02-22 23:50:12.798 [info] > git for-each-ref --sort -committerdate --format %(refname) %(objectname) %(*objectname) [1ms]
2025-02-22 23:50:12.840 [info] > git status -z -uall [48ms]
2025-02-22 23:50:20.680 [info] > git config --get commit.template [5ms]
2025-02-22 23:50:20.681 [info] > git for-each-ref --format=%(refname)%00%(upstream:short)%00%(objectname)%00%(upstream:track)%00%(upstream:remotename)%00%(upstream:remoteref) refs/heads/main refs/remotes/main [1ms]
2025-02-22 23:50:20.692 [info] > git for-each-ref --sort -committerdate --format %(refname) %(objectname) %(*objectname) [1ms]
2025-02-22 23:50:20.736 [info] > git status -z -uall [49ms]
2025-02-22 23:50:25.838 [info] > git config --get commit.template [5ms]
2025-02-22 23:50:25.839 [info] > git for-each-ref --format=%(refname)%00%(upstream:short)%00%(objectname)%00%(upstream:track)%00%(upstream:remotename)%00%(upstream:remoteref) refs/heads/main refs/remotes/main [1ms]
2025-02-22 23:50:25.849 [info] > git for-each-ref --sort -committerdate --format %(refname) %(objectname) %(*objectname) [2ms]
2025-02-22 23:50:25.889 [info] > git status -z -uall [46ms]
2025-02-22 23:50:30.977 [info] > git config --get commit.template [5ms]
2025-02-22 23:50:30.977 [info] > git for-each-ref --format=%(refname)%00%(upstream:short)%00%(objectname)%00%(upstream:track)%00%(upstream:remotename)%00%(upstream:remoteref) refs/heads/main refs/remotes/main [1ms]
2025-02-22 23:50:30.987 [info] > git for-each-ref --sort -committerdate --format %(refname) %(objectname) %(*objectname) [1ms]
2025-02-22 23:50:31.028 [info] > git status -z -uall [47ms]
2025-02-22 23:50:36.117 [info] > git config --get commit.template [5ms]
2025-02-22 23:50:36.117 [info] > git for-each-ref --format=%(refname)%00%(upstream:short)%00%(objectname)%00%(upstream:track)%00%(upstream:remotename)%00%(upstream:remoteref) refs/heads/main refs/remotes/main [1ms]
2025-02-22 23:50:36.127 [info] > git for-each-ref --sort -committerdate --format %(refname) %(objectname) %(*objectname) [2ms]
2025-02-22 23:50:36.171 [info] > git status -z -uall [50ms]
2025-02-22 23:50:41.264 [info] > git config --get commit.template [6ms]
2025-02-22 23:50:41.264 [info] > git for-each-ref --format=%(refname)%00%(upstream:short)%00%(objectname)%00%(upstream:track)%00%(upstream:remotename)%00%(upstream:remoteref) refs/heads/main refs/remotes/main [1ms]
2025-02-22 23:50:41.275 [info] > git for-each-ref --sort -committerdate --format %(refname) %(objectname) %(*objectname) [1ms]
2025-02-22 23:50:41.316 [info] > git status -z -uall [47ms]
2025-02-22 23:50:46.404 [info] > git config --get commit.template [5ms]
2025-02-22 23:50:46.404 [info] > git for-each-ref --format=%(refname)%00%(upstream:short)%00%(objectname)%00%(upstream:track)%00%(upstream:remotename)%00%(upstream:remoteref) refs/heads/main refs/remotes/main [1ms]
2025-02-22 23:50:46.415 [info] > git for-each-ref --sort -committerdate --format %(refname) %(objectname) %(*objectname) [1ms]
2025-02-22 23:50:46.458 [info] > git status -z -uall [50ms]
2025-02-22 23:50:53.975 [info] > git config --get commit.template [6ms]
2025-02-22 23:50:53.975 [info] > git for-each-ref --format=%(refname)%00%(upstream:short)%00%(objectname)%00%(upstream:track)%00%(upstream:remotename)%00%(upstream:remoteref) refs/heads/main refs/remotes/main [1ms]
2025-02-22 23:50:53.986 [info] > git for-each-ref --sort -committerdate --format %(refname) %(objectname) %(*objectname) [1ms]
2025-02-22 23:50:54.029 [info] > git status -z -uall [49ms]
2025-02-22 23:50:59.108 [info] > git config --get commit.template [5ms]
2025-02-22 23:50:59.109 [info] > git for-each-ref --format=%(refname)%00%(upstream:short)%00%(objectname)%00%(upstream:track)%00%(upstream:remotename)%00%(upstream:remoteref) refs/heads/main refs/remotes/main [1ms]
2025-02-22 23:50:59.119 [info] > git for-each-ref --sort -committerdate --format %(refname) %(objectname) %(*objectname) [2ms]
2025-02-22 23:50:59.159 [info] > git status -z -uall [46ms]
2025-02-22 23:51:04.247 [info] > git config --get commit.template [6ms]
2025-02-22 23:51:04.248 [info] > git for-each-ref --format=%(refname)%00%(upstream:short)%00%(objectname)%00%(upstream:track)%00%(upstream:remotename)%00%(upstream:remoteref) refs/heads/main refs/remotes/main [1ms]
2025-02-22 23:51:04.259 [info] > git for-each-ref --sort -committerdate --format %(refname) %(objectname) %(*objectname) [1ms]
2025-02-22 23:51:04.300 [info] > git status -z -uall [48ms]
2025-02-22 23:51:09.391 [info] > git config --get commit.template [6ms]
2025-02-22 23:51:09.392 [info] > git for-each-ref --format=%(refname)%00%(upstream:short)%00%(objectname)%00%(upstream:track)%00%(upstream:remotename)%00%(upstream:remoteref) refs/heads/main refs/remotes/main [1ms]
2025-02-22 23:51:09.405 [info] > git for-each-ref --sort -committerdate --format %(refname) %(objectname) %(*objectname) [2ms]
2025-02-22 23:51:09.448 [info] > git status -z -uall [52ms]
2025-02-22 23:51:14.534 [info] > git config --get commit.template [5ms]
2025-02-22 23:51:14.535 [info] > git for-each-ref --format=%(refname)%00%(upstream:short)%00%(objectname)%00%(upstream:track)%00%(upstream:remotename)%00%(upstream:remoteref) refs/heads/main refs/remotes/main [1ms]
2025-02-22 23:51:14.545 [info] > git for-each-ref --sort -committerdate --format %(refname) %(objectname) %(*objectname) [1ms]
2025-02-22 23:51:14.588 [info] > git status -z -uall [49ms]
2025-02-22 23:51:19.680 [info] > git config --get commit.template [7ms]
2025-02-22 23:51:19.681 [info] > git for-each-ref --format=%(refname)%00%(upstream:short)%00%(objectname)%00%(upstream:track)%00%(upstream:remotename)%00%(upstream:remoteref) refs/heads/main refs/remotes/main [1ms]
2025-02-22 23:51:19.692 [info] > git for-each-ref --sort -committerdate --format %(refname) %(objectname) %(*objectname) [1ms]
2025-02-22 23:51:19.736 [info] > git status -z -uall [50ms]
2025-02-22 23:51:27.625 [info] > git config --get commit.template [8ms]
2025-02-22 23:51:27.626 [info] > git for-each-ref --format=%(refname)%00%(upstream:short)%00%(objectname)%00%(upstream:track)%00%(upstream:remotename)%00%(upstream:remoteref) refs/heads/main refs/remotes/main [1ms]
2025-02-22 23:51:27.640 [info] > git for-each-ref --sort -committerdate --format %(refname) %(objectname) %(*objectname) [2ms]
2025-02-22 23:51:27.689 [info] > git status -z -uall [57ms]
2025-02-22 23:51:32.792 [info] > git config --get commit.template [4ms]
2025-02-22 23:51:32.798 [info] > git for-each-ref --format=%(refname)%00%(upstream:short)%00%(objectname)%00%(upstream:track)%00%(upstream:remotename)%00%(upstream:remoteref) refs/heads/main refs/remotes/main [1ms]
2025-02-22 23:51:32.811 [info] > git for-each-ref --sort -committerdate --format %(refname) %(objectname) %(*objectname) [2ms]
2025-02-22 23:51:32.853 [info] > git status -z -uall [50ms]
2025-02-22 23:51:37.944 [info] > git config --get commit.template [7ms]
2025-02-22 23:51:37.945 [info] > git for-each-ref --format=%(refname)%00%(upstream:short)%00%(objectname)%00%(upstream:track)%00%(upstream:remotename)%00%(upstream:remoteref) refs/heads/main refs/remotes/main [2ms]
2025-02-22 23:51:37.957 [info] > git for-each-ref --sort -committerdate --format %(refname) %(objectname) %(*objectname) [2ms]
2025-02-22 23:51:38.004 [info] > git status -z -uall [55ms]
2025-02-22 23:51:43.095 [info] > git config --get commit.template [6ms]
2025-02-22 23:51:43.096 [info] > git for-each-ref --format=%(refname)%00%(upstream:short)%00%(objectname)%00%(upstream:track)%00%(upstream:remotename)%00%(upstream:remoteref) refs/heads/main refs/remotes/main [1ms]
2025-02-22 23:51:43.107 [info] > git for-each-ref --sort -committerdate --format %(refname) %(objectname) %(*objectname) [2ms]
2025-02-22 23:51:43.149 [info] > git status -z -uall [49ms]
2025-02-22 23:51:48.231 [info] > git config --get commit.template [5ms]
2025-02-22 23:51:48.232 [info] > git for-each-ref --format=%(refname)%00%(upstream:short)%00%(objectname)%00%(upstream:track)%00%(upstream:remotename)%00%(upstream:remoteref) refs/heads/main refs/remotes/main [1ms]
2025-02-22 23:51:48.245 [info] > git for-each-ref --sort -committerdate --format %(refname) %(objectname) %(*objectname) [2ms]
2025-02-22 23:51:48.288 [info] > git status -z -uall [51ms]
2025-02-22 23:51:53.375 [info] > git config --get commit.template [6ms]
2025-02-22 23:51:53.375 [info] > git for-each-ref --format=%(refname)%00%(upstream:short)%00%(objectname)%00%(upstream:track)%00%(upstream:remotename)%00%(upstream:remoteref) refs/heads/main refs/remotes/main [1ms]
2025-02-22 23:51:53.385 [info] > git for-each-ref --sort -committerdate --format %(refname) %(objectname) %(*objectname) [1ms]
2025-02-22 23:51:53.427 [info] > git status -z -uall [48ms]
2025-02-22 23:52:00.980 [info] > git config --get commit.template [6ms]
2025-02-22 23:52:00.981 [info] > git for-each-ref --format=%(refname)%00%(upstream:short)%00%(objectname)%00%(upstream:track)%00%(upstream:remotename)%00%(upstream:remoteref) refs/heads/main refs/remotes/main [2ms]
2025-02-22 23:52:00.994 [info] > git for-each-ref --sort -committerdate --format %(refname) %(objectname) %(*objectname) [1ms]
2025-02-22 23:52:01.035 [info] > git status -z -uall [50ms]
