2025-02-25 10:44:46.008 [info] [main] Log level: Info
2025-02-25 10:44:46.008 [info] [main] Validating found git in: "git"
2025-02-25 10:44:46.008 [info] [main] Using git "2.48.1" from "git"
2025-02-25 10:44:46.008 [info] [Model][doInitialScan] Initial repository scan started
2025-02-25 10:44:46.008 [info] > git rev-parse --show-toplevel [85ms]
2025-02-25 10:44:46.070 [info] > git rev-parse --show-toplevel [20ms]
2025-02-25 10:44:58.098 [info] > git rev-parse --show-toplevel [11976ms]
2025-02-25 10:44:58.366 [info] > git rev-parse --show-toplevel [116ms]
2025-02-25 10:45:27.434 [info] > git rev-parse --git-dir --git-common-dir [21710ms]
2025-02-25 10:45:27.535 [info] [Model][openRepository] Opened repository: /home/chisco/development/project/phase-0-html-document-structure-lab
2025-02-25 10:45:27.639 [info] > git config --get commit.template [38ms]
2025-02-25 10:45:27.919 [info] > git rev-parse --show-toplevel [301ms]
2025-02-25 10:45:27.978 [info] > git rev-parse --git-dir --git-common-dir [22ms]
2025-02-25 10:45:28.019 [info] [Model][openRepository] Opened repository: /home/chisco/development/project/phase-0-html-experiencing-html-lab
2025-02-25 10:45:28.071 [info] [Model][doInitialScan] Initial repository scan completed - repositories (2), closed repositories (0), parent repositories (1), unsafe repositories (0)
2025-02-25 10:45:28.082 [info] > git for-each-ref --format=%(refname)%00%(upstream:short)%00%(objectname)%00%(upstream:track)%00%(upstream:remotename)%00%(upstream:remoteref) refs/heads/master refs/remotes/master [137ms]
2025-02-25 10:45:29.372 [info] > git config --get commit.template [1240ms]
2025-02-25 10:45:29.377 [info] > git check-ignore -v -z --stdin [47ms]
2025-02-25 10:45:29.381 [info] > git check-ignore -v -z --stdin [37ms]
2025-02-25 10:45:29.462 [info] > git status -z -uall [27ms]
2025-02-25 10:45:29.466 [info] > git for-each-ref --format=%(refname)%00%(upstream:short)%00%(objectname)%00%(upstream:track)%00%(upstream:remotename)%00%(upstream:remoteref) refs/heads/master refs/remotes/master [58ms]
2025-02-25 10:45:29.473 [info] > git for-each-ref --sort -committerdate --format %(refname) %(objectname) %(*objectname) [20ms]
2025-02-25 10:45:29.646 [info] > git for-each-ref --format=%(refname)%00%(upstream:short)%00%(objectname)%00%(upstream:track)%00%(upstream:remotename)%00%(upstream:remoteref) refs/heads/master refs/remotes/master [39ms]
2025-02-25 10:45:29.709 [info] > git config --get commit.template [69ms]
2025-02-25 10:45:30.537 [info] > git status -z -uall [852ms]
2025-02-25 10:45:30.541 [info] > git config --get --local branch.master.vscode-merge-base [870ms]
2025-02-25 10:45:30.724 [info] > git check-ignore -v -z --stdin [137ms]
2025-02-25 10:45:30.726 [info] > git check-ignore -v -z --stdin [121ms]
2025-02-25 10:45:30.733 [info] > git for-each-ref --format=%(refname)%00%(upstream:short)%00%(objectname)%00%(upstream:track)%00%(upstream:remotename)%00%(upstream:remoteref) refs/heads/origin/master refs/remotes/origin/master [170ms]
2025-02-25 10:45:30.764 [info] > git for-each-ref --sort -committerdate --format %(refname) %(objectname) %(*objectname) [1059ms]
2025-02-25 10:45:30.895 [info] > git for-each-ref --format=%(refname)%00%(upstream:short)%00%(objectname)%00%(upstream:track)%00%(upstream:remotename)%00%(upstream:remoteref) refs/heads/master refs/remotes/master [45ms]
2025-02-25 10:45:30.921 [info] > git merge-base refs/heads/master refs/remotes/origin/master [162ms]
2025-02-25 10:45:30.945 [info] > git for-each-ref --format=%(refname)%00%(upstream:short)%00%(objectname)%00%(upstream:track)%00%(upstream:remotename)%00%(upstream:remoteref) refs/heads/master refs/remotes/master [277ms]
2025-02-25 10:45:31.463 [info] > git diff --name-status -z --diff-filter=ADMR a40ff3a20996308c982c4e71f634dc7789edf692...refs/remotes/origin/master [518ms]
2025-02-25 10:45:31.470 [info] > git config --get --local branch.master.vscode-merge-base [549ms]
2025-02-25 10:45:31.489 [info] > git config --get commit.template [607ms]
2025-02-25 10:45:31.887 [info] > git for-each-ref --format=%(refname)%00%(upstream:short)%00%(objectname)%00%(upstream:track)%00%(upstream:remotename)%00%(upstream:remoteref) refs/heads/origin/master refs/remotes/origin/master [399ms]
2025-02-25 10:45:31.969 [info] > git for-each-ref --format=%(refname)%00%(upstream:short)%00%(objectname)%00%(upstream:track)%00%(upstream:remotename)%00%(upstream:remoteref) refs/heads/master refs/remotes/master [171ms]
2025-02-25 10:45:32.014 [info] > git status -z -uall [71ms]
2025-02-25 10:45:32.015 [info] > git for-each-ref --sort -committerdate --format %(refname) %(objectname) %(*objectname) [59ms]
2025-02-25 10:45:32.042 [info] > git merge-base refs/heads/master refs/remotes/origin/master [121ms]
2025-02-25 10:45:32.111 [info] > git config --get commit.template [35ms]
2025-02-25 10:45:32.112 [info] > git diff --name-status -z --diff-filter=ADMR ead63f6f9f033c24127333b94914babe86b63aea...refs/remotes/origin/master [57ms]
2025-02-25 10:45:32.225 [info] > git status -z -uall [71ms]
2025-02-25 10:45:32.233 [info] > git for-each-ref --format=%(refname)%00%(upstream:short)%00%(objectname)%00%(upstream:track)%00%(upstream:remotename)%00%(upstream:remoteref) refs/heads/master refs/remotes/master [27ms]
2025-02-25 10:45:32.241 [info] > git for-each-ref --sort -committerdate --format %(refname) %(objectname) %(*objectname) [58ms]
2025-02-25 10:45:32.395 [info] > git config --get commit.template [78ms]
2025-02-25 10:45:32.495 [info] > git status -z -uall [68ms]
2025-02-25 10:45:32.496 [info] > git for-each-ref --sort -committerdate --format %(refname) %(objectname) %(*objectname) [37ms]
2025-02-25 10:45:32.551 [info] > git for-each-ref --format=%(refname)%00%(upstream:short)%00%(objectname)%00%(upstream:track)%00%(upstream:remotename)%00%(upstream:remoteref) refs/heads/master refs/remotes/master [70ms]
2025-02-25 10:45:32.657 [info] > git status -z -uall [63ms]
2025-02-25 10:45:32.664 [info] > git for-each-ref --sort -committerdate --format %(refname) %(objectname) %(*objectname) [46ms]
