0 verbose cli /home/chisco/.nvm/versions/node/v22.14.0/bin/node /home/chisco/.nvm/versions/node/v22.14.0/bin/npm
1 info using npm@10.9.2
2 info using node@v22.14.0
3 silly config load:file:/home/chisco/.nvm/versions/node/v22.14.0/lib/node_modules/npm/npmrc
4 silly config load:file:/home/chisco/.npmrc
5 silly config load:file:/home/chisco/.nvm/versions/node/v22.14.0/etc/npmrc
6 verbose title npm install
7 verbose argv "install"
8 verbose logfile logs-max:10 dir:/home/chisco/.npm/_logs/2025-02-24T16_03_33_229Z-
9 verbose logfile /home/chisco/.npm/_logs/2025-02-24T16_03_33_229Z-debug-0.log
10 silly logfile done cleaning log files
11 silly packumentCache heap:2063859712 maxSize:515964928 maxEntrySize:257982464
12 silly idealTree buildDeps
13 silly reify moves {}
14 verbose stack Error: Could not read package.json: Error: ENOENT: no such file or directory, open '/home/chisco/package.json'
14 verbose stack     at async open (node:internal/fs/promises:638:25)
14 verbose stack     at async readFile (node:internal/fs/promises:1242:14)
14 verbose stack     at async read (/home/chisco/.nvm/versions/node/v22.14.0/lib/node_modules/npm/node_modules/@npmcli/package-json/lib/read-package.js:9:18)
14 verbose stack     at async PackageJson.load (/home/chisco/.nvm/versions/node/v22.14.0/lib/node_modules/npm/node_modules/@npmcli/package-json/lib/index.js:131:31)
14 verbose stack     at async PackageJson.normalize (/home/chisco/.nvm/versions/node/v22.14.0/lib/node_modules/npm/node_modules/@npmcli/package-json/lib/index.js:117:5)
14 verbose stack     at async runScript (/home/chisco/.nvm/versions/node/v22.14.0/lib/node_modules/npm/node_modules/@npmcli/run-script/lib/run-script.js:11:28)
14 verbose stack     at async Install.exec (/home/chisco/.nvm/versions/node/v22.14.0/lib/node_modules/npm/lib/commands/install.js:163:9)
14 verbose stack     at async Npm.exec (/home/chisco/.nvm/versions/node/v22.14.0/lib/node_modules/npm/lib/npm.js:207:9)
14 verbose stack     at async module.exports (/home/chisco/.nvm/versions/node/v22.14.0/lib/node_modules/npm/lib/cli/entry.js:74:5)
15 error code ENOENT
16 error syscall open
17 error path /home/chisco/package.json
18 error errno -2
19 error enoent Could not read package.json: Error: ENOENT: no such file or directory, open '/home/chisco/package.json'
20 error enoent This is related to npm not being able to find a file.
20 error enoent
21 verbose cwd /home/chisco
22 verbose os Linux 5.15.167.4-microsoft-standard-WSL2
23 verbose node v22.14.0
24 verbose npm  v10.9.2
25 verbose exit -2
26 verbose code -2
27 error A complete log of this run can be found in: /home/chisco/.npm/_logs/2025-02-24T16_03_33_229Z-debug-0.log
