0 verbose cli /home/chisco/.nvm/versions/node/v22.14.0/bin/node /home/chisco/.nvm/versions/node/v22.14.0/bin/npm
1 info using npm@10.9.2
2 info using node@v22.14.0
3 silly config load:file:/home/chisco/.nvm/versions/node/v22.14.0/lib/node_modules/npm/npmrc
4 silly config load:file:/home/chisco/.npmrc
5 silly config load:file:/home/chisco/.nvm/versions/node/v22.14.0/etc/npmrc
6 verbose title npm update
7 verbose argv "update"
8 verbose logfile logs-max:10 dir:/home/chisco/.npm/_logs/2025-02-24T07_09_48_004Z-
9 verbose logfile /home/chisco/.npm/_logs/2025-02-24T07_09_48_004Z-debug-0.log
10 silly logfile done cleaning log files
11 silly packumentCache heap:2063859712 maxSize:515964928 maxEntrySize:257982464
12 silly idealTree buildDeps
13 silly reify moves {}
14 verbose cwd /home/chisco
15 verbose os Linux 5.15.167.4-microsoft-standard-WSL2
16 verbose node v22.14.0
17 verbose npm  v10.9.2
18 verbose exit 0
19 info ok
