2025-02-23 10:15:14.117 [info] [main] Log level: Info
2025-02-23 10:15:14.117 [info] [main] Validating found git in: "git"
2025-02-23 10:15:14.117 [info] [main] Using git "2.48.1" from "git"
2025-02-23 10:15:14.117 [info] [Model][doInitialScan] Initial repository scan started
2025-02-23 10:15:14.117 [info] > git rev-parse --show-toplevel [476ms]
2025-02-23 10:15:14.118 [info] > git rev-parse --git-dir --git-common-dir [42ms]
2025-02-23 10:15:14.118 [info] [Model][openRepository] Opened repository: /home/chisco
2025-02-23 10:15:21.704 [info] > git rev-parse --show-toplevel [7497ms]
2025-02-23 10:15:21.716 [info] > git config --get commit.template [7540ms]
2025-02-23 10:15:22.514 [info] > git check-ignore -v -z --stdin [704ms]
2025-02-23 10:15:23.120 [info] > git check-ignore -v -z --stdin [181ms]
2025-02-23 10:15:23.209 [info] > git for-each-ref --format=%(refname)%00%(upstream:short)%00%(objectname)%00%(upstream:track)%00%(upstream:remotename)%00%(upstream:remoteref) refs/heads/main refs/remotes/main [726ms]
2025-02-23 10:15:27.821 [info] > git for-each-ref --sort -committerdate --format %(refname) %(objectname) %(*objectname) [4379ms]
2025-02-23 10:15:28.310 [info] > git status -z -uall [4977ms]
2025-02-23 10:15:28.315 [info] > git rev-parse --show-toplevel [199ms]
2025-02-23 10:15:42.231 [info] > git for-each-ref --format=%(refname)%00%(upstream:short)%00%(objectname)%00%(upstream:track)%00%(upstream:remotename)%00%(upstream:remoteref) refs/heads/main refs/remotes/main [11608ms]
2025-02-23 10:15:42.260 [info] > git rev-parse --show-toplevel [13888ms]
2025-02-23 10:15:42.556 [info] > git config --get --local branch.main.vscode-merge-base [289ms]
2025-02-23 10:15:42.557 [warning] [Git][config] git config failed: Failed to execute git
2025-02-23 10:15:42.635 [info] > git config --get commit.template [949ms]
2025-02-23 10:15:42.876 [info] > git rev-parse --show-toplevel [357ms]
2025-02-23 10:15:42.997 [info] > git reflog main --grep-reflog=branch: Created from *. [370ms]
2025-02-23 10:15:43.041 [info] > git rev-parse --show-toplevel [69ms]
2025-02-23 10:15:43.052 [info] > git for-each-ref --format=%(refname)%00%(upstream:short)%00%(objectname)%00%(upstream:track)%00%(upstream:remotename)%00%(upstream:remoteref) refs/heads/main refs/remotes/main [133ms]
2025-02-23 10:15:44.913 [info] > git symbolic-ref --short refs/remotes/origin/HEAD [1894ms]
2025-02-23 10:15:44.914 [info] fatal: ref refs/remotes/origin/HEAD is not a symbolic ref
2025-02-23 10:15:44.914 [warning] [Repository][getDefaultBranch] Failed to get default branch details: Failed to execute git.
2025-02-23 10:15:45.184 [info] > git rev-parse --show-toplevel [272ms]
2025-02-23 10:15:45.185 [info] > git for-each-ref --sort -committerdate --format %(refname) %(objectname) %(*objectname) [2066ms]
2025-02-23 10:15:45.225 [info] > git rev-parse --show-toplevel [21ms]
2025-02-23 10:15:45.247 [info] > git status -z -uall [2158ms]
2025-02-23 10:15:52.310 [info] > git rev-parse --git-dir --git-common-dir [7070ms]
2025-02-23 10:15:52.326 [info] [Model][openRepository] Opened repository: /home/chisco/.nvm
2025-02-23 10:15:56.540 [info] > git rev-parse --show-toplevel [312ms]
2025-02-23 10:15:56.542 [info] > git config --get commit.template [326ms]
2025-02-23 10:15:56.590 [info] > git rev-parse --git-dir --git-common-dir [22ms]
2025-02-23 10:15:56.602 [info] [Model][openRepository] Opened repository: /home/chisco/.pyenv
2025-02-23 10:15:56.652 [info] > git for-each-ref --format %(refname) %(objectname) %(*objectname) refs/tags [65ms]
2025-02-23 10:15:56.709 [info] > git rev-parse --show-toplevel [66ms]
2025-02-23 10:15:56.711 [info] > git config --get commit.template [93ms]
2025-02-23 10:15:56.735 [info] > git for-each-ref --sort -committerdate --format %(refname) %(objectname) %(*objectname) [40ms]
2025-02-23 10:15:56.757 [info] > git rev-parse --show-toplevel [24ms]
2025-02-23 10:15:56.781 [info] > git for-each-ref --format=%(refname)%00%(upstream:short)%00%(objectname)%00%(upstream:track)%00%(upstream:remotename)%00%(upstream:remoteref) refs/heads/master refs/remotes/master [26ms]
2025-02-23 10:15:56.784 [info] > git rev-parse --show-toplevel [6ms]
2025-02-23 10:15:56.797 [warning] [Git][revParse] Unable to read file: ENOENT: no such file or directory, open '/home/chisco/.pyenv/.git/refs/remotes/origin/master'
2025-02-23 10:15:56.815 [info] > git rev-parse refs/remotes/origin/master [17ms]
2025-02-23 10:15:56.841 [info] > git status -z -uall [163ms]
2025-02-23 10:15:56.854 [info] > git rev-parse --show-toplevel [42ms]
2025-02-23 10:15:56.886 [info] > git for-each-ref --sort -committerdate --format %(refname) %(objectname) %(*objectname) [47ms]
2025-02-23 10:15:56.890 [info] > git config --get commit.template [24ms]
2025-02-23 10:15:56.915 [info] > git rev-parse --show-toplevel [32ms]
2025-02-23 10:15:56.943 [info] > git for-each-ref --format %(refname) %(objectname) %(*objectname) refs/tags [34ms]
2025-02-23 10:15:56.976 [info] > git rev-parse --git-dir --git-common-dir [46ms]
2025-02-23 10:15:56.991 [info] [Model][openRepository] Opened repository: /home/chisco/my-git-project
2025-02-23 10:15:57.022 [info] > git status -z -uall [67ms]
2025-02-23 10:15:57.023 [info] > git for-each-ref --sort -committerdate --format %(refname) %(objectname) %(*objectname) [54ms]
2025-02-23 10:15:57.039 [info] > git rev-parse --show-toplevel [19ms]
2025-02-23 10:15:57.040 [info] [Model][doInitialScan] Initial repository scan completed - repositories (4), closed repositories (0), parent repositories (0), unsafe repositories (0)
2025-02-23 10:15:57.072 [info] > git config --get commit.template [65ms]
2025-02-23 10:15:57.100 [info] > git show --textconv :my project/index.html [45ms]
2025-02-23 10:15:57.101 [info] > git ls-files --stage -- /home/chisco/my project/index.html [33ms]
2025-02-23 10:15:57.152 [info] [Git][getRemotes] No remotes found in the git config file
2025-02-23 10:15:57.161 [info] > git hash-object -t tree /dev/null [43ms]
2025-02-23 10:15:57.163 [warning] [GitFileSystemProvider][stat] File not found - git:/home/chisco/my%20project/index.html.git?%7B%22path%22%3A%22%2Fhome%2Fchisco%2Fmy%20project%2Findex.html%22%2C%22ref%22%3A%22%22%7D
2025-02-23 10:15:57.194 [info] > git config --get commit.template [96ms]
2025-02-23 10:15:57.194 [info] > git config --get commit.template [109ms]
2025-02-23 10:15:57.198 [info] > git for-each-ref --format=%(refname)%00%(upstream:short)%00%(objectname)%00%(upstream:track)%00%(upstream:remotename)%00%(upstream:remoteref) refs/heads/main refs/remotes/main [47ms]
2025-02-23 10:15:57.225 [info] > git hash-object -t tree /dev/null [89ms]
2025-02-23 10:15:57.226 [warning] [GitFileSystemProvider][readFile] File not found - git:/home/chisco/my%20project/index.html.git?%7B%22path%22%3A%22%2Fhome%2Fchisco%2Fmy%20project%2Findex.html%22%2C%22ref%22%3A%22%22%7D
2025-02-23 10:15:57.275 [info] > git status -z -uall [66ms]
2025-02-23 10:15:57.284 [info] > git for-each-ref --format=%(refname)%00%(upstream:short)%00%(objectname)%00%(upstream:track)%00%(upstream:remotename)%00%(upstream:remoteref) refs/heads/main refs/remotes/main [28ms]
2025-02-23 10:15:57.323 [info] > git for-each-ref --format %(refname) %(objectname) %(*objectname) refs/tags [80ms]
2025-02-23 10:15:57.393 [info] > git for-each-ref --sort -committerdate --format %(refname) %(objectname) %(*objectname) [168ms]
2025-02-23 10:15:59.080 [info] > git status -z -uall [2253ms]
2025-02-23 10:15:59.081 [info] > git status -z -uall [1726ms]
2025-02-23 10:15:59.082 [info] > git check-ignore -v -z --stdin [1387ms]
2025-02-23 10:15:59.088 [info] > git for-each-ref --format=%(refname)%00%(upstream:short)%00%(objectname)%00%(upstream:track)%00%(upstream:remotename)%00%(upstream:remoteref) refs/heads/main refs/remotes/main [1633ms]
2025-02-23 10:15:59.116 [info] > git for-each-ref --sort -committerdate --format %(refname) %(objectname) %(*objectname) [1723ms]
2025-02-23 10:15:59.159 [info] > git for-each-ref --sort -committerdate --format %(refname) %(objectname) %(*objectname) [1835ms]
2025-02-23 10:15:59.349 [info] > git check-ignore -v -z --stdin [150ms]
2025-02-23 10:15:59.353 [info] > git config --get --local branch.main.vscode-merge-base [239ms]
2025-02-23 10:15:59.354 [warning] [Git][config] git config failed: Failed to execute git
2025-02-23 10:15:59.376 [info] > git config --get commit.template [1654ms]
2025-02-23 10:15:59.526 [info] > git status -z -uall [2225ms]
2025-02-23 10:15:59.532 [info] > git for-each-ref --format=%(refname)%00%(upstream:short)%00%(objectname)%00%(upstream:track)%00%(upstream:remotename)%00%(upstream:remoteref) refs/heads/master refs/remotes/master [119ms]
2025-02-23 10:15:59.559 [info] > git reflog main --grep-reflog=branch: Created from *. [184ms]
2025-02-23 10:15:59.582 [info] [Git][getRemotes] No remotes found in the git config file
2025-02-23 10:15:59.599 [info] > git config --get --local branch.master.vscode-merge-base [42ms]
2025-02-23 10:15:59.619 [info] > git config --get commit.template [142ms]
2025-02-23 10:16:03.457 [info] > git check-ignore -v -z --stdin [3443ms]
2025-02-23 10:16:03.458 [info] > git for-each-ref --format=%(refname)%00%(upstream:short)%00%(objectname)%00%(upstream:track)%00%(upstream:remotename)%00%(upstream:remoteref) refs/heads/origin/master refs/remotes/origin/master [3840ms]
2025-02-23 10:16:03.469 [info] > git for-each-ref --format=%(refname)%00%(upstream:short)%00%(objectname)%00%(upstream:track)%00%(upstream:remotename)%00%(upstream:remoteref) refs/heads/main refs/remotes/main [3887ms]
2025-02-23 10:16:03.823 [info] > git status -z -uall [339ms]
2025-02-23 10:16:03.824 [info] > git for-each-ref --sort -committerdate --format %(refname) %(objectname) %(*objectname) [317ms]
2025-02-23 10:16:03.835 [info] > git merge-base refs/heads/master refs/remotes/origin/master [368ms]
2025-02-23 10:16:03.856 [info] > git for-each-ref --format=%(refname)%00%(upstream:short)%00%(objectname)%00%(upstream:track)%00%(upstream:remotename)%00%(upstream:remoteref) refs/heads/master refs/remotes/master [38ms]
2025-02-23 10:16:03.942 [info] > git diff --name-status -z --diff-filter=ADMR 47eef10ce172125f2c8761f08f1efa2385042897...refs/remotes/origin/master [93ms]
2025-02-23 10:16:03.974 [warning] [Git][revParse] Unable to read file: ENOENT: no such file or directory, open '/home/chisco/.pyenv/.git/refs/remotes/origin/master'
2025-02-23 10:16:03.978 [info] > git blame --root --incremental 65eef5337269461148f9752399441b895d819b50 -- /home/chisco/my project/index.html [38ms]
2025-02-23 10:16:03.978 [info] fatal: no such path my project/index.html in 65eef5337269461148f9752399441b895d819b50
2025-02-23 10:16:03.990 [info] > git rev-parse refs/remotes/origin/master [16ms]
2025-02-23 10:16:04.239 [info] > git status -z -uall [231ms]
2025-02-23 10:16:04.240 [info] > git for-each-ref --sort -committerdate --format %(refname) %(objectname) %(*objectname) [214ms]
2025-02-23 10:16:31.750 [info] > git config --get commit.template [11ms]
2025-02-23 10:16:31.751 [info] > git for-each-ref --format=%(refname)%00%(upstream:short)%00%(objectname)%00%(upstream:track)%00%(upstream:remotename)%00%(upstream:remoteref) refs/heads/main refs/remotes/main [5ms]
2025-02-23 10:16:31.772 [info] > git for-each-ref --sort -committerdate --format %(refname) %(objectname) %(*objectname) [3ms]
2025-02-23 10:16:31.930 [info] > git status -z -uall [171ms]
2025-02-23 10:16:37.183 [info] > git config --get commit.template [23ms]
2025-02-23 10:16:37.185 [info] > git for-each-ref --format=%(refname)%00%(upstream:short)%00%(objectname)%00%(upstream:track)%00%(upstream:remotename)%00%(upstream:remoteref) refs/heads/main refs/remotes/main [6ms]
2025-02-23 10:16:37.233 [info] > git for-each-ref --sort -committerdate --format %(refname) %(objectname) %(*objectname) [11ms]
2025-02-23 10:16:37.373 [info] > git status -z -uall [172ms]
2025-02-23 10:16:42.606 [info] > git config --get commit.template [21ms]
2025-02-23 10:16:42.609 [info] > git for-each-ref --format=%(refname)%00%(upstream:short)%00%(objectname)%00%(upstream:track)%00%(upstream:remotename)%00%(upstream:remoteref) refs/heads/main refs/remotes/main [5ms]
2025-02-23 10:16:42.645 [info] > git for-each-ref --sort -committerdate --format %(refname) %(objectname) %(*objectname) [7ms]
2025-02-23 10:16:42.852 [info] > git status -z -uall [229ms]
2025-02-23 10:16:48.166 [info] > git config --get commit.template [19ms]
2025-02-23 10:16:48.169 [info] > git for-each-ref --format=%(refname)%00%(upstream:short)%00%(objectname)%00%(upstream:track)%00%(upstream:remotename)%00%(upstream:remoteref) refs/heads/main refs/remotes/main [4ms]
2025-02-23 10:16:48.208 [info] > git for-each-ref --sort -committerdate --format %(refname) %(objectname) %(*objectname) [7ms]
2025-02-23 10:16:48.452 [info] > git status -z -uall [267ms]
2025-02-23 10:16:53.705 [info] > git config --get commit.template [15ms]
2025-02-23 10:16:53.706 [info] > git for-each-ref --format=%(refname)%00%(upstream:short)%00%(objectname)%00%(upstream:track)%00%(upstream:remotename)%00%(upstream:remoteref) refs/heads/main refs/remotes/main [3ms]
2025-02-23 10:16:53.739 [info] > git for-each-ref --sort -committerdate --format %(refname) %(objectname) %(*objectname) [6ms]
2025-02-23 10:16:53.934 [info] > git status -z -uall [215ms]
2025-02-23 10:17:01.985 [info] > git config --get commit.template [16ms]
2025-02-23 10:17:01.987 [info] > git for-each-ref --format=%(refname)%00%(upstream:short)%00%(objectname)%00%(upstream:track)%00%(upstream:remotename)%00%(upstream:remoteref) refs/heads/main refs/remotes/main [4ms]
2025-02-23 10:17:02.019 [info] > git for-each-ref --sort -committerdate --format %(refname) %(objectname) %(*objectname) [4ms]
2025-02-23 10:17:02.243 [info] > git status -z -uall [243ms]
2025-02-23 10:17:08.123 [info] > git config --get commit.template [27ms]
2025-02-23 10:17:08.127 [info] > git for-each-ref --format=%(refname)%00%(upstream:short)%00%(objectname)%00%(upstream:track)%00%(upstream:remotename)%00%(upstream:remoteref) refs/heads/main refs/remotes/main [9ms]
2025-02-23 10:17:08.182 [info] > git for-each-ref --sort -committerdate --format %(refname) %(objectname) %(*objectname) [17ms]
2025-02-23 10:17:08.271 [info] > git status -z -uall [124ms]
2025-02-23 10:17:13.554 [info] > git config --get commit.template [20ms]
2025-02-23 10:17:13.557 [info] > git for-each-ref --format=%(refname)%00%(upstream:short)%00%(objectname)%00%(upstream:track)%00%(upstream:remotename)%00%(upstream:remoteref) refs/heads/main refs/remotes/main [4ms]
2025-02-23 10:17:13.611 [info] > git for-each-ref --sort -committerdate --format %(refname) %(objectname) %(*objectname) [7ms]
2025-02-23 10:17:13.777 [info] > git status -z -uall [193ms]
2025-02-23 10:17:19.140 [info] > git config --get commit.template [16ms]
2025-02-23 10:17:19.142 [info] > git for-each-ref --format=%(refname)%00%(upstream:short)%00%(objectname)%00%(upstream:track)%00%(upstream:remotename)%00%(upstream:remoteref) refs/heads/main refs/remotes/main [4ms]
2025-02-23 10:17:19.171 [info] > git for-each-ref --sort -committerdate --format %(refname) %(objectname) %(*objectname) [6ms]
2025-02-23 10:17:19.367 [info] > git status -z -uall [215ms]
2025-02-23 10:17:24.617 [info] > git config --get commit.template [16ms]
2025-02-23 10:17:24.620 [info] > git for-each-ref --format=%(refname)%00%(upstream:short)%00%(objectname)%00%(upstream:track)%00%(upstream:remotename)%00%(upstream:remoteref) refs/heads/main refs/remotes/main [5ms]
2025-02-23 10:17:24.685 [info] > git for-each-ref --sort -committerdate --format %(refname) %(objectname) %(*objectname) [28ms]
2025-02-23 10:17:24.815 [info] > git status -z -uall [182ms]
2025-02-23 10:17:30.009 [info] > git config --get commit.template [17ms]
2025-02-23 10:17:30.012 [info] > git for-each-ref --format=%(refname)%00%(upstream:short)%00%(objectname)%00%(upstream:track)%00%(upstream:remotename)%00%(upstream:remoteref) refs/heads/main refs/remotes/main [6ms]
2025-02-23 10:17:32.744 [info] > git for-each-ref --sort -committerdate --format %(refname) %(objectname) %(*objectname) [12ms]
2025-02-23 10:17:32.974 [info] > git status -z -uall [2946ms]
2025-02-23 10:17:37.531 [info] > git check-ignore -v -z --stdin [45ms]
2025-02-23 10:17:37.533 [info] > git check-ignore -v -z --stdin [32ms]
2025-02-23 10:17:37.534 [info] > git check-ignore -v -z --stdin [19ms]
2025-02-23 10:17:37.535 [info] > git check-ignore -v -z --stdin [7ms]
2025-02-23 10:17:38.290 [info] > git config --get commit.template [12ms]
2025-02-23 10:17:38.291 [info] > git for-each-ref --format=%(refname)%00%(upstream:short)%00%(objectname)%00%(upstream:track)%00%(upstream:remotename)%00%(upstream:remoteref) refs/heads/main refs/remotes/main [5ms]
2025-02-23 10:17:38.319 [info] > git for-each-ref --sort -committerdate --format %(refname) %(objectname) %(*objectname) [6ms]
2025-02-23 10:17:38.526 [info] > git status -z -uall [225ms]
2025-02-23 10:17:41.143 [info] > git check-ignore -v -z --stdin [25ms]
2025-02-23 10:17:44.274 [info] > git config --get commit.template [36ms]
2025-02-23 10:17:44.281 [info] > git for-each-ref --format=%(refname)%00%(upstream:short)%00%(objectname)%00%(upstream:track)%00%(upstream:remotename)%00%(upstream:remoteref) refs/heads/main refs/remotes/main [13ms]
2025-02-23 10:17:44.324 [info] > git for-each-ref --sort -committerdate --format %(refname) %(objectname) %(*objectname) [11ms]
2025-02-23 10:17:44.567 [info] > git status -z -uall [272ms]
2025-02-23 10:17:49.978 [info] > git config --get commit.template [25ms]
2025-02-23 10:17:49.982 [info] > git for-each-ref --format=%(refname)%00%(upstream:short)%00%(objectname)%00%(upstream:track)%00%(upstream:remotename)%00%(upstream:remoteref) refs/heads/main refs/remotes/main [8ms]
2025-02-23 10:17:50.033 [info] > git for-each-ref --sort -committerdate --format %(refname) %(objectname) %(*objectname) [11ms]
2025-02-23 10:17:50.289 [info] > git status -z -uall [289ms]
2025-02-23 10:17:55.858 [info] > git config --get commit.template [35ms]
2025-02-23 10:17:55.863 [info] > git for-each-ref --format=%(refname)%00%(upstream:short)%00%(objectname)%00%(upstream:track)%00%(upstream:remotename)%00%(upstream:remoteref) refs/heads/main refs/remotes/main [9ms]
2025-02-23 10:17:55.918 [info] > git for-each-ref --sort -committerdate --format %(refname) %(objectname) %(*objectname) [5ms]
2025-02-23 10:17:56.014 [info] > git status -z -uall [123ms]
2025-02-23 10:18:01.570 [info] > git config --get commit.template [8ms]
2025-02-23 10:18:01.590 [info] > git for-each-ref --format=%(refname)%00%(upstream:short)%00%(objectname)%00%(upstream:track)%00%(upstream:remotename)%00%(upstream:remoteref) refs/heads/main refs/remotes/main [6ms]
2025-02-23 10:18:01.627 [info] > git for-each-ref --sort -committerdate --format %(refname) %(objectname) %(*objectname) [7ms]
2025-02-23 10:18:01.812 [info] > git status -z -uall [209ms]
2025-02-23 10:18:12.826 [info] > git config --get commit.template [30ms]
2025-02-23 10:18:12.835 [info] > git for-each-ref --format=%(refname)%00%(upstream:short)%00%(objectname)%00%(upstream:track)%00%(upstream:remotename)%00%(upstream:remoteref) refs/heads/main refs/remotes/main [12ms]
2025-02-23 10:18:12.905 [info] > git for-each-ref --sort -committerdate --format %(refname) %(objectname) %(*objectname) [4ms]
2025-02-23 10:18:12.988 [info] > git status -z -uall [111ms]
2025-02-23 10:18:18.568 [info] > git config --get commit.template [20ms]
2025-02-23 10:18:18.571 [info] > git for-each-ref --format=%(refname)%00%(upstream:short)%00%(objectname)%00%(upstream:track)%00%(upstream:remotename)%00%(upstream:remoteref) refs/heads/main refs/remotes/main [6ms]
2025-02-23 10:18:18.616 [info] > git for-each-ref --sort -committerdate --format %(refname) %(objectname) %(*objectname) [10ms]
2025-02-23 10:18:18.842 [info] > git status -z -uall [254ms]
2025-02-23 10:20:12.835 [info] > git config --get commit.template [14ms]
2025-02-23 10:20:12.836 [info] > git for-each-ref --format=%(refname)%00%(upstream:short)%00%(objectname)%00%(upstream:track)%00%(upstream:remotename)%00%(upstream:remoteref) refs/heads/main refs/remotes/main [5ms]
2025-02-23 10:20:12.860 [info] > git for-each-ref --sort -committerdate --format %(refname) %(objectname) %(*objectname) [4ms]
2025-02-23 10:20:13.016 [info] > git status -z -uall [171ms]
2025-02-23 10:20:18.429 [info] > git config --get commit.template [17ms]
2025-02-23 10:20:18.433 [info] > git for-each-ref --format=%(refname)%00%(upstream:short)%00%(objectname)%00%(upstream:track)%00%(upstream:remotename)%00%(upstream:remoteref) refs/heads/main refs/remotes/main [7ms]
2025-02-23 10:20:18.467 [info] > git for-each-ref --sort -committerdate --format %(refname) %(objectname) %(*objectname) [9ms]
2025-02-23 10:20:18.761 [info] > git status -z -uall [315ms]
2025-02-23 10:21:32.249 [info] > git config --get commit.template [15ms]
2025-02-23 10:21:32.252 [info] > git for-each-ref --format=%(refname)%00%(upstream:short)%00%(objectname)%00%(upstream:track)%00%(upstream:remotename)%00%(upstream:remoteref) refs/heads/main refs/remotes/main [4ms]
2025-02-23 10:21:32.271 [info] > git for-each-ref --sort -committerdate --format %(refname) %(objectname) %(*objectname) [2ms]
2025-02-23 10:21:32.386 [info] > git status -z -uall [123ms]
