2025-02-25 10:44:39.382 [info] [main] Log level: Info
2025-02-25 10:44:39.383 [info] [main] Validating found git in: "git"
2025-02-25 10:44:39.383 [info] [main] Using git "2.48.1" from "git"
2025-02-25 10:44:39.383 [info] [Model][doInitialScan] Initial repository scan started
2025-02-25 10:44:39.383 [info] > git rev-parse --show-toplevel [190ms]
2025-02-25 10:44:39.383 [info] > git rev-parse --git-dir --git-common-dir [638ms]
2025-02-25 10:44:39.383 [info] [Model][openRepository] Opened repository: /home/chisco
2025-02-25 10:44:39.383 [info] > git config --get commit.template [210ms]
2025-02-25 10:44:39.383 [info] > git rev-parse --show-toplevel [1724ms]
2025-02-25 10:44:39.383 [info] > git for-each-ref --format=%(refname)%00%(upstream:short)%00%(objectname)%00%(upstream:track)%00%(upstream:remotename)%00%(upstream:remoteref) refs/heads/main refs/remotes/main [3264ms]
2025-02-25 10:44:39.511 [info] > git for-each-ref --sort -committerdate --format %(refname) %(objectname) %(*objectname) [162ms]
2025-02-25 10:44:39.829 [info] > git rev-parse --show-toplevel [171ms]
2025-02-25 10:44:40.169 [info] > git check-ignore -v -z --stdin [385ms]
2025-02-25 10:44:46.129 [info] > git rev-parse --show-toplevel [6238ms]
2025-02-25 10:44:46.661 [info] > git status -z -uall [7381ms]
2025-02-25 10:44:50.873 [info] > git for-each-ref --format=%(refname)%00%(upstream:short)%00%(objectname)%00%(upstream:track)%00%(upstream:remotename)%00%(upstream:remoteref) refs/heads/main refs/remotes/main [3566ms]
2025-02-25 10:44:50.966 [info] > git rev-parse --show-toplevel [4386ms]
2025-02-25 10:44:51.955 [info] > git config --get --local branch.main.vscode-merge-base [980ms]
2025-02-25 10:44:51.955 [warning] [Git][config] git config failed: Failed to execute git
2025-02-25 10:44:52.004 [info] > git config --get commit.template [1461ms]
2025-02-25 10:44:54.565 [info] > git reflog main --grep-reflog=branch: Created from *. [2568ms]
2025-02-25 10:44:54.634 [info] > git rev-parse --show-toplevel [3399ms]
2025-02-25 10:44:54.906 [info] > git symbolic-ref --short refs/remotes/origin/HEAD [273ms]
2025-02-25 10:44:54.907 [info] fatal: ref refs/remotes/origin/HEAD is not a symbolic ref
2025-02-25 10:44:54.916 [warning] [Repository][getDefaultBranch] Failed to get default branch details: Failed to execute git.
2025-02-25 10:44:56.049 [info] > git rev-parse --show-toplevel [1266ms]
2025-02-25 10:44:56.061 [info] > git for-each-ref --format=%(refname)%00%(upstream:short)%00%(objectname)%00%(upstream:track)%00%(upstream:remotename)%00%(upstream:remoteref) refs/heads/main refs/remotes/main [1332ms]
2025-02-25 10:44:57.802 [info] > git status -z -uall [1710ms]
2025-02-25 10:44:57.805 [info] > git rev-parse --show-toplevel [1643ms]
2025-02-25 10:44:57.817 [info] > git for-each-ref --sort -committerdate --format %(refname) %(objectname) %(*objectname) [1705ms]
2025-02-25 10:45:00.906 [info] > git rev-parse --git-dir --git-common-dir [2998ms]
2025-02-25 10:45:00.975 [info] [Model][openRepository] Opened repository: /home/chisco/.nvm
2025-02-25 10:45:01.187 [info] > git config --get commit.template [140ms]
2025-02-25 10:45:01.284 [info] > git rev-parse --show-toplevel [202ms]
2025-02-25 10:45:01.477 [info] > git rev-parse --git-dir --git-common-dir [95ms]
2025-02-25 10:45:01.560 [info] [Model][openRepository] Opened repository: /home/chisco/.pyenv
2025-02-25 10:45:01.587 [info] > git for-each-ref --format %(refname) %(objectname) %(*objectname) refs/tags [246ms]
2025-02-25 10:45:01.833 [info] > git status -z -uall [215ms]
2025-02-25 10:45:01.863 [info] > git config --get commit.template [91ms]
2025-02-25 10:45:01.865 [info] > git for-each-ref --sort -committerdate --format %(refname) %(objectname) %(*objectname) [162ms]
2025-02-25 10:45:01.968 [info] > git rev-parse --show-toplevel [150ms]
2025-02-25 10:45:04.134 [info] > git for-each-ref --format=%(refname)%00%(upstream:short)%00%(objectname)%00%(upstream:track)%00%(upstream:remotename)%00%(upstream:remoteref) refs/heads/master refs/remotes/master [2097ms]
2025-02-25 10:45:04.138 [info] > git config --get commit.template [2138ms]
2025-02-25 10:45:04.264 [warning] [Git][revParse] Unable to read file: ENOENT: no such file or directory, open '/home/chisco/.pyenv/.git/refs/remotes/origin/master'
2025-02-25 10:45:05.703 [info] > git rev-parse --show-toplevel [2633ms]
2025-02-25 10:45:05.859 [info] > git check-ignore -v -z --stdin [1690ms]
2025-02-25 10:45:05.891 [info] > git check-ignore -v -z --stdin [133ms]
2025-02-25 10:45:05.912 [info] > git rev-parse refs/remotes/origin/master [1649ms]
2025-02-25 10:45:05.999 [info] > git for-each-ref --format %(refname) %(objectname) %(*objectname) refs/tags [1774ms]
2025-02-25 10:45:06.120 [info] > git status -z -uall [175ms]
2025-02-25 10:45:06.125 [info] > git status -z -uall [109ms]
2025-02-25 10:45:06.132 [info] > git for-each-ref --sort -committerdate --format %(refname) %(objectname) %(*objectname) [132ms]
2025-02-25 10:45:06.290 [info] > git rev-parse --show-toplevel [480ms]
2025-02-25 10:45:06.533 [info] > git for-each-ref --format=%(refname)%00%(upstream:short)%00%(objectname)%00%(upstream:track)%00%(upstream:remotename)%00%(upstream:remoteref) refs/heads/master refs/remotes/master [256ms]
2025-02-25 10:45:06.567 [info] > git for-each-ref --sort -committerdate --format %(refname) %(objectname) %(*objectname) [514ms]
2025-02-25 10:45:06.639 [info] > git config --get --local branch.master.vscode-merge-base [74ms]
2025-02-25 10:45:06.670 [info] > git rev-parse --show-toplevel [306ms]
2025-02-25 10:45:06.672 [info] > git config --get commit.template [343ms]
2025-02-25 10:45:06.853 [info] > git for-each-ref --format=%(refname)%00%(upstream:short)%00%(objectname)%00%(upstream:track)%00%(upstream:remotename)%00%(upstream:remoteref) refs/heads/origin/master refs/remotes/origin/master [185ms]
2025-02-25 10:45:07.311 [info] > git merge-base refs/heads/master refs/remotes/origin/master [420ms]
2025-02-25 10:45:07.356 [info] > git for-each-ref --format=%(refname)%00%(upstream:short)%00%(objectname)%00%(upstream:track)%00%(upstream:remotename)%00%(upstream:remoteref) refs/heads/master refs/remotes/master [607ms]
2025-02-25 10:45:07.358 [info] > git rev-parse --show-toplevel [646ms]
2025-02-25 10:45:07.670 [warning] [Git][revParse] Unable to read file: ENOENT: no such file or directory, open '/home/chisco/.pyenv/.git/refs/remotes/origin/master'
2025-02-25 10:45:07.737 [info] > git diff --name-status -z --diff-filter=ADMR 47eef10ce172125f2c8761f08f1efa2385042897...refs/remotes/origin/master [382ms]
2025-02-25 10:45:07.905 [info] > git rev-parse --show-toplevel [186ms]
2025-02-25 10:45:07.907 [info] > git rev-parse refs/remotes/origin/master [238ms]
2025-02-25 10:45:08.118 [info] > git for-each-ref --sort -committerdate --format %(refname) %(objectname) %(*objectname) [94ms]
2025-02-25 10:45:08.145 [info] > git status -z -uall [183ms]
2025-02-25 10:45:08.175 [info] > git rev-parse --show-toplevel [69ms]
2025-02-25 10:45:08.225 [info] > git rev-parse --git-dir --git-common-dir [15ms]
2025-02-25 10:45:08.274 [info] [Model][openRepository] Opened repository: /home/chisco/my-git-project
2025-02-25 10:45:08.380 [info] > git config --get commit.template [70ms]
2025-02-25 10:45:08.393 [info] > git rev-parse --show-toplevel [33ms]
2025-02-25 10:45:08.396 [info] [Model][doInitialScan] Initial repository scan completed - repositories (4), closed repositories (0), parent repositories (0), unsafe repositories (0)
2025-02-25 10:45:08.461 [info] [Git][getRemotes] No remotes found in the git config file
2025-02-25 10:45:08.587 [info] > git config --get commit.template [22ms]
2025-02-25 10:45:08.591 [info] > git config --get commit.template [69ms]
2025-02-25 10:45:08.593 [info] > git config --get commit.template [111ms]
2025-02-25 10:45:08.594 [info] > git for-each-ref --format=%(refname)%00%(upstream:short)%00%(objectname)%00%(upstream:track)%00%(upstream:remotename)%00%(upstream:remoteref) refs/heads/main refs/remotes/main [142ms]
2025-02-25 10:45:08.687 [info] > git status -z -uall [57ms]
2025-02-25 10:45:08.791 [info] > git for-each-ref --sort -committerdate --format %(refname) %(objectname) %(*objectname) [127ms]
2025-02-25 10:45:08.918 [info] > git for-each-ref --format=%(refname)%00%(upstream:short)%00%(objectname)%00%(upstream:track)%00%(upstream:remotename)%00%(upstream:remoteref) refs/heads/main refs/remotes/main [69ms]
2025-02-25 10:45:08.947 [info] > git for-each-ref --format=%(refname)%00%(upstream:short)%00%(objectname)%00%(upstream:track)%00%(upstream:remotename)%00%(upstream:remoteref) refs/heads/main refs/remotes/main [181ms]
2025-02-25 10:45:09.020 [info] > git for-each-ref --format %(refname) %(objectname) %(*objectname) refs/tags [277ms]
2025-02-25 10:45:09.121 [info] > git for-each-ref --format=%(refname)%00%(upstream:short)%00%(objectname)%00%(upstream:track)%00%(upstream:remotename)%00%(upstream:remoteref) refs/heads/master refs/remotes/master [404ms]
2025-02-25 10:45:10.223 [warning] [Git][revParse] Unable to read file: ENOENT: no such file or directory, open '/home/chisco/.pyenv/.git/refs/remotes/origin/master'
2025-02-25 10:45:10.305 [info] > git status -z -uall [1311ms]
2025-02-25 10:45:10.306 [info] > git status -z -uall [1238ms]
2025-02-25 10:45:10.307 [info] > git check-ignore -v -z --stdin [158ms]
2025-02-25 10:45:10.337 [info] > git for-each-ref --sort -committerdate --format %(refname) %(objectname) %(*objectname) [1211ms]
2025-02-25 10:45:10.382 [info] > git for-each-ref --sort -committerdate --format %(refname) %(objectname) %(*objectname) [1364ms]
2025-02-25 10:45:10.567 [info] > git config --get --local branch.main.vscode-merge-base [1620ms]
2025-02-25 10:45:10.568 [warning] [Git][config] git config failed: Failed to execute git
2025-02-25 10:45:10.586 [info] > git config --get commit.template [1684ms]
2025-02-25 10:45:11.372 [info] > git reflog main --grep-reflog=branch: Created from *. [787ms]
2025-02-25 10:45:11.373 [info] > git rev-parse refs/remotes/origin/master [1152ms]
2025-02-25 10:45:11.505 [info] [Git][getRemotes] No remotes found in the git config file
2025-02-25 10:45:11.523 [info] > git status -z -uall [138ms]
2025-02-25 10:45:11.525 [info] > git for-each-ref --sort -committerdate --format %(refname) %(objectname) %(*objectname) [122ms]
2025-02-25 10:45:11.597 [info] > git for-each-ref --format=%(refname)%00%(upstream:short)%00%(objectname)%00%(upstream:track)%00%(upstream:remotename)%00%(upstream:remoteref) refs/heads/main refs/remotes/main [94ms]
2025-02-25 10:45:11.701 [info] > git status -z -uall [59ms]
2025-02-25 10:45:11.719 [info] > git for-each-ref --sort -committerdate --format %(refname) %(objectname) %(*objectname) [40ms]
2025-02-25 11:10:29.841 [info] > git ls-files --stage -- /home/chisco/development/project/index.html [47ms]
2025-02-25 11:10:29.859 [info] > git show --textconv :development/project/index.html [87ms]
2025-02-25 11:10:29.867 [info] > git cat-file -s ed376a07e4110db4162d37427d15ce42f5547706 [10ms]
