2025-02-25 16:14:30.043 [info] [main] Log level: Info
2025-02-25 16:14:30.043 [info] [main] Validating found git in: "git"
2025-02-25 16:14:30.043 [info] [main] Using git "2.48.1" from "git"
2025-02-25 16:14:30.043 [info] [Model][doInitialScan] Initial repository scan started
2025-02-25 16:14:30.043 [info] > git rev-parse --show-toplevel [358ms]
2025-02-25 16:14:30.043 [info] > git rev-parse --show-toplevel [9987ms]
2025-02-25 16:14:30.591 [info] > git rev-parse --show-toplevel [78ms]
2025-02-25 16:14:33.953 [info] > git rev-parse --show-toplevel [2337ms]
2025-02-25 16:14:34.066 [info] > git rev-parse --show-toplevel [16ms]
2025-02-25 16:14:34.114 [info] > git rev-parse --git-dir --git-common-dir [20ms]
2025-02-25 16:14:34.332 [info] [Model][openRepository] Opened repository: /home/chisco/development/project/phase-0-html-document-structure-lab
2025-02-25 16:14:35.827 [info] > git rev-parse --show-toplevel [1365ms]
2025-02-25 16:14:35.841 [info] > git config --get commit.template [1415ms]
2025-02-25 16:14:36.054 [info] > git rev-parse --git-dir --git-common-dir [145ms]
2025-02-25 16:14:36.122 [info] [Model][openRepository] Opened repository: /home/chisco/development/project/phase-0-html-experiencing-html-lab
2025-02-25 16:14:36.190 [info] [Model][doInitialScan] Initial repository scan completed - repositories (2), closed repositories (0), parent repositories (1), unsafe repositories (0)
2025-02-25 16:14:36.247 [info] > git for-each-ref --format=%(refname)%00%(upstream:short)%00%(objectname)%00%(upstream:track)%00%(upstream:remotename)%00%(upstream:remoteref) refs/heads/master refs/remotes/master [301ms]
2025-02-25 16:14:36.375 [info] > git config --get commit.template [130ms]
2025-02-25 16:14:45.211 [info] > git check-ignore -v -z --stdin [8801ms]
2025-02-25 16:14:45.237 [info] > git status -z -uall [163ms]
2025-02-25 16:15:25.552 [info] > git for-each-ref --sort -committerdate --format %(refname) %(objectname) %(*objectname) [40421ms]
2025-02-25 16:15:26.414 [info] > git for-each-ref --format=%(refname)%00%(upstream:short)%00%(objectname)%00%(upstream:track)%00%(upstream:remotename)%00%(upstream:remoteref) refs/heads/master refs/remotes/master [49967ms]
2025-02-25 16:15:27.375 [info] > git check-ignore -v -z --stdin [902ms]
2025-02-25 16:15:27.405 [info] > git check-ignore -v -z --stdin [730ms]
2025-02-25 16:15:27.412 [info] > git for-each-ref --format=%(refname)%00%(upstream:short)%00%(objectname)%00%(upstream:track)%00%(upstream:remotename)%00%(upstream:remoteref) refs/heads/master refs/remotes/master [1048ms]
2025-02-25 16:15:27.885 [info] > git config --get commit.template [786ms]
2025-02-25 16:15:28.000 [info] > git config --get --local branch.master.vscode-merge-base [493ms]
2025-02-25 16:15:28.708 [info] > git status -z -uall [261ms]
2025-02-25 16:15:28.756 [info] > git for-each-ref --format=%(refname)%00%(upstream:short)%00%(objectname)%00%(upstream:track)%00%(upstream:remotename)%00%(upstream:remoteref) refs/heads/origin/master refs/remotes/origin/master [639ms]
2025-02-25 16:15:31.866 [info] > git for-each-ref --sort -committerdate --format %(refname) %(objectname) %(*objectname) [3349ms]
2025-02-25 16:15:32.205 [info] > git for-each-ref --format=%(refname)%00%(upstream:short)%00%(objectname)%00%(upstream:track)%00%(upstream:remotename)%00%(upstream:remoteref) refs/heads/master refs/remotes/master [3893ms]
2025-02-25 16:15:32.876 [info] > git for-each-ref --format=%(refname)%00%(upstream:short)%00%(objectname)%00%(upstream:track)%00%(upstream:remotename)%00%(upstream:remoteref) refs/heads/master refs/remotes/master [708ms]
2025-02-25 16:15:33.046 [info] > git merge-base refs/heads/master refs/remotes/origin/master [4193ms]
2025-02-25 16:15:33.202 [info] > git config --get --local branch.master.vscode-merge-base [152ms]
2025-02-25 16:15:33.338 [info] > git config --get commit.template [592ms]
2025-02-25 16:15:33.356 [info] > git diff --name-status -z --diff-filter=ADMR a40ff3a20996308c982c4e71f634dc7789edf692...refs/remotes/origin/master [240ms]
2025-02-25 16:15:33.981 [info] > git for-each-ref --format=%(refname)%00%(upstream:short)%00%(objectname)%00%(upstream:track)%00%(upstream:remotename)%00%(upstream:remoteref) refs/heads/origin/master refs/remotes/origin/master [647ms]
2025-02-25 16:15:34.922 [info] > git status -z -uall [1012ms]
2025-02-25 16:15:34.923 [info] > git for-each-ref --sort -committerdate --format %(refname) %(objectname) %(*objectname) [949ms]
2025-02-25 16:15:35.019 [info] > git for-each-ref --format=%(refname)%00%(upstream:short)%00%(objectname)%00%(upstream:track)%00%(upstream:remotename)%00%(upstream:remoteref) refs/heads/master refs/remotes/master [1300ms]
2025-02-25 16:15:35.147 [info] > git merge-base refs/heads/master refs/remotes/origin/master [445ms]
2025-02-25 16:15:35.370 [info] > git diff --name-status -z --diff-filter=ADMR ead63f6f9f033c24127333b94914babe86b63aea...refs/remotes/origin/master [147ms]
2025-02-25 16:15:35.548 [info] > git status -z -uall [129ms]
2025-02-25 16:15:35.550 [info] > git for-each-ref --sort -committerdate --format %(refname) %(objectname) %(*objectname) [79ms]
