2025-02-24 20:59:31.380 [info] [main] Log level: Info
2025-02-24 20:59:31.380 [info] [main] Validating found git in: "git"
2025-02-24 20:59:31.380 [info] [main] Using git "2.48.1" from "git"
2025-02-24 20:59:31.380 [info] [Model][doInitialScan] Initial repository scan started
2025-02-24 20:59:31.380 [info] > git rev-parse --show-toplevel [36ms]
2025-02-24 20:59:31.380 [info] > git rev-parse --git-dir --git-common-dir [6ms]
2025-02-24 20:59:31.380 [info] [Model][openRepository] Opened repository: /home/chisco/development/project/phase-0-html-experiencing-html-lab
2025-02-24 20:59:31.383 [info] > git config --get commit.template [9ms]
2025-02-24 20:59:31.385 [info] > git rev-parse --show-toplevel [7ms]
2025-02-24 20:59:31.403 [info] > git for-each-ref --format=%(refname)%00%(upstream:short)%00%(objectname)%00%(upstream:track)%00%(upstream:remotename)%00%(upstream:remoteref) refs/heads/master refs/remotes/master [11ms]
2025-02-24 20:59:31.405 [info] > git rev-parse --show-toplevel [4ms]
2025-02-24 20:59:31.418 [info] [Model][doInitialScan] Initial repository scan completed - repositories (1), closed repositories (0), parent repositories (0), unsafe repositories (0)
2025-02-24 20:59:31.426 [warning] [Git][revParse] Unable to read file: ENOENT: no such file or directory, open '/home/chisco/development/project/phase-0-html-experiencing-html-lab/.git/refs/remotes/origin/master'
2025-02-24 20:59:31.429 [info] > git rev-parse refs/remotes/origin/master [3ms]
2025-02-24 20:59:32.076 [info] > git status -z -uall [631ms]
2025-02-24 20:59:34.541 [info] > git for-each-ref --sort -committerdate --format %(refname) %(objectname) %(*objectname) [3083ms]
2025-02-24 20:59:34.928 [info] > git check-ignore -v -z --stdin [196ms]
2025-02-24 20:59:34.932 [info] > git for-each-ref --format=%(refname)%00%(upstream:short)%00%(objectname)%00%(upstream:track)%00%(upstream:remotename)%00%(upstream:remoteref) refs/heads/master refs/remotes/master [276ms]
2025-02-24 20:59:35.182 [info] > git config --get --local branch.master.vscode-merge-base [235ms]
2025-02-24 20:59:35.183 [warning] [Git][config] git config failed: Failed to execute git
2025-02-24 20:59:35.209 [info] > git config --get commit.template [451ms]
2025-02-24 20:59:35.290 [info] > git show --textconv :README.md [15ms]
2025-02-24 20:59:35.291 [info] > git reflog master --grep-reflog=branch: Created from *. [83ms]
2025-02-24 20:59:35.314 [info] > git check-ignore -v -z --stdin [6ms]
2025-02-24 20:59:35.316 [info] > git symbolic-ref --short refs/remotes/origin/HEAD [15ms]
2025-02-24 20:59:35.326 [info] > git ls-files --stage -- /home/chisco/development/project/phase-0-html-experiencing-html-lab/README.md [40ms]
2025-02-24 20:59:35.339 [info] > git for-each-ref --format=%(refname)%00%(upstream:short)%00%(objectname)%00%(upstream:track)%00%(upstream:remotename)%00%(upstream:remoteref) refs/heads/master refs/remotes/master [101ms]
2025-02-24 20:59:35.895 [warning] [Git][revParse] Unable to read file: ENOENT: no such file or directory, open '/home/chisco/development/project/phase-0-html-experiencing-html-lab/.git/refs/remotes/origin/master'
2025-02-24 20:59:35.907 [info] > git cat-file -s 2391398c7460bfdc768871fdabc5574077beb68e [570ms]
2025-02-24 20:59:35.909 [info] > git for-each-ref --format=%(refname)%00%(upstream:short)%00%(objectname)%00%(upstream:track)%00%(upstream:remotename)%00%(upstream:remoteref) refs/heads/origin/master refs/remotes/origin/master [584ms]
2025-02-24 20:59:36.034 [info] > git config --add --local branch.master.vscode-merge-base origin/master [112ms]
2025-02-24 20:59:36.042 [info] > git rev-parse refs/remotes/origin/master [148ms]
2025-02-24 20:59:36.114 [info] > git for-each-ref --format=%(refname)%00%(upstream:short)%00%(objectname)%00%(upstream:track)%00%(upstream:remotename)%00%(upstream:remoteref) refs/heads/master refs/remotes/master [59ms]
2025-02-24 20:59:36.480 [info] > git config --get --local branch.master.vscode-merge-base [356ms]
2025-02-24 20:59:36.499 [info] > git config --get commit.template [416ms]
2025-02-24 20:59:36.918 [info] > git for-each-ref --format=%(refname)%00%(upstream:short)%00%(objectname)%00%(upstream:track)%00%(upstream:remotename)%00%(upstream:remoteref) refs/heads/origin/master refs/remotes/origin/master [421ms]
2025-02-24 20:59:36.964 [info] > git for-each-ref --format=%(refname)%00%(upstream:short)%00%(objectname)%00%(upstream:track)%00%(upstream:remotename)%00%(upstream:remoteref) refs/heads/master refs/remotes/master [418ms]
2025-02-24 20:59:36.992 [warning] [Git][revParse] Unable to read file: ENOENT: no such file or directory, open '/home/chisco/development/project/phase-0-html-experiencing-html-lab/.git/refs/remotes/origin/master'
2025-02-24 20:59:37.113 [info] > git merge-base refs/heads/master refs/remotes/origin/master [176ms]
2025-02-24 20:59:37.155 [info] > git rev-parse refs/remotes/origin/master [162ms]
2025-02-24 20:59:37.244 [info] > git status -z -uall [79ms]
2025-02-24 20:59:37.246 [info] > git diff --name-status -z --diff-filter=ADMR 8227d50735b150ab4b4b4d88a74e4cc8687ea141...refs/remotes/origin/master [116ms]
2025-02-24 20:59:37.255 [info] > git log --format=%H%n%aN%n%aE%n%at%n%ct%n%P%n%D%n%B -z --shortstat --diff-merges=first-parent -n50 --skip=0 --topo-order --decorate=full --stdin [239ms]
2025-02-24 20:59:37.422 [info] > git for-each-ref --sort -committerdate --format %(refname) %(objectname) %(*objectname) [240ms]
2025-02-24 20:59:38.919 [info] > git ls-files --stage -- /home/chisco/development/project/phase-0-html-experiencing-html-lab/README.md [297ms]
2025-02-24 20:59:39.108 [info] > git config --get commit.template [98ms]
2025-02-24 20:59:39.112 [info] > git cat-file -s 2391398c7460bfdc768871fdabc5574077beb68e [163ms]
2025-02-24 20:59:39.502 [info] > git show --textconv :README.md [20ms]
2025-02-24 20:59:39.515 [info] > git for-each-ref --format=%(refname)%00%(upstream:short)%00%(objectname)%00%(upstream:track)%00%(upstream:remotename)%00%(upstream:remoteref) refs/heads/master refs/remotes/master [305ms]
2025-02-24 20:59:39.545 [warning] [Git][revParse] Unable to read file: ENOENT: no such file or directory, open '/home/chisco/development/project/phase-0-html-experiencing-html-lab/.git/refs/remotes/origin/master'
2025-02-24 20:59:39.763 [info] > git rev-parse refs/remotes/origin/master [219ms]
2025-02-24 20:59:39.895 [info] > git status -z -uall [107ms]
2025-02-24 20:59:39.947 [info] > git for-each-ref --sort -committerdate --format %(refname) %(objectname) %(*objectname) [134ms]
2025-02-24 21:00:21.254 [info] > git check-ignore -v -z --stdin [33ms]
2025-02-24 21:00:21.257 [info] > git show --textconv :my_list.html [23ms]
2025-02-24 21:00:21.258 [info] > git ls-files --stage -- /home/chisco/development/project/phase-0-html-experiencing-html-lab/my_list.html [13ms]
2025-02-24 21:00:21.297 [info] > git hash-object -t tree /dev/null [21ms]
2025-02-24 21:00:21.297 [warning] [GitFileSystemProvider][stat] File not found - git:/home/chisco/development/project/phase-0-html-experiencing-html-lab/my_list.html.git?%7B%22path%22%3A%22%2Fhome%2Fchisco%2Fdevelopment%2Fproject%2Fphase-0-html-experiencing-html-lab%2Fmy_list.html%22%2C%22ref%22%3A%22%22%7D
2025-02-24 21:00:21.335 [info] > git hash-object -t tree /dev/null [46ms]
2025-02-24 21:00:21.335 [warning] [GitFileSystemProvider][readFile] File not found - git:/home/chisco/development/project/phase-0-html-experiencing-html-lab/my_list.html.git?%7B%22path%22%3A%22%2Fhome%2Fchisco%2Fdevelopment%2Fproject%2Fphase-0-html-experiencing-html-lab%2Fmy_list.html%22%2C%22ref%22%3A%22%22%7D
2025-02-24 21:00:21.694 [info] > git config --get commit.template [5ms]
2025-02-24 21:00:21.749 [info] > git for-each-ref --format=%(refname)%00%(upstream:short)%00%(objectname)%00%(upstream:track)%00%(upstream:remotename)%00%(upstream:remoteref) refs/heads/master refs/remotes/master [31ms]
2025-02-24 21:00:21.763 [warning] [Git][revParse] Unable to read file: ENOENT: no such file or directory, open '/home/chisco/development/project/phase-0-html-experiencing-html-lab/.git/refs/remotes/origin/master'
2025-02-24 21:00:21.765 [info] > git rev-parse refs/remotes/origin/master [3ms]
2025-02-24 21:00:21.787 [info] > git status -z -uall [15ms]
2025-02-24 21:00:21.791 [info] > git for-each-ref --sort -committerdate --format %(refname) %(objectname) %(*objectname) [8ms]
2025-02-24 21:01:03.945 [info] > git show --textconv :package-lock.json [59ms]
2025-02-24 21:01:04.147 [info] > git ls-files --stage -- /home/chisco/development/project/phase-0-html-experiencing-html-lab/package-lock.json [234ms]
2025-02-24 21:01:04.187 [info] > git cat-file -s 6980bd2b9237c9af1a3bfd7feefb584104322d99 [18ms]
2025-02-24 21:01:14.197 [info] > git config --get commit.template [23ms]
2025-02-24 21:01:14.203 [info] > git for-each-ref --format=%(refname)%00%(upstream:short)%00%(objectname)%00%(upstream:track)%00%(upstream:remotename)%00%(upstream:remoteref) refs/heads/master refs/remotes/master [12ms]
2025-02-24 21:01:14.216 [warning] [Git][revParse] Unable to read file: ENOENT: no such file or directory, open '/home/chisco/development/project/phase-0-html-experiencing-html-lab/.git/refs/remotes/origin/master'
2025-02-24 21:01:14.222 [info] > git rev-parse refs/remotes/origin/master [5ms]
2025-02-24 21:01:14.246 [info] > git status -z -uall [14ms]
2025-02-24 21:01:14.254 [info] > git for-each-ref --sort -committerdate --format %(refname) %(objectname) %(*objectname) [10ms]
2025-02-24 21:01:29.969 [info] > git config --get commit.template [21ms]
2025-02-24 21:01:29.974 [info] > git for-each-ref --format=%(refname)%00%(upstream:short)%00%(objectname)%00%(upstream:track)%00%(upstream:remotename)%00%(upstream:remoteref) refs/heads/master refs/remotes/master [14ms]
2025-02-24 21:01:29.987 [warning] [Git][revParse] Unable to read file: ENOENT: no such file or directory, open '/home/chisco/development/project/phase-0-html-experiencing-html-lab/.git/refs/remotes/origin/master'
2025-02-24 21:01:29.993 [info] > git rev-parse refs/remotes/origin/master [6ms]
2025-02-24 21:01:30.051 [info] > git status -z -uall [20ms]
2025-02-24 21:01:30.056 [info] > git for-each-ref --sort -committerdate --format %(refname) %(objectname) %(*objectname) [7ms]
2025-02-24 21:02:00.477 [info] > git config --get commit.template [14ms]
2025-02-24 21:02:00.487 [info] > git for-each-ref --format=%(refname)%00%(upstream:short)%00%(objectname)%00%(upstream:track)%00%(upstream:remotename)%00%(upstream:remoteref) refs/heads/master refs/remotes/master [11ms]
2025-02-24 21:02:00.499 [warning] [Git][revParse] Unable to read file: ENOENT: no such file or directory, open '/home/chisco/development/project/phase-0-html-experiencing-html-lab/.git/refs/remotes/origin/master'
2025-02-24 21:02:00.507 [info] > git rev-parse refs/remotes/origin/master [8ms]
2025-02-24 21:02:00.536 [info] > git status -z -uall [19ms]
2025-02-24 21:02:00.542 [info] > git for-each-ref --sort -committerdate --format %(refname) %(objectname) %(*objectname) [10ms]
2025-02-24 21:02:00.954 [info] > git show --textconv :my_list.html [64ms]
2025-02-24 21:02:00.955 [info] > git show --textconv HEAD:my_list.html [43ms]
2025-02-24 21:02:00.957 [info] > git ls-files --stage -- /home/chisco/development/project/phase-0-html-experiencing-html-lab/my_list.html [29ms]
2025-02-24 21:02:00.978 [warning] [GitFileSystemProvider][readFile] File not found - git:/home/chisco/development/project/phase-0-html-experiencing-html-lab/my_list.html.git?%7B%22path%22%3A%22%2Fhome%2Fchisco%2Fdevelopment%2Fproject%2Fphase-0-html-experiencing-html-lab%2Fmy_list.html%22%2C%22ref%22%3A%22HEAD%22%7D
2025-02-24 21:02:00.989 [info] > git cat-file -s e69de29bb2d1d6434b8b29ae775ad8c2e48c5391 [13ms]
2025-02-24 21:02:00.993 [info] > git ls-tree -l HEAD -- /home/chisco/development/project/phase-0-html-experiencing-html-lab/my_list.html [48ms]
2025-02-24 21:02:00.998 [warning] [GitFileSystemProvider][stat] File not found - git:/home/chisco/development/project/phase-0-html-experiencing-html-lab/my_list.html.git?%7B%22path%22%3A%22%2Fhome%2Fchisco%2Fdevelopment%2Fproject%2Fphase-0-html-experiencing-html-lab%2Fmy_list.html%22%2C%22ref%22%3A%22HEAD%22%7D
2025-02-24 21:02:01.685 [info] > git ls-files --stage -- /home/chisco/development/project/phase-0-html-experiencing-html-lab/my_list.html [9ms]
2025-02-24 21:02:01.720 [info] > git cat-file -s e69de29bb2d1d6434b8b29ae775ad8c2e48c5391 [16ms]
2025-02-24 21:02:01.750 [info] > git show --textconv :my_list.html [3ms]
2025-02-24 21:02:43.305 [info] > git config --get commit.template [3ms]
2025-02-24 21:02:43.315 [info] > git for-each-ref --format=%(refname)%00%(upstream:short)%00%(objectname)%00%(upstream:track)%00%(upstream:remotename)%00%(upstream:remoteref) refs/heads/master refs/remotes/master [4ms]
2025-02-24 21:02:43.323 [warning] [Git][revParse] Unable to read file: ENOENT: no such file or directory, open '/home/chisco/development/project/phase-0-html-experiencing-html-lab/.git/refs/remotes/origin/master'
2025-02-24 21:02:43.326 [info] > git rev-parse refs/remotes/origin/master [3ms]
2025-02-24 21:02:43.343 [info] > git status -z -uall [9ms]
2025-02-24 21:02:43.347 [info] > git for-each-ref --sort -committerdate --format %(refname) %(objectname) %(*objectname) [4ms]
2025-02-24 21:02:43.369 [info] > git merge-base refs/heads/master refs/remotes/origin/master [4ms]
2025-02-24 21:02:43.387 [info] > git diff --name-status -z --diff-filter=ADMR 8227d50735b150ab4b4b4d88a74e4cc8687ea141...refs/remotes/origin/master [6ms]
2025-02-24 21:02:44.442 [info] > git ls-files --stage -- /home/chisco/development/project/phase-0-html-experiencing-html-lab/my_list.html [7ms]
2025-02-24 21:02:44.467 [info] > git cat-file -s e69de29bb2d1d6434b8b29ae775ad8c2e48c5391 [9ms]
2025-02-24 21:02:44.512 [info] > git show --textconv :my_list.html [16ms]
2025-02-24 21:03:18.589 [info] > git for-each-ref --format=%(refname)%00%(upstream:short)%00%(objectname)%00%(upstream:track)%00%(upstream:remotename)%00%(upstream:remoteref) refs/heads/master refs/remotes/master [6ms]
2025-02-24 21:03:18.590 [info] > git config --get commit.template [15ms]
2025-02-24 21:03:18.600 [warning] [Git][revParse] Unable to read file: ENOENT: no such file or directory, open '/home/chisco/development/project/phase-0-html-experiencing-html-lab/.git/refs/remotes/origin/master'
2025-02-24 21:03:18.603 [info] > git rev-parse refs/remotes/origin/master [4ms]
2025-02-24 21:03:18.623 [info] > git status -z -uall [9ms]
2025-02-24 21:03:18.627 [info] > git for-each-ref --sort -committerdate --format %(refname) %(objectname) %(*objectname) [4ms]
2025-02-24 21:04:07.181 [info] > git config --get commit.template [9ms]
2025-02-24 21:04:07.183 [info] > git for-each-ref --format=%(refname)%00%(upstream:short)%00%(objectname)%00%(upstream:track)%00%(upstream:remotename)%00%(upstream:remoteref) refs/heads/master refs/remotes/master [3ms]
2025-02-24 21:04:07.206 [info] > git status -z -uall [15ms]
2025-02-24 21:04:07.206 [info] > git for-each-ref --sort -committerdate --format %(refname) %(objectname) %(*objectname) [6ms]
2025-02-24 21:04:07.262 [info] > git merge-base refs/heads/master refs/remotes/origin/master [15ms]
2025-02-24 21:04:07.280 [info] > git diff --name-status -z --diff-filter=ADMR ead63f6f9f033c24127333b94914babe86b63aea...refs/remotes/origin/master [4ms]
2025-02-24 21:04:11.645 [info] > git config --get commit.template [22ms]
2025-02-24 21:04:11.650 [info] > git for-each-ref --format=%(refname)%00%(upstream:short)%00%(objectname)%00%(upstream:track)%00%(upstream:remotename)%00%(upstream:remoteref) refs/heads/master refs/remotes/master [9ms]
2025-02-24 21:04:11.694 [info] > git status -z -uall [22ms]
2025-02-24 21:04:11.710 [info] > git for-each-ref --sort -committerdate --format %(refname) %(objectname) %(*objectname) [21ms]
2025-02-24 21:04:11.783 [info] > git ls-files --stage -- /home/chisco/development/project/phase-0-html-experiencing-html-lab/my_list.html [9ms]
2025-02-24 21:04:11.795 [info] > git cat-file -s e69de29bb2d1d6434b8b29ae775ad8c2e48c5391 [4ms]
2025-02-24 21:04:11.812 [info] > git show --textconv :my_list.html [4ms]
2025-02-25 00:30:20.250 [info] > git blame --root --incremental ead63f6f9f033c24127333b94914babe86b63aea -- /home/chisco/development/project/phase-0-html-experiencing-html-lab/my_list.html [42ms]
2025-02-25 00:33:04.991 [info] > git config --get commit.template [22ms]
2025-02-25 00:33:04.999 [info] > git for-each-ref --format=%(refname)%00%(upstream:short)%00%(objectname)%00%(upstream:track)%00%(upstream:remotename)%00%(upstream:remoteref) refs/heads/master refs/remotes/master [11ms]
2025-02-25 00:33:05.043 [info] > git status -z -uall [24ms]
2025-02-25 00:33:05.053 [info] > git for-each-ref --sort -committerdate --format %(refname) %(objectname) %(*objectname) [12ms]
2025-02-25 00:35:00.758 [info] > git show --textconv :index.html [39ms]
2025-02-25 00:35:00.762 [warning] [GitFileSystemProvider][readFile] File not found - git:/home/chisco/development/project/phase-0-html-experiencing-html-lab/index.html.git?%7B%22path%22%3A%22%2Fhome%2Fchisco%2Fdevelopment%2Fproject%2Fphase-0-html-experiencing-html-lab%2Findex.html%22%2C%22ref%22%3A%22%22%7D
2025-02-25 00:35:00.771 [info] > git ls-files --stage -- /home/chisco/development/project/phase-0-html-experiencing-html-lab/index.html [16ms]
2025-02-25 00:35:00.773 [warning] [GitFileSystemProvider][stat] File not found - git:/home/chisco/development/project/phase-0-html-experiencing-html-lab/index.html.git?%7B%22path%22%3A%22%2Fhome%2Fchisco%2Fdevelopment%2Fproject%2Fphase-0-html-experiencing-html-lab%2Findex.html%22%2C%22ref%22%3A%22%22%7D
2025-02-25 00:35:00.787 [info] > git check-ignore -v -z --stdin [3ms]
2025-02-25 00:35:01.315 [info] > git config --get commit.template [14ms]
2025-02-25 00:35:01.341 [info] > git for-each-ref --format=%(refname)%00%(upstream:short)%00%(objectname)%00%(upstream:track)%00%(upstream:remotename)%00%(upstream:remoteref) refs/heads/master refs/remotes/master [8ms]
2025-02-25 00:35:01.384 [info] > git status -z -uall [20ms]
2025-02-25 00:35:01.393 [info] > git for-each-ref --sort -committerdate --format %(refname) %(objectname) %(*objectname) [12ms]
