2025-02-24 23:35:37.376 [info] [main] Log level: Info
2025-02-24 23:35:37.376 [info] [main] Validating found git in: "git"
2025-02-24 23:35:37.376 [info] [main] Using git "2.48.1" from "git"
2025-02-24 23:35:37.376 [info] [Model][doInitialScan] Initial repository scan started
2025-02-24 23:35:37.376 [info] > git rev-parse --show-toplevel [4332ms]
2025-02-24 23:35:37.376 [info] > git rev-parse --git-dir --git-common-dir [350ms]
2025-02-24 23:35:37.376 [info] [Model][openRepository] Opened repository: /home/chisco/development/project/phase-0-html-document-structure-lab
2025-02-24 23:35:37.488 [info] > git rev-parse --show-toplevel [41ms]
2025-02-24 23:35:37.493 [info] > git config --get commit.template [74ms]
2025-02-24 23:35:39.202 [info] > git rev-parse --show-toplevel [117ms]
2025-02-24 23:35:39.232 [info] [Model][doInitialScan] Initial repository scan completed - repositories (1), closed repositories (0), parent repositories (0), unsafe repositories (0)
2025-02-24 23:35:39.319 [info] > git for-each-ref --format=%(refname)%00%(upstream:short)%00%(objectname)%00%(upstream:track)%00%(upstream:remotename)%00%(upstream:remoteref) refs/heads/master refs/remotes/master [181ms]
2025-02-24 23:35:39.460 [warning] [Git][revParse] Unable to read file: ENOENT: no such file or directory, open '/home/chisco/development/project/phase-0-html-document-structure-lab/.git/refs/remotes/origin/master'
2025-02-24 23:35:41.767 [info] > git show --textconv :index.html [2255ms]
2025-02-24 23:35:41.769 [info] > git check-ignore -v -z --stdin [569ms]
2025-02-24 23:35:41.774 [info] > git ls-files --stage -- /home/chisco/development/project/phase-0-html-document-structure-lab/index.html [2226ms]
2025-02-24 23:35:41.819 [info] > git rev-parse refs/remotes/origin/master [2360ms]
2025-02-24 23:35:41.957 [info] > git status -z -uall [74ms]
2025-02-24 23:35:42.084 [info] > git cat-file -s 4ee34e565b001351951639c67fbe5c7b221a9b45 [280ms]
2025-02-24 23:35:42.167 [info] > git for-each-ref --sort -committerdate --format %(refname) %(objectname) %(*objectname) [257ms]
2025-02-24 23:35:42.783 [info] > git for-each-ref --format=%(refname)%00%(upstream:short)%00%(objectname)%00%(upstream:track)%00%(upstream:remotename)%00%(upstream:remoteref) refs/heads/master refs/remotes/master [362ms]
2025-02-24 23:35:43.369 [info] > git config --get commit.template [816ms]
2025-02-24 23:35:44.569 [info] > git config --get --local branch.master.vscode-merge-base [1698ms]
2025-02-24 23:35:47.690 [info] > git for-each-ref --format=%(refname)%00%(upstream:short)%00%(objectname)%00%(upstream:track)%00%(upstream:remotename)%00%(upstream:remoteref) refs/heads/master refs/remotes/master [2874ms]
2025-02-24 23:35:47.692 [info] > git for-each-ref --format=%(refname)%00%(upstream:short)%00%(objectname)%00%(upstream:track)%00%(upstream:remotename)%00%(upstream:remoteref) refs/heads/origin/master refs/remotes/origin/master [3094ms]
2025-02-24 23:36:08.822 [warning] [Git][revParse] Unable to read file: ENOENT: no such file or directory, open '/home/chisco/development/project/phase-0-html-document-structure-lab/.git/refs/remotes/origin/master'
2025-02-24 23:36:11.823 [info] > git merge-base refs/heads/master refs/remotes/origin/master [24101ms]
2025-02-24 23:36:13.982 [info] > git diff --name-status -z --diff-filter=ADMR c07b5e49b9dcb0a6bb2d2c6a05638e2a9c804d27...refs/remotes/origin/master [2041ms]
2025-02-24 23:36:14.054 [info] > git log --format=%H%n%aN%n%aE%n%at%n%ct%n%P%n%D%n%B -z --shortstat --diff-merges=first-parent -n50 --skip=0 --topo-order --decorate=full --stdin [3523ms]
2025-02-24 23:36:14.116 [info] > git rev-parse refs/remotes/origin/master [5294ms]
2025-02-24 23:36:15.855 [info] > git status -z -uall [553ms]
2025-02-24 23:36:15.862 [info] > git for-each-ref --sort -committerdate --format %(refname) %(objectname) %(*objectname) [457ms]
2025-02-24 23:36:17.158 [info] > git config --get commit.template [1149ms]
2025-02-24 23:36:17.745 [info] > git for-each-ref --format=%(refname)%00%(upstream:short)%00%(objectname)%00%(upstream:track)%00%(upstream:remotename)%00%(upstream:remoteref) refs/heads/master refs/remotes/master [287ms]
2025-02-24 23:36:18.062 [warning] [Git][revParse] Unable to read file: ENOENT: no such file or directory, open '/home/chisco/development/project/phase-0-html-document-structure-lab/.git/refs/remotes/origin/master'
2025-02-24 23:36:18.175 [info] > git rev-parse refs/remotes/origin/master [113ms]
2025-02-24 23:36:18.280 [info] > git blame --root --incremental c07b5e49b9dcb0a6bb2d2c6a05638e2a9c804d27 -- /home/chisco/development/project/phase-0-html-document-structure-lab/index.html [428ms]
2025-02-24 23:36:19.122 [info] > git status -z -uall [889ms]
2025-02-24 23:36:19.136 [info] > git for-each-ref --sort -committerdate --format %(refname) %(objectname) %(*objectname) [857ms]
2025-02-24 23:40:35.809 [info] > git check-ignore -v -z --stdin [2ms]
2025-02-24 23:40:47.381 [info] > git config --get commit.template [22ms]
2025-02-24 23:40:47.392 [info] > git for-each-ref --format=%(refname)%00%(upstream:short)%00%(objectname)%00%(upstream:track)%00%(upstream:remotename)%00%(upstream:remoteref) refs/heads/master refs/remotes/master [16ms]
2025-02-24 23:40:47.401 [warning] [Git][revParse] Unable to read file: ENOENT: no such file or directory, open '/home/chisco/development/project/phase-0-html-document-structure-lab/.git/refs/remotes/origin/master'
2025-02-24 23:40:47.406 [info] > git rev-parse refs/remotes/origin/master [4ms]
2025-02-24 23:40:47.434 [info] > git for-each-ref --sort -committerdate --format %(refname) %(objectname) %(*objectname) [7ms]
2025-02-24 23:40:47.442 [info] > git status -z -uall [24ms]
2025-02-24 23:41:13.178 [info] > git check-ignore -v -z --stdin [16ms]
2025-02-24 23:41:13.973 [info] > git config --get commit.template [19ms]
2025-02-24 23:41:13.977 [info] > git for-each-ref --format=%(refname)%00%(upstream:short)%00%(objectname)%00%(upstream:track)%00%(upstream:remotename)%00%(upstream:remoteref) refs/heads/master refs/remotes/master [8ms]
2025-02-24 23:41:13.991 [warning] [Git][revParse] Unable to read file: ENOENT: no such file or directory, open '/home/chisco/development/project/phase-0-html-document-structure-lab/.git/refs/remotes/origin/master'
2025-02-24 23:41:13.996 [info] > git rev-parse refs/remotes/origin/master [5ms]
2025-02-24 23:41:14.023 [info] > git status -z -uall [15ms]
2025-02-24 23:41:14.032 [info] > git for-each-ref --sort -committerdate --format %(refname) %(objectname) %(*objectname) [10ms]
2025-02-24 23:44:38.522 [info] > git config --get commit.template [9ms]
2025-02-24 23:44:38.527 [info] > git for-each-ref --format=%(refname)%00%(upstream:short)%00%(objectname)%00%(upstream:track)%00%(upstream:remotename)%00%(upstream:remoteref) refs/heads/master refs/remotes/master [12ms]
2025-02-24 23:44:38.534 [warning] [Git][revParse] Unable to read file: ENOENT: no such file or directory, open '/home/chisco/development/project/phase-0-html-document-structure-lab/.git/refs/remotes/origin/master'
2025-02-24 23:44:38.537 [info] > git rev-parse refs/remotes/origin/master [3ms]
2025-02-24 23:44:38.548 [info] > git status -z -uall [6ms]
2025-02-24 23:44:38.550 [info] > git for-each-ref --sort -committerdate --format %(refname) %(objectname) %(*objectname) [3ms]
2025-02-24 23:44:47.391 [info] > git config --get commit.template [20ms]
2025-02-24 23:44:47.396 [info] > git for-each-ref --format=%(refname)%00%(upstream:short)%00%(objectname)%00%(upstream:track)%00%(upstream:remotename)%00%(upstream:remoteref) refs/heads/master refs/remotes/master [8ms]
2025-02-24 23:44:47.410 [warning] [Git][revParse] Unable to read file: ENOENT: no such file or directory, open '/home/chisco/development/project/phase-0-html-document-structure-lab/.git/refs/remotes/origin/master'
2025-02-24 23:44:47.416 [info] > git rev-parse refs/remotes/origin/master [5ms]
2025-02-24 23:44:47.467 [info] > git status -z -uall [36ms]
2025-02-24 23:44:47.478 [info] > git for-each-ref --sort -committerdate --format %(refname) %(objectname) %(*objectname) [20ms]
2025-02-24 23:45:05.443 [info] > git for-each-ref --format=%(refname)%00%(upstream:short)%00%(objectname)%00%(upstream:track)%00%(upstream:remotename)%00%(upstream:remoteref) refs/heads/master refs/remotes/master [12ms]
2025-02-24 23:45:05.446 [info] > git config --get commit.template [32ms]
2025-02-24 23:45:05.462 [warning] [Git][revParse] Unable to read file: ENOENT: no such file or directory, open '/home/chisco/development/project/phase-0-html-document-structure-lab/.git/refs/remotes/origin/master'
2025-02-24 23:45:05.467 [info] > git rev-parse refs/remotes/origin/master [6ms]
2025-02-24 23:45:05.506 [info] > git status -z -uall [22ms]
2025-02-24 23:45:05.517 [info] > git for-each-ref --sort -committerdate --format %(refname) %(objectname) %(*objectname) [14ms]
2025-02-24 23:45:55.435 [info] > git config --get commit.template [29ms]
2025-02-24 23:45:55.442 [info] > git for-each-ref --format=%(refname)%00%(upstream:short)%00%(objectname)%00%(upstream:track)%00%(upstream:remotename)%00%(upstream:remoteref) refs/heads/master refs/remotes/master [11ms]
2025-02-24 23:45:55.456 [warning] [Git][revParse] Unable to read file: ENOENT: no such file or directory, open '/home/chisco/development/project/phase-0-html-document-structure-lab/.git/refs/remotes/origin/master'
2025-02-24 23:45:55.463 [info] > git rev-parse refs/remotes/origin/master [6ms]
2025-02-24 23:45:55.496 [info] > git status -z -uall [19ms]
2025-02-24 23:45:55.503 [info] > git for-each-ref --sort -committerdate --format %(refname) %(objectname) %(*objectname) [9ms]
2025-02-24 23:46:09.413 [info] > git config --get commit.template [21ms]
2025-02-24 23:46:09.418 [info] > git for-each-ref --format=%(refname)%00%(upstream:short)%00%(objectname)%00%(upstream:track)%00%(upstream:remotename)%00%(upstream:remoteref) refs/heads/master refs/remotes/master [9ms]
2025-02-24 23:46:09.433 [warning] [Git][revParse] Unable to read file: ENOENT: no such file or directory, open '/home/chisco/development/project/phase-0-html-document-structure-lab/.git/refs/remotes/origin/master'
2025-02-24 23:46:09.438 [info] > git rev-parse refs/remotes/origin/master [6ms]
2025-02-24 23:46:09.469 [info] > git status -z -uall [17ms]
2025-02-24 23:46:09.476 [info] > git for-each-ref --sort -committerdate --format %(refname) %(objectname) %(*objectname) [10ms]
2025-02-24 23:47:10.181 [info] > git config --get commit.template [21ms]
2025-02-24 23:47:10.188 [info] > git for-each-ref --format=%(refname)%00%(upstream:short)%00%(objectname)%00%(upstream:track)%00%(upstream:remotename)%00%(upstream:remoteref) refs/heads/master refs/remotes/master [11ms]
2025-02-24 23:47:10.204 [warning] [Git][revParse] Unable to read file: ENOENT: no such file or directory, open '/home/chisco/development/project/phase-0-html-document-structure-lab/.git/refs/remotes/origin/master'
2025-02-24 23:47:10.210 [info] > git rev-parse refs/remotes/origin/master [6ms]
2025-02-24 23:47:10.245 [info] > git status -z -uall [19ms]
2025-02-24 23:47:10.257 [info] > git for-each-ref --sort -committerdate --format %(refname) %(objectname) %(*objectname) [16ms]
2025-02-24 23:47:18.910 [info] > git config --get commit.template [21ms]
2025-02-24 23:47:18.917 [info] > git for-each-ref --format=%(refname)%00%(upstream:short)%00%(objectname)%00%(upstream:track)%00%(upstream:remotename)%00%(upstream:remoteref) refs/heads/master refs/remotes/master [10ms]
2025-02-24 23:47:18.932 [warning] [Git][revParse] Unable to read file: ENOENT: no such file or directory, open '/home/chisco/development/project/phase-0-html-document-structure-lab/.git/refs/remotes/origin/master'
2025-02-24 23:47:18.937 [info] > git rev-parse refs/remotes/origin/master [6ms]
2025-02-24 23:47:18.973 [info] > git status -z -uall [21ms]
2025-02-24 23:47:18.980 [info] > git for-each-ref --sort -committerdate --format %(refname) %(objectname) %(*objectname) [9ms]
2025-02-24 23:48:26.663 [info] > git config --get commit.template [13ms]
2025-02-24 23:48:26.666 [info] > git for-each-ref --format=%(refname)%00%(upstream:short)%00%(objectname)%00%(upstream:track)%00%(upstream:remotename)%00%(upstream:remoteref) refs/heads/master refs/remotes/master [5ms]
2025-02-24 23:48:26.673 [warning] [Git][revParse] Unable to read file: ENOENT: no such file or directory, open '/home/chisco/development/project/phase-0-html-document-structure-lab/.git/refs/remotes/origin/master'
2025-02-24 23:48:26.677 [info] > git rev-parse refs/remotes/origin/master [4ms]
2025-02-24 23:48:26.704 [info] > git status -z -uall [20ms]
2025-02-24 23:48:26.705 [info] > git for-each-ref --sort -committerdate --format %(refname) %(objectname) %(*objectname) [8ms]
2025-02-24 23:48:44.157 [info] > git config --get commit.template [19ms]
2025-02-24 23:48:44.162 [info] > git for-each-ref --format=%(refname)%00%(upstream:short)%00%(objectname)%00%(upstream:track)%00%(upstream:remotename)%00%(upstream:remoteref) refs/heads/master refs/remotes/master [9ms]
2025-02-24 23:48:44.177 [warning] [Git][revParse] Unable to read file: ENOENT: no such file or directory, open '/home/chisco/development/project/phase-0-html-document-structure-lab/.git/refs/remotes/origin/master'
2025-02-24 23:48:44.181 [info] > git rev-parse refs/remotes/origin/master [5ms]
2025-02-24 23:48:44.221 [info] > git status -z -uall [26ms]
2025-02-24 23:48:44.225 [info] > git for-each-ref --sort -committerdate --format %(refname) %(objectname) %(*objectname) [14ms]
2025-02-24 23:48:59.036 [info] > git config --get commit.template [26ms]
2025-02-24 23:48:59.040 [info] > git for-each-ref --format=%(refname)%00%(upstream:short)%00%(objectname)%00%(upstream:track)%00%(upstream:remotename)%00%(upstream:remoteref) refs/heads/master refs/remotes/master [8ms]
2025-02-24 23:48:59.056 [warning] [Git][revParse] Unable to read file: ENOENT: no such file or directory, open '/home/chisco/development/project/phase-0-html-document-structure-lab/.git/refs/remotes/origin/master'
2025-02-24 23:48:59.063 [info] > git rev-parse refs/remotes/origin/master [6ms]
2025-02-24 23:48:59.095 [info] > git status -z -uall [18ms]
2025-02-24 23:48:59.099 [info] > git for-each-ref --sort -committerdate --format %(refname) %(objectname) %(*objectname) [7ms]
2025-02-24 23:51:04.340 [info] > git config --get commit.template [33ms]
2025-02-24 23:51:04.342 [info] > git for-each-ref --format=%(refname)%00%(upstream:short)%00%(objectname)%00%(upstream:track)%00%(upstream:remotename)%00%(upstream:remoteref) refs/heads/master refs/remotes/master [18ms]
2025-02-24 23:51:04.359 [warning] [Git][revParse] Unable to read file: ENOENT: no such file or directory, open '/home/chisco/development/project/phase-0-html-document-structure-lab/.git/refs/remotes/origin/master'
2025-02-24 23:51:04.365 [info] > git rev-parse refs/remotes/origin/master [5ms]
2025-02-24 23:51:04.393 [info] > git status -z -uall [13ms]
2025-02-24 23:51:04.395 [info] > git for-each-ref --sort -committerdate --format %(refname) %(objectname) %(*objectname) [4ms]
2025-02-24 23:51:29.187 [info] > git config --get commit.template [18ms]
2025-02-24 23:51:29.192 [info] > git for-each-ref --format=%(refname)%00%(upstream:short)%00%(objectname)%00%(upstream:track)%00%(upstream:remotename)%00%(upstream:remoteref) refs/heads/master refs/remotes/master [7ms]
2025-02-24 23:51:29.207 [warning] [Git][revParse] Unable to read file: ENOENT: no such file or directory, open '/home/chisco/development/project/phase-0-html-document-structure-lab/.git/refs/remotes/origin/master'
2025-02-24 23:51:29.213 [info] > git rev-parse refs/remotes/origin/master [6ms]
2025-02-24 23:51:29.246 [info] > git status -z -uall [21ms]
2025-02-24 23:51:29.249 [info] > git for-each-ref --sort -committerdate --format %(refname) %(objectname) %(*objectname) [11ms]
2025-02-24 23:52:27.021 [info] > git config --get commit.template [20ms]
2025-02-24 23:52:27.023 [info] > git for-each-ref --format=%(refname)%00%(upstream:short)%00%(objectname)%00%(upstream:track)%00%(upstream:remotename)%00%(upstream:remoteref) refs/heads/master refs/remotes/master [8ms]
2025-02-24 23:52:27.035 [warning] [Git][revParse] Unable to read file: ENOENT: no such file or directory, open '/home/chisco/development/project/phase-0-html-document-structure-lab/.git/refs/remotes/origin/master'
2025-02-24 23:52:27.039 [info] > git rev-parse refs/remotes/origin/master [5ms]
2025-02-24 23:52:27.069 [info] > git status -z -uall [18ms]
2025-02-24 23:52:27.078 [info] > git for-each-ref --sort -committerdate --format %(refname) %(objectname) %(*objectname) [13ms]
2025-02-24 23:53:49.079 [info] > git config --get commit.template [22ms]
2025-02-24 23:53:49.084 [info] > git for-each-ref --format=%(refname)%00%(upstream:short)%00%(objectname)%00%(upstream:track)%00%(upstream:remotename)%00%(upstream:remoteref) refs/heads/master refs/remotes/master [9ms]
2025-02-24 23:53:49.103 [warning] [Git][revParse] Unable to read file: ENOENT: no such file or directory, open '/home/chisco/development/project/phase-0-html-document-structure-lab/.git/refs/remotes/origin/master'
2025-02-24 23:53:49.111 [info] > git rev-parse refs/remotes/origin/master [9ms]
2025-02-24 23:53:49.164 [info] > git status -z -uall [29ms]
2025-02-24 23:53:49.180 [info] > git for-each-ref --sort -committerdate --format %(refname) %(objectname) %(*objectname) [20ms]
2025-02-24 23:54:18.622 [info] > git config --get commit.template [29ms]
2025-02-24 23:54:18.634 [info] > git for-each-ref --format=%(refname)%00%(upstream:short)%00%(objectname)%00%(upstream:track)%00%(upstream:remotename)%00%(upstream:remoteref) refs/heads/master refs/remotes/master [16ms]
2025-02-24 23:54:18.655 [warning] [Git][revParse] Unable to read file: ENOENT: no such file or directory, open '/home/chisco/development/project/phase-0-html-document-structure-lab/.git/refs/remotes/origin/master'
2025-02-24 23:54:18.666 [info] > git rev-parse refs/remotes/origin/master [11ms]
2025-02-24 23:54:18.723 [info] > git status -z -uall [33ms]
2025-02-24 23:54:18.730 [info] > git for-each-ref --sort -committerdate --format %(refname) %(objectname) %(*objectname) [10ms]
2025-02-24 23:55:06.448 [info] > git config --get commit.template [43ms]
2025-02-24 23:55:06.461 [info] > git for-each-ref --format=%(refname)%00%(upstream:short)%00%(objectname)%00%(upstream:track)%00%(upstream:remotename)%00%(upstream:remoteref) refs/heads/master refs/remotes/master [19ms]
2025-02-24 23:55:06.474 [warning] [Git][revParse] Unable to read file: ENOENT: no such file or directory, open '/home/chisco/development/project/phase-0-html-document-structure-lab/.git/refs/remotes/origin/master'
2025-02-24 23:55:06.478 [info] > git rev-parse refs/remotes/origin/master [4ms]
2025-02-24 23:55:06.498 [info] > git status -z -uall [12ms]
2025-02-24 23:55:06.500 [info] > git for-each-ref --sort -committerdate --format %(refname) %(objectname) %(*objectname) [3ms]
2025-02-24 23:55:20.748 [info] > git config --get commit.template [15ms]
2025-02-24 23:55:20.753 [info] > git for-each-ref --format=%(refname)%00%(upstream:short)%00%(objectname)%00%(upstream:track)%00%(upstream:remotename)%00%(upstream:remoteref) refs/heads/master refs/remotes/master [7ms]
2025-02-24 23:55:20.764 [warning] [Git][revParse] Unable to read file: ENOENT: no such file or directory, open '/home/chisco/development/project/phase-0-html-document-structure-lab/.git/refs/remotes/origin/master'
2025-02-24 23:55:20.769 [info] > git rev-parse refs/remotes/origin/master [5ms]
2025-02-24 23:55:20.810 [info] > git status -z -uall [30ms]
2025-02-24 23:55:20.822 [info] > git for-each-ref --sort -committerdate --format %(refname) %(objectname) %(*objectname) [14ms]
2025-02-24 23:56:19.310 [info] > git config --get commit.template [21ms]
2025-02-24 23:56:19.316 [info] > git for-each-ref --format=%(refname)%00%(upstream:short)%00%(objectname)%00%(upstream:track)%00%(upstream:remotename)%00%(upstream:remoteref) refs/heads/master refs/remotes/master [9ms]
2025-02-24 23:56:19.333 [warning] [Git][revParse] Unable to read file: ENOENT: no such file or directory, open '/home/chisco/development/project/phase-0-html-document-structure-lab/.git/refs/remotes/origin/master'
2025-02-24 23:56:19.346 [info] > git rev-parse refs/remotes/origin/master [13ms]
2025-02-24 23:56:19.383 [info] > git status -z -uall [23ms]
2025-02-24 23:56:19.389 [info] > git for-each-ref --sort -committerdate --format %(refname) %(objectname) %(*objectname) [16ms]
2025-02-24 23:56:19.445 [info] > git ls-files --stage -- /home/chisco/development/project/phase-0-html-document-structure-lab/index.html [15ms]
2025-02-24 23:56:19.470 [info] > git cat-file -s 4ee34e565b001351951639c67fbe5c7b221a9b45 [9ms]
2025-02-24 23:56:19.512 [info] > git show --textconv :index.html [12ms]
2025-02-24 23:58:20.255 [info] > git config --get commit.template [14ms]
2025-02-24 23:58:20.257 [info] > git for-each-ref --format=%(refname)%00%(upstream:short)%00%(objectname)%00%(upstream:track)%00%(upstream:remotename)%00%(upstream:remoteref) refs/heads/master refs/remotes/master [5ms]
2025-02-24 23:58:20.266 [warning] [Git][revParse] Unable to read file: ENOENT: no such file or directory, open '/home/chisco/development/project/phase-0-html-document-structure-lab/.git/refs/remotes/origin/master'
2025-02-24 23:58:20.270 [info] > git rev-parse refs/remotes/origin/master [3ms]
2025-02-24 23:58:20.285 [info] > git status -z -uall [8ms]
2025-02-24 23:58:20.289 [info] > git for-each-ref --sort -committerdate --format %(refname) %(objectname) %(*objectname) [5ms]
2025-02-24 23:58:42.597 [info] > git config --get commit.template [13ms]
2025-02-24 23:58:42.601 [info] > git for-each-ref --format=%(refname)%00%(upstream:short)%00%(objectname)%00%(upstream:track)%00%(upstream:remotename)%00%(upstream:remoteref) refs/heads/master refs/remotes/master [5ms]
2025-02-24 23:58:42.612 [warning] [Git][revParse] Unable to read file: ENOENT: no such file or directory, open '/home/chisco/development/project/phase-0-html-document-structure-lab/.git/refs/remotes/origin/master'
2025-02-24 23:58:42.614 [info] > git rev-parse refs/remotes/origin/master [3ms]
2025-02-24 23:58:42.631 [info] > git status -z -uall [9ms]
2025-02-24 23:58:42.634 [info] > git for-each-ref --sort -committerdate --format %(refname) %(objectname) %(*objectname) [4ms]
2025-02-25 00:01:30.696 [info] > git config --get commit.template [24ms]
2025-02-25 00:01:30.704 [info] > git for-each-ref --format=%(refname)%00%(upstream:short)%00%(objectname)%00%(upstream:track)%00%(upstream:remotename)%00%(upstream:remoteref) refs/heads/master refs/remotes/master [13ms]
2025-02-25 00:01:30.722 [warning] [Git][revParse] Unable to read file: ENOENT: no such file or directory, open '/home/chisco/development/project/phase-0-html-document-structure-lab/.git/refs/remotes/origin/master'
2025-02-25 00:01:30.728 [info] > git rev-parse refs/remotes/origin/master [6ms]
2025-02-25 00:01:30.764 [info] > git status -z -uall [25ms]
2025-02-25 00:01:30.773 [info] > git for-each-ref --sort -committerdate --format %(refname) %(objectname) %(*objectname) [17ms]
2025-02-25 00:01:43.391 [info] > git config --get commit.template [22ms]
2025-02-25 00:01:43.395 [info] > git for-each-ref --format=%(refname)%00%(upstream:short)%00%(objectname)%00%(upstream:track)%00%(upstream:remotename)%00%(upstream:remoteref) refs/heads/master refs/remotes/master [6ms]
2025-02-25 00:01:43.408 [warning] [Git][revParse] Unable to read file: ENOENT: no such file or directory, open '/home/chisco/development/project/phase-0-html-document-structure-lab/.git/refs/remotes/origin/master'
2025-02-25 00:01:43.416 [info] > git rev-parse refs/remotes/origin/master [8ms]
2025-02-25 00:01:43.447 [info] > git status -z -uall [17ms]
2025-02-25 00:01:43.452 [info] > git for-each-ref --sort -committerdate --format %(refname) %(objectname) %(*objectname) [8ms]
2025-02-25 00:02:24.796 [info] > git config --get commit.template [22ms]
2025-02-25 00:02:24.801 [info] > git for-each-ref --format=%(refname)%00%(upstream:short)%00%(objectname)%00%(upstream:track)%00%(upstream:remotename)%00%(upstream:remoteref) refs/heads/master refs/remotes/master [8ms]
2025-02-25 00:02:24.816 [warning] [Git][revParse] Unable to read file: ENOENT: no such file or directory, open '/home/chisco/development/project/phase-0-html-document-structure-lab/.git/refs/remotes/origin/master'
2025-02-25 00:02:24.821 [info] > git rev-parse refs/remotes/origin/master [5ms]
2025-02-25 00:02:24.860 [info] > git status -z -uall [19ms]
2025-02-25 00:02:24.870 [info] > git for-each-ref --sort -committerdate --format %(refname) %(objectname) %(*objectname) [12ms]
2025-02-25 00:04:06.243 [info] > git config --get commit.template [29ms]
2025-02-25 00:04:06.257 [info] > git for-each-ref --format=%(refname)%00%(upstream:short)%00%(objectname)%00%(upstream:track)%00%(upstream:remotename)%00%(upstream:remoteref) refs/heads/master refs/remotes/master [19ms]
2025-02-25 00:04:06.283 [warning] [Git][revParse] Unable to read file: ENOENT: no such file or directory, open '/home/chisco/development/project/phase-0-html-document-structure-lab/.git/refs/remotes/origin/master'
2025-02-25 00:04:06.290 [info] > git rev-parse refs/remotes/origin/master [6ms]
2025-02-25 00:04:06.341 [info] > git status -z -uall [27ms]
2025-02-25 00:04:06.352 [info] > git for-each-ref --sort -committerdate --format %(refname) %(objectname) %(*objectname) [16ms]
2025-02-25 00:04:17.104 [info] > git config --get commit.template [15ms]
2025-02-25 00:04:17.107 [info] > git for-each-ref --format=%(refname)%00%(upstream:short)%00%(objectname)%00%(upstream:track)%00%(upstream:remotename)%00%(upstream:remoteref) refs/heads/master refs/remotes/master [5ms]
2025-02-25 00:04:17.120 [warning] [Git][revParse] Unable to read file: ENOENT: no such file or directory, open '/home/chisco/development/project/phase-0-html-document-structure-lab/.git/refs/remotes/origin/master'
2025-02-25 00:04:17.125 [info] > git rev-parse refs/remotes/origin/master [5ms]
2025-02-25 00:04:17.157 [info] > git status -z -uall [22ms]
2025-02-25 00:04:17.160 [info] > git for-each-ref --sort -committerdate --format %(refname) %(objectname) %(*objectname) [10ms]
2025-02-25 00:05:09.809 [info] > git config --get commit.template [35ms]
2025-02-25 00:05:09.822 [info] > git for-each-ref --format=%(refname)%00%(upstream:short)%00%(objectname)%00%(upstream:track)%00%(upstream:remotename)%00%(upstream:remoteref) refs/heads/master refs/remotes/master [17ms]
2025-02-25 00:05:09.847 [warning] [Git][revParse] Unable to read file: ENOENT: no such file or directory, open '/home/chisco/development/project/phase-0-html-document-structure-lab/.git/refs/remotes/origin/master'
2025-02-25 00:05:09.862 [info] > git rev-parse refs/remotes/origin/master [15ms]
2025-02-25 00:05:09.888 [info] > git status -z -uall [11ms]
2025-02-25 00:05:09.891 [info] > git for-each-ref --sort -committerdate --format %(refname) %(objectname) %(*objectname) [5ms]
2025-02-25 00:05:19.487 [info] > git config --get commit.template [6ms]
2025-02-25 00:05:19.498 [info] > git for-each-ref --format=%(refname)%00%(upstream:short)%00%(objectname)%00%(upstream:track)%00%(upstream:remotename)%00%(upstream:remoteref) refs/heads/master refs/remotes/master [3ms]
2025-02-25 00:05:19.505 [warning] [Git][revParse] Unable to read file: ENOENT: no such file or directory, open '/home/chisco/development/project/phase-0-html-document-structure-lab/.git/refs/remotes/origin/master'
2025-02-25 00:05:19.508 [info] > git rev-parse refs/remotes/origin/master [3ms]
2025-02-25 00:05:19.521 [info] > git status -z -uall [7ms]
2025-02-25 00:05:19.524 [info] > git for-each-ref --sort -committerdate --format %(refname) %(objectname) %(*objectname) [4ms]
2025-02-25 00:05:19.854 [info] > git show --textconv HEAD:index.html [8ms]
2025-02-25 00:05:19.862 [info] > git ls-tree -l HEAD -- /home/chisco/development/project/phase-0-html-document-structure-lab/index.html [9ms]
2025-02-25 00:05:20.605 [info] > git ls-files --stage -- /home/chisco/development/project/phase-0-html-document-structure-lab/index.html [11ms]
2025-02-25 00:05:20.618 [info] > git ls-tree -l HEAD -- /home/chisco/development/project/phase-0-html-document-structure-lab/index.html [14ms]
2025-02-25 00:05:20.621 [info] > git cat-file -s 54a82f8f4eb3d5c1a175331f05f388154caaeea1 [6ms]
2025-02-25 00:05:20.656 [info] > git show --textconv HEAD:index.html [15ms]
2025-02-25 00:05:20.662 [info] > git show --textconv :index.html [8ms]
2025-02-25 00:06:12.002 [info] > git config --get commit.template [15ms]
2025-02-25 00:06:12.009 [info] > git for-each-ref --format=%(refname)%00%(upstream:short)%00%(objectname)%00%(upstream:track)%00%(upstream:remotename)%00%(upstream:remoteref) refs/heads/master refs/remotes/master [10ms]
2025-02-25 00:06:12.023 [warning] [Git][revParse] Unable to read file: ENOENT: no such file or directory, open '/home/chisco/development/project/phase-0-html-document-structure-lab/.git/refs/remotes/origin/master'
2025-02-25 00:06:12.025 [info] > git rev-parse refs/remotes/origin/master [2ms]
2025-02-25 00:06:12.042 [info] > git status -z -uall [9ms]
2025-02-25 00:06:12.047 [info] > git for-each-ref --sort -committerdate --format %(refname) %(objectname) %(*objectname) [6ms]
2025-02-25 00:06:12.081 [info] > git merge-base refs/heads/master refs/remotes/origin/master [6ms]
2025-02-25 00:06:12.090 [info] > git blame --root --incremental a40ff3a20996308c982c4e71f634dc7789edf692 -- /home/chisco/development/project/phase-0-html-document-structure-lab/index.html [28ms]
2025-02-25 00:06:12.098 [info] > git diff --name-status -z --diff-filter=ADMR c07b5e49b9dcb0a6bb2d2c6a05638e2a9c804d27...refs/remotes/origin/master [9ms]
2025-02-25 00:06:12.218 [info] > git log --format=%H%n%aN%n%aE%n%at%n%ct%n%P%n%D%n%B -z --shortstat --diff-merges=first-parent -n50 --skip=0 --topo-order --decorate=full --stdin [52ms]
2025-02-25 00:06:13.122 [info] > git ls-files --stage -- /home/chisco/development/project/phase-0-html-document-structure-lab/index.html [9ms]
2025-02-25 00:06:13.148 [info] > git cat-file -s 54a82f8f4eb3d5c1a175331f05f388154caaeea1 [10ms]
2025-02-25 00:06:13.194 [info] > git show --textconv :index.html [12ms]
2025-02-25 00:06:58.118 [info] > git config --get commit.template [6ms]
2025-02-25 00:06:58.128 [info] > git for-each-ref --format=%(refname)%00%(upstream:short)%00%(objectname)%00%(upstream:track)%00%(upstream:remotename)%00%(upstream:remoteref) refs/heads/master refs/remotes/master [2ms]
2025-02-25 00:06:58.146 [info] > git status -z -uall [11ms]
2025-02-25 00:06:58.150 [info] > git for-each-ref --sort -committerdate --format %(refname) %(objectname) %(*objectname) [4ms]
2025-02-25 00:06:58.173 [info] > git merge-base refs/heads/master refs/remotes/origin/master [3ms]
2025-02-25 00:06:58.190 [info] > git diff --name-status -z --diff-filter=ADMR a40ff3a20996308c982c4e71f634dc7789edf692...refs/remotes/origin/master [5ms]
2025-02-25 00:06:58.274 [info] > git log --format=%H%n%aN%n%aE%n%at%n%ct%n%P%n%D%n%B -z --shortstat --diff-merges=first-parent -n50 --skip=0 --topo-order --decorate=full --stdin [23ms]
2025-02-25 00:06:59.233 [info] > git ls-files --stage -- /home/chisco/development/project/phase-0-html-document-structure-lab/index.html [5ms]
2025-02-25 00:06:59.258 [info] > git cat-file -s 54a82f8f4eb3d5c1a175331f05f388154caaeea1 [9ms]
2025-02-25 00:06:59.292 [info] > git show --textconv :index.html [8ms]
2025-02-25 00:07:02.306 [info] > git config --get commit.template [19ms]
2025-02-25 00:07:02.312 [info] > git for-each-ref --format=%(refname)%00%(upstream:short)%00%(objectname)%00%(upstream:track)%00%(upstream:remotename)%00%(upstream:remoteref) refs/heads/master refs/remotes/master [8ms]
2025-02-25 00:07:02.344 [info] > git status -z -uall [15ms]
2025-02-25 00:07:02.348 [info] > git for-each-ref --sort -committerdate --format %(refname) %(objectname) %(*objectname) [6ms]
2025-02-25 00:07:02.436 [info] > git ls-files --stage -- /home/chisco/development/project/phase-0-html-document-structure-lab/index.html [9ms]
2025-02-25 00:07:02.453 [info] > git cat-file -s 54a82f8f4eb3d5c1a175331f05f388154caaeea1 [5ms]
2025-02-25 00:07:02.484 [info] > git show --textconv :index.html [8ms]
