2025-02-22 23:38:55.327 [info] [main] Log level: Info
2025-02-22 23:38:55.327 [info] [main] Validating found git in: "git"
2025-02-22 23:38:55.327 [info] [main] Using git "2.48.1" from "git"
2025-02-22 23:38:55.327 [info] [Model][doInitialScan] Initial repository scan started
2025-02-22 23:38:55.327 [info] > git rev-parse --show-toplevel [1430ms]
2025-02-22 23:38:55.327 [info] > git rev-parse --git-dir --git-common-dir [54ms]
2025-02-22 23:38:55.327 [info] [Model][openRepository] Opened repository: /home/chisco
2025-02-22 23:38:55.327 [info] > git rev-parse --show-toplevel [56ms]
2025-02-22 23:38:55.327 [info] > git config --get commit.template [62ms]
2025-02-22 23:38:55.763 [info] > git for-each-ref --format=%(refname)%00%(upstream:short)%00%(objectname)%00%(upstream:track)%00%(upstream:remotename)%00%(upstream:remoteref) refs/heads/main refs/remotes/main [41ms]
2025-02-22 23:38:55.798 [info] > git for-each-ref --sort -committerdate --format %(refname) %(objectname) %(*objectname) [15ms]
2025-02-22 23:38:55.819 [info] > git rev-parse --show-toplevel [3ms]
2025-02-22 23:38:55.831 [info] > git rev-parse --show-toplevel [4ms]
2025-02-22 23:38:55.847 [info] > git rev-parse --show-toplevel [8ms]
2025-02-22 23:38:55.864 [info] > git rev-parse --show-toplevel [5ms]
2025-02-22 23:38:55.883 [info] > git rev-parse --show-toplevel [9ms]
2025-02-22 23:38:55.900 [info] > git rev-parse --show-toplevel [7ms]
2025-02-22 23:38:56.691 [info] > git check-ignore -v -z --stdin [11ms]
2025-02-22 23:38:56.693 [info] > git rev-parse --git-dir --git-common-dir [20ms]
2025-02-22 23:38:56.700 [info] [Model][openRepository] Opened repository: /home/chisco/.nvm
2025-02-22 23:38:56.726 [info] > git rev-parse --show-toplevel [11ms]
2025-02-22 23:38:56.727 [info] > git config --get commit.template [17ms]
2025-02-22 23:38:56.752 [info] > git status -z -uall [979ms]
2025-02-22 23:38:56.753 [info] > git rev-parse --git-dir --git-common-dir [19ms]
2025-02-22 23:38:56.764 [info] [Model][openRepository] Opened repository: /home/chisco/.pyenv
2025-02-22 23:38:56.786 [info] > git for-each-ref --format %(refname) %(objectname) %(*objectname) refs/tags [43ms]
2025-02-22 23:38:59.067 [info] > git status -z -uall [2274ms]
2025-02-22 23:38:59.067 [info] > git for-each-ref --format=%(refname)%00%(upstream:short)%00%(objectname)%00%(upstream:track)%00%(upstream:remotename)%00%(upstream:remoteref) refs/heads/main refs/remotes/main [1911ms]
2025-02-22 23:38:59.074 [info] > git for-each-ref --sort -committerdate --format %(refname) %(objectname) %(*objectname) [2273ms]
2025-02-22 23:38:59.084 [info] > git rev-parse --show-toplevel [2301ms]
2025-02-22 23:38:59.085 [info] > git config --get commit.template [2308ms]
2025-02-22 23:38:59.137 [info] > git config --get --local branch.main.vscode-merge-base [64ms]
2025-02-22 23:38:59.138 [warning] [Git][config] git config failed: Failed to execute git
2025-02-22 23:38:59.152 [info] > git config --get commit.template [109ms]
2025-02-22 23:38:59.176 [info] > git reflog main --grep-reflog=branch: Created from *. [26ms]
2025-02-22 23:38:59.184 [info] > git rev-parse --show-toplevel [49ms]
2025-02-22 23:38:59.184 [info] > git config --get commit.template [58ms]
2025-02-22 23:38:59.207 [info] > git for-each-ref --format=%(refname)%00%(upstream:short)%00%(objectname)%00%(upstream:track)%00%(upstream:remotename)%00%(upstream:remoteref) refs/heads/master refs/remotes/master [36ms]
2025-02-22 23:38:59.222 [info] > git rev-parse --show-toplevel [16ms]
2025-02-22 23:38:59.223 [info] > git for-each-ref --format=%(refname)%00%(upstream:short)%00%(objectname)%00%(upstream:track)%00%(upstream:remotename)%00%(upstream:remoteref) refs/heads/main refs/remotes/main [22ms]
2025-02-22 23:38:59.234 [info] > git symbolic-ref --short refs/remotes/origin/HEAD [51ms]
2025-02-22 23:38:59.234 [info] fatal: ref refs/remotes/origin/HEAD is not a symbolic ref
2025-02-22 23:38:59.234 [warning] [Repository][getDefaultBranch] Failed to get default branch details: Failed to execute git.
2025-02-22 23:38:59.240 [warning] [Git][revParse] Unable to read file: ENOENT: no such file or directory, open '/home/chisco/.pyenv/.git/refs/remotes/origin/master'
2025-02-22 23:38:59.249 [info] > git for-each-ref --sort -committerdate --format %(refname) %(objectname) %(*objectname) [16ms]
2025-02-22 23:38:59.250 [info] > git for-each-ref --format %(refname) %(objectname) %(*objectname) refs/tags [30ms]
2025-02-22 23:38:59.331 [info] > git rev-parse --show-toplevel [84ms]
2025-02-22 23:38:59.331 [info] > git rev-parse refs/remotes/origin/master [91ms]
2025-02-22 23:38:59.357 [info] > git status -z -uall [82ms]
2025-02-22 23:38:59.359 [info] > git for-each-ref --sort -committerdate --format %(refname) %(objectname) %(*objectname) [76ms]
2025-02-22 23:38:59.367 [info] > git rev-parse --show-toplevel [11ms]
2025-02-22 23:38:59.368 [info] > git for-each-ref --sort -committerdate --format %(refname) %(objectname) %(*objectname) [18ms]
2025-02-22 23:38:59.377 [info] > git rev-parse --git-dir --git-common-dir [3ms]
2025-02-22 23:38:59.389 [info] [Model][openRepository] Opened repository: /home/chisco/my-git-project
2025-02-22 23:38:59.411 [info] > git rev-parse --show-toplevel [8ms]
2025-02-22 23:38:59.418 [info] [Model][doInitialScan] Initial repository scan completed - repositories (4), closed repositories (0), parent repositories (0), unsafe repositories (0)
2025-02-22 23:38:59.435 [info] > git config --get commit.template [37ms]
2025-02-22 23:38:59.532 [info] > git show --textconv :my project/index.html [104ms]
2025-02-22 23:38:59.545 [info] [Git][getRemotes] No remotes found in the git config file
2025-02-22 23:38:59.572 [info] > git ls-files --stage -- /home/chisco/my project/index.html [138ms]
2025-02-22 23:38:59.580 [info] > git for-each-ref --format=%(refname)%00%(upstream:short)%00%(objectname)%00%(upstream:track)%00%(upstream:remotename)%00%(upstream:remoteref) refs/heads/main refs/remotes/main [35ms]
2025-02-22 23:38:59.592 [info] > git hash-object -t tree /dev/null [53ms]
2025-02-22 23:38:59.592 [warning] [GitFileSystemProvider][readFile] File not found - git:/home/chisco/my%20project/index.html.git?%7B%22path%22%3A%22%2Fhome%2Fchisco%2Fmy%20project%2Findex.html%22%2C%22ref%22%3A%22%22%7D
2025-02-22 23:38:59.610 [info] > git status -z -uall [382ms]
2025-02-22 23:38:59.611 [info] > git status -z -uall [26ms]
2025-02-22 23:38:59.611 [info] > git for-each-ref --sort -committerdate --format %(refname) %(objectname) %(*objectname) [20ms]
2025-02-22 23:38:59.623 [info] > git hash-object -t tree /dev/null [47ms]
2025-02-22 23:38:59.623 [warning] [GitFileSystemProvider][stat] File not found - git:/home/chisco/my%20project/index.html.git?%7B%22path%22%3A%22%2Fhome%2Fchisco%2Fmy%20project%2Findex.html%22%2C%22ref%22%3A%22%22%7D
2025-02-22 23:38:59.631 [info] > git for-each-ref --format=%(refname)%00%(upstream:short)%00%(objectname)%00%(upstream:track)%00%(upstream:remotename)%00%(upstream:remoteref) refs/heads/main refs/remotes/main [11ms]
2025-02-22 23:39:01.769 [info] > git status -z -uall [2432ms]
2025-02-22 23:39:01.779 [info] > git config --get --local branch.main.vscode-merge-base [2143ms]
2025-02-22 23:39:01.779 [warning] [Git][config] git config failed: Failed to execute git
2025-02-22 23:39:01.786 [info] > git config --get commit.template [2158ms]
2025-02-22 23:39:04.269 [info] > git check-ignore -v -z --stdin [2405ms]
2025-02-22 23:39:04.271 [info] > git check-ignore -v -z --stdin [2391ms]
2025-02-22 23:39:04.272 [info] > git check-ignore -v -z --stdin [2384ms]
2025-02-22 23:39:04.272 [info] > git check-ignore -v -z --stdin [2373ms]
2025-02-22 23:39:04.274 [info] > git for-each-ref --format=%(refname)%00%(upstream:short)%00%(objectname)%00%(upstream:track)%00%(upstream:remotename)%00%(upstream:remoteref) refs/heads/master refs/remotes/master [2474ms]
2025-02-22 23:39:04.280 [info] > git reflog main --grep-reflog=branch: Created from *. [2495ms]
2025-02-22 23:39:04.297 [info] [Git][getRemotes] No remotes found in the git config file
2025-02-22 23:39:04.314 [info] > git config --get --local branch.master.vscode-merge-base [33ms]
2025-02-22 23:39:04.324 [info] > git config --get commit.template [64ms]
2025-02-22 23:39:04.324 [info] > git config --get commit.template [69ms]
2025-02-22 23:39:04.325 [info] > git config --get commit.template [75ms]
2025-02-22 23:39:04.368 [info] > git for-each-ref --format=%(refname)%00%(upstream:short)%00%(objectname)%00%(upstream:track)%00%(upstream:remotename)%00%(upstream:remoteref) refs/heads/origin/master refs/remotes/origin/master [46ms]
2025-02-22 23:39:04.375 [info] > git for-each-ref --format=%(refname)%00%(upstream:short)%00%(objectname)%00%(upstream:track)%00%(upstream:remotename)%00%(upstream:remoteref) refs/heads/main refs/remotes/main [79ms]
2025-02-22 23:39:04.499 [info] > git status -z -uall [118ms]
2025-02-22 23:39:04.500 [info] > git merge-base refs/heads/master refs/remotes/origin/master [125ms]
2025-02-22 23:39:04.528 [info] > git for-each-ref --format=%(refname)%00%(upstream:short)%00%(objectname)%00%(upstream:track)%00%(upstream:remotename)%00%(upstream:remoteref) refs/heads/master refs/remotes/master [124ms]
2025-02-22 23:39:04.528 [info] > git for-each-ref --format=%(refname)%00%(upstream:short)%00%(objectname)%00%(upstream:track)%00%(upstream:remotename)%00%(upstream:remoteref) refs/heads/main refs/remotes/main [130ms]
2025-02-22 23:39:04.547 [info] > git for-each-ref --format %(refname) %(objectname) %(*objectname) refs/tags [154ms]
2025-02-22 23:39:04.560 [info] > git for-each-ref --sort -committerdate --format %(refname) %(objectname) %(*objectname) [174ms]
2025-02-22 23:39:04.579 [warning] [Git][revParse] Unable to read file: ENOENT: no such file or directory, open '/home/chisco/.pyenv/.git/refs/remotes/origin/master'
2025-02-22 23:39:04.593 [info] > git status -z -uall [39ms]
2025-02-22 23:39:04.594 [info] > git for-each-ref --sort -committerdate --format %(refname) %(objectname) %(*objectname) [34ms]
2025-02-22 23:39:04.601 [info] > git for-each-ref --sort -committerdate --format %(refname) %(objectname) %(*objectname) [54ms]
2025-02-22 23:39:04.602 [info] > git blame --root --incremental 65eef5337269461148f9752399441b895d819b50 -- /home/chisco/my project/index.html [80ms]
2025-02-22 23:39:04.602 [info] fatal: no such path my project/index.html in 65eef5337269461148f9752399441b895d819b50
2025-02-22 23:39:04.604 [info] > git diff --name-status -z --diff-filter=ADMR 47eef10ce172125f2c8761f08f1efa2385042897...refs/remotes/origin/master [96ms]
2025-02-22 23:39:04.608 [info] > git config --get commit.template [22ms]
2025-02-22 23:39:04.608 [info] > git rev-parse refs/remotes/origin/master [29ms]
2025-02-22 23:39:04.633 [info] [Git][getRemotes] No remotes found in the git config file
2025-02-22 23:39:04.639 [info] > git for-each-ref --sort -committerdate --format %(refname) %(objectname) %(*objectname) [17ms]
2025-02-22 23:39:04.907 [info] > git for-each-ref --format=%(refname)%00%(upstream:short)%00%(objectname)%00%(upstream:track)%00%(upstream:remotename)%00%(upstream:remoteref) refs/heads/main refs/remotes/main [275ms]
2025-02-22 23:39:02.537 [info] > git status -z -uall [-2076ms]
2025-02-22 23:39:02.537 [info] > git status -z -uall [-2376ms]
2025-02-22 23:39:02.550 [info] > git for-each-ref --sort -committerdate --format %(refname) %(objectname) %(*objectname) [20ms]
2025-02-22 23:39:02.558 [info] > git status -z -uall [-1981ms]
2025-02-22 23:39:06.595 [info] > git config --get commit.template [173ms]
2025-02-22 23:39:06.613 [info] > git for-each-ref --format=%(refname)%00%(upstream:short)%00%(objectname)%00%(upstream:track)%00%(upstream:remotename)%00%(upstream:remoteref) refs/heads/main refs/remotes/main [3ms]
2025-02-22 23:39:06.626 [info] > git for-each-ref --sort -committerdate --format %(refname) %(objectname) %(*objectname) [2ms]
2025-02-22 23:39:06.697 [info] > git status -z -uall [79ms]
2025-02-22 23:39:16.278 [info] > git config --get commit.template [8ms]
2025-02-22 23:39:16.279 [info] > git for-each-ref --format=%(refname)%00%(upstream:short)%00%(objectname)%00%(upstream:track)%00%(upstream:remotename)%00%(upstream:remoteref) refs/heads/main refs/remotes/main [2ms]
2025-02-22 23:39:16.290 [info] > git for-each-ref --sort -committerdate --format %(refname) %(objectname) %(*objectname) [2ms]
2025-02-22 23:39:16.342 [info] > git status -z -uall [59ms]
2025-02-22 23:39:21.454 [info] > git config --get commit.template [10ms]
2025-02-22 23:39:21.456 [info] > git for-each-ref --format=%(refname)%00%(upstream:short)%00%(objectname)%00%(upstream:track)%00%(upstream:remotename)%00%(upstream:remoteref) refs/heads/main refs/remotes/main [4ms]
2025-02-22 23:39:21.474 [info] > git for-each-ref --sort -committerdate --format %(refname) %(objectname) %(*objectname) [3ms]
2025-02-22 23:39:21.534 [info] > git status -z -uall [71ms]
2025-02-22 23:39:26.639 [info] > git config --get commit.template [7ms]
2025-02-22 23:39:26.639 [info] > git for-each-ref --format=%(refname)%00%(upstream:short)%00%(objectname)%00%(upstream:track)%00%(upstream:remotename)%00%(upstream:remoteref) refs/heads/main refs/remotes/main [2ms]
2025-02-22 23:39:26.652 [info] > git for-each-ref --sort -committerdate --format %(refname) %(objectname) %(*objectname) [3ms]
2025-02-22 23:39:26.706 [info] > git status -z -uall [62ms]
2025-02-22 23:39:29.675 [info] > git log --format=%H%n%aN%n%aE%n%at%n%ct%n%P%n%D%n%B -z -n51 --shortstat --follow -- /home/chisco/my project/index.html [2ms]
2025-02-22 23:39:31.807 [info] > git config --get commit.template [3ms]
2025-02-22 23:39:31.807 [info] > git for-each-ref --format=%(refname)%00%(upstream:short)%00%(objectname)%00%(upstream:track)%00%(upstream:remotename)%00%(upstream:remoteref) refs/heads/main refs/remotes/main [1ms]
2025-02-22 23:39:31.815 [info] > git for-each-ref --sort -committerdate --format %(refname) %(objectname) %(*objectname) [1ms]
2025-02-22 23:39:31.860 [info] > git status -z -uall [50ms]
2025-02-22 23:39:36.957 [info] > git config --get commit.template [6ms]
2025-02-22 23:39:36.969 [info] > git for-each-ref --format=%(refname)%00%(upstream:short)%00%(objectname)%00%(upstream:track)%00%(upstream:remotename)%00%(upstream:remoteref) refs/heads/main refs/remotes/main [4ms]
2025-02-22 23:39:36.980 [info] > git for-each-ref --sort -committerdate --format %(refname) %(objectname) %(*objectname) [2ms]
2025-02-22 23:39:37.037 [info] > git status -z -uall [63ms]
2025-02-22 23:39:42.146 [info] > git config --get commit.template [7ms]
2025-02-22 23:39:42.147 [info] > git for-each-ref --format=%(refname)%00%(upstream:short)%00%(objectname)%00%(upstream:track)%00%(upstream:remotename)%00%(upstream:remoteref) refs/heads/main refs/remotes/main [1ms]
2025-02-22 23:39:42.159 [info] > git for-each-ref --sort -committerdate --format %(refname) %(objectname) %(*objectname) [2ms]
2025-02-22 23:39:42.206 [info] > git status -z -uall [54ms]
2025-02-22 23:39:47.310 [info] > git config --get commit.template [6ms]
2025-02-22 23:39:47.312 [info] > git for-each-ref --format=%(refname)%00%(upstream:short)%00%(objectname)%00%(upstream:track)%00%(upstream:remotename)%00%(upstream:remoteref) refs/heads/main refs/remotes/main [2ms]
2025-02-22 23:39:47.323 [info] > git for-each-ref --sort -committerdate --format %(refname) %(objectname) %(*objectname) [1ms]
2025-02-22 23:39:47.374 [info] > git status -z -uall [57ms]
2025-02-22 23:39:52.484 [info] > git config --get commit.template [8ms]
2025-02-22 23:39:52.485 [info] > git for-each-ref --format=%(refname)%00%(upstream:short)%00%(objectname)%00%(upstream:track)%00%(upstream:remotename)%00%(upstream:remoteref) refs/heads/main refs/remotes/main [1ms]
2025-02-22 23:39:52.497 [info] > git for-each-ref --sort -committerdate --format %(refname) %(objectname) %(*objectname) [1ms]
2025-02-22 23:39:52.539 [info] > git status -z -uall [48ms]
2025-02-22 23:39:59.835 [info] > git config --get commit.template [6ms]
2025-02-22 23:39:59.836 [info] > git for-each-ref --format=%(refname)%00%(upstream:short)%00%(objectname)%00%(upstream:track)%00%(upstream:remotename)%00%(upstream:remoteref) refs/heads/main refs/remotes/main [1ms]
2025-02-22 23:39:59.844 [info] > git for-each-ref --sort -committerdate --format %(refname) %(objectname) %(*objectname) [1ms]
2025-02-22 23:39:59.896 [info] > git status -z -uall [57ms]
2025-02-22 23:40:04.982 [info] > git config --get commit.template [5ms]
2025-02-22 23:40:04.983 [info] > git for-each-ref --format=%(refname)%00%(upstream:short)%00%(objectname)%00%(upstream:track)%00%(upstream:remotename)%00%(upstream:remoteref) refs/heads/main refs/remotes/main [1ms]
2025-02-22 23:40:04.993 [info] > git for-each-ref --sort -committerdate --format %(refname) %(objectname) %(*objectname) [2ms]
2025-02-22 23:40:05.035 [info] > git status -z -uall [47ms]
2025-02-22 23:40:10.127 [info] > git config --get commit.template [6ms]
2025-02-22 23:40:10.128 [info] > git for-each-ref --format=%(refname)%00%(upstream:short)%00%(objectname)%00%(upstream:track)%00%(upstream:remotename)%00%(upstream:remoteref) refs/heads/main refs/remotes/main [2ms]
2025-02-22 23:40:10.138 [info] > git for-each-ref --sort -committerdate --format %(refname) %(objectname) %(*objectname) [2ms]
2025-02-22 23:40:10.181 [info] > git status -z -uall [49ms]
2025-02-22 23:40:15.284 [info] > git config --get commit.template [13ms]
2025-02-22 23:40:15.285 [info] > git for-each-ref --format=%(refname)%00%(upstream:short)%00%(objectname)%00%(upstream:track)%00%(upstream:remotename)%00%(upstream:remoteref) refs/heads/main refs/remotes/main [2ms]
2025-02-22 23:40:15.298 [info] > git for-each-ref --sort -committerdate --format %(refname) %(objectname) %(*objectname) [2ms]
2025-02-22 23:40:15.342 [info] > git status -z -uall [51ms]
2025-02-22 23:40:20.441 [info] > git config --get commit.template [6ms]
2025-02-22 23:40:20.442 [info] > git for-each-ref --format=%(refname)%00%(upstream:short)%00%(objectname)%00%(upstream:track)%00%(upstream:remotename)%00%(upstream:remoteref) refs/heads/main refs/remotes/main [2ms]
2025-02-22 23:40:20.454 [info] > git for-each-ref --sort -committerdate --format %(refname) %(objectname) %(*objectname) [2ms]
2025-02-22 23:40:20.523 [info] > git status -z -uall [75ms]
2025-02-22 23:41:02.446 [info] > git config --get commit.template [6ms]
2025-02-22 23:41:02.446 [info] > git for-each-ref --format=%(refname)%00%(upstream:short)%00%(objectname)%00%(upstream:track)%00%(upstream:remotename)%00%(upstream:remoteref) refs/heads/main refs/remotes/main [1ms]
2025-02-22 23:41:02.463 [info] > git for-each-ref --sort -committerdate --format %(refname) %(objectname) %(*objectname) [2ms]
2025-02-22 23:41:02.543 [info] > git status -z -uall [89ms]
